<?xml version="1.0" encoding="UTF-8"?>
<!-- Generated by org.testng.reporters.JUnitXMLReporter -->
<testsuite ignored="37" hostname="Ashwini-BodavulaB598-MacBook-Air.local" failures="1" tests="1" name="Command line test" time="78.759" errors="0" timestamp="2022-08-09T16:39:51 IST">
  <testcase classname="sanity.SelectAllAccessWrkspaceTest" name="test01_SelectAllAccessInPune" time="77.015">
    <failure type="org.openqa.selenium.TimeoutException" message="Expected condition failed: waiting for visibility of Proxy element for: DefaultElementLocator &amp;apos;By.xpath: //div[contains(text(),&amp;apos;Login&amp;apos;)]&amp;apos; (tried for 30 second(s) with 500 milliseconds interval)">
      <![CDATA[org.openqa.selenium.TimeoutException: Expected condition failed: waiting for visibility of Proxy element for: DefaultElementLocator 'By.xpath: //div[contains(text(),'Login')]' (tried for 30 second(s) with 500 milliseconds interval)
at org.openqa.selenium.support.ui.WebDriverWait.timeoutException(WebDriverWait.java:95)
at org.openqa.selenium.support.ui.FluentWait.until(FluentWait.java:272)
at extensions.Verifications.elementIsVisible(Verifications.java:72)
at workflows.WebFlows.loginToApplication(WebFlows.java:46)
at sanity.SelectAllAccessWrkspaceTest.test01_SelectAllAccessInPune(SelectAllAccessWrkspaceTest.java:24)
at java.base/java.util.ArrayList.forEach(ArrayList.java:1511)
Caused by: org.openqa.selenium.NoSuchElementException: no such element: Unable to locate element: {"method":"xpath","selector":"//div[contains(text(),'Login')]"}
  (Session info: headless chrome=104.0.5112.79)
For documentation on this error, please visit: https://www.seleniumhq.org/exceptions/no_such_element.html
Build info: version: '3.141.59', revision: 'e82be7d358', time: '2018-11-14T08:17:03'
System info: host: 'Ashwini-BodavulaB598-MacBook-Air.local', ip: '192.168.29.9', os.name: 'Mac OS X', os.arch: 'aarch64', os.version: '12.4', java.version: '18.0.2'
Driver info: org.openqa.selenium.chrome.ChromeDriver
Capabilities {acceptInsecureCerts: false, browserName: chrome, browserVersion: 104.0.5112.79, chrome: {chromedriverVersion: 104.0.5112.79 (3cf3e8c8a07d..., userDataDir: /var/folders/01/0ll7z60n7lb...}, goog:chromeOptions: {debuggerAddress: localhost:50862}, javascriptEnabled: true, networkConnectionEnabled: false, pageLoadStrategy: normal, platform: MAC, platformName: MAC, proxy: Proxy(), setWindowRect: true, strictFileInteractability: false, timeouts: {implicit: 0, pageLoad: 300000, script: 30000}, unhandledPromptBehavior: dismiss and notify, webauthn:extension:credBlob: true, webauthn:extension:largeBlob: true, webauthn:virtualAuthenticators: true}
Session ID: 65f0b177fc2ff8106c90c9d26bed8d88
*** Element info: {Using=xpath, value=//div[contains(text(),'Login')]}
at org.openqa.selenium.remote.http.W3CHttpResponseCodec.createException(W3CHttpResponseCodec.java:187)
at org.openqa.selenium.remote.http.W3CHttpResponseCodec.decode(W3CHttpResponseCodec.java:122)
at org.openqa.selenium.remote.http.W3CHttpResponseCodec.decode(W3CHttpResponseCodec.java:49)
at org.openqa.selenium.remote.HttpCommandExecutor.execute(HttpCommandExecutor.java:158)
at org.openqa.selenium.remote.service.DriverCommandExecutor.execute(DriverCommandExecutor.java:83)
at org.openqa.selenium.remote.RemoteWebDriver.execute(RemoteWebDriver.java:552)
at org.openqa.selenium.remote.RemoteWebDriver.findElement(RemoteWebDriver.java:323)
at org.openqa.selenium.remote.RemoteWebDriver.findElementByXPath(RemoteWebDriver.java:428)
at org.openqa.selenium.By$ByXPath.findElement(By.java:353)
at org.openqa.selenium.remote.RemoteWebDriver.findElement(RemoteWebDriver.java:315)
at org.openqa.selenium.support.pagefactory.DefaultElementLocator.findElement(DefaultElementLocator.java:69)
at org.openqa.selenium.support.pagefactory.internal.LocatingElementHandler.invoke(LocatingElementHandler.java:38)
at jdk.proxy2/jdk.proxy2.$Proxy23.isDisplayed(Unknown Source)
at org.openqa.selenium.support.ui.ExpectedConditions.elementIfVisible(ExpectedConditions.java:314)
at org.openqa.selenium.support.ui.ExpectedConditions.access$000(ExpectedConditions.java:43)
at org.openqa.selenium.support.ui.ExpectedConditions$10.apply(ExpectedConditions.java:300)
at org.openqa.selenium.support.ui.ExpectedConditions$10.apply(ExpectedConditions.java:297)
at org.openqa.selenium.support.ui.FluentWait.until(FluentWait.java:249)
... 37 more
... Removed 36 stack frames]]>
    </failure>
  </testcase> <!-- test01_SelectAllAccessInPune -->
  <testcase classname="sanity.WebAppTest" name="test04_verifyTermsAndConditions" time="0.0">
    <ignored/>
  </testcase> <!-- test04_verifyTermsAndConditions -->
  <testcase classname="sanity.WebODTest" name="test01_OD_daypass" time="0.0">
    <ignored/>
  </testcase> <!-- test01_OD_daypass -->
  <testcase classname="sanity.WebAppTest" name="test02_verifyLoginandLogout" time="0.0">
    <ignored/>
  </testcase> <!-- test02_verifyLoginandLogout -->
  <testcase classname="sanity.SelectDayPassTest" name="test07_SelectDayPassAndConferenceRoomForTeam" time="0.0">
    <ignored/>
  </testcase> <!-- test07_SelectDayPassAndConferenceRoomForTeam -->
  <testcase classname="sanity.SelectEnterpriseSolutionsTest" name="test01_SelectEnterpriseDayPassInPune" time="0.0">
    <ignored/>
  </testcase> <!-- test01_SelectEnterpriseDayPassInPune -->
  <testcase classname="sanity.SelectDayPassTest" name="test10_SelectDayPasswithBundlesfromWrkspaces" time="0.0">
    <ignored/>
  </testcase> <!-- test10_SelectDayPasswithBundlesfromWrkspaces -->
  <testcase classname="sanity.SelectSubscriptionsTest" name="test01_SelectSubscriptionsForDelhi" time="0.0">
    <ignored/>
  </testcase> <!-- test01_SelectSubscriptionsForDelhi -->
  <testcase classname="sanity.WeWorkWebAppTest" name="test02_SelectMultipleOptionsInOD" time="0.0">
    <ignored/>
  </testcase> <!-- test02_SelectMultipleOptionsInOD -->
  <testcase classname="sanity.SelectDayPassTest" name="test06_SelectDayPassForTeamMember" time="0.0">
    <ignored/>
  </testcase> <!-- test06_SelectDayPassForTeamMember -->
  <testcase classname="sanity.WebAppTest" name="test01_verifyWebsite" time="0.0">
    <ignored/>
  </testcase> <!-- test01_verifyWebsite -->
  <testcase classname="sanity.SelectHotDeskTest" name="test01_SelectHotdeskInPune" time="0.0">
    <ignored/>
  </testcase> <!-- test01_SelectHotdeskInPune -->
  <testcase classname="sanity.SelectDayPassTest" name="test01_SelectDayPassInPune" time="0.0">
    <ignored/>
  </testcase> <!-- test01_SelectDayPassInPune -->
  <testcase classname="sanity.WebODMyAccountTest" name="test03_Team" time="0.0">
    <ignored/>
  </testcase> <!-- test03_Team -->
  <testcase classname="sanity.WebAppTest" name="test03_verifyEmailAndPassword" time="0.0">
    <ignored/>
  </testcase> <!-- test03_verifyEmailAndPassword -->
  <testcase classname="sanity.WebODMyAccountTest" name="test05_NavRefer" time="0.0">
    <ignored/>
  </testcase> <!-- test05_NavRefer -->
  <testcase classname="sanity.SelectEnterpriseSolutionsTest" name="test02_SelectEnterprisePrivateOfficeInPune" time="0.0">
    <ignored/>
  </testcase> <!-- test02_SelectEnterprisePrivateOfficeInPune -->
  <testcase classname="sanity.WebODMyAccountTest" name="test02_Account_details" time="0.0">
    <ignored/>
  </testcase> <!-- test02_Account_details -->
  <testcase classname="sanity.WebAppTest" name="test05_SelectWhyWework" time="0.0">
    <ignored/>
  </testcase> <!-- test05_SelectWhyWework -->
  <testcase classname="sanity.SelectEnterpriseSolutionsTest" name="test03_SelectEnterpriseAllAccessForTeamInPune" time="0.0">
    <ignored/>
  </testcase> <!-- test03_SelectEnterpriseAllAccessForTeamInPune -->
  <testcase classname="sanity.SelectEnterpriseSolutionsTest" name="test04_SelectEnterpriseManagedOfficeInPune" time="0.0">
    <ignored/>
  </testcase> <!-- test04_SelectEnterpriseManagedOfficeInPune -->
  <testcase classname="sanity.WebAppTest" name="test04_verifyForgotPasswordLink" time="0.0">
    <ignored/>
  </testcase> <!-- test04_verifyForgotPasswordLink -->
  <testcase classname="sanity.SelectEventsAndWorkspacesTest" name="test01_SelectEventsAndWorkspaces" time="0.0">
    <ignored/>
  </testcase> <!-- test01_SelectEventsAndWorkspaces -->
  <testcase classname="sanity.WebAppTest" name="test05_verifySignUpTextFields" time="0.0">
    <ignored/>
  </testcase> <!-- test05_verifySignUpTextFields -->
  <testcase classname="sanity.WebODMyAccountTest" name="test06_NavRefer" time="0.0">
    <ignored/>
  </testcase> <!-- test06_NavRefer -->
  <testcase classname="sanity.SelectVirtualOfficeTest" name="test01_VerifySelectVirtualOfficeInPune" time="0.0">
    <ignored/>
  </testcase> <!-- test01_VerifySelectVirtualOfficeInPune -->
  <testcase classname="sanity.SelectConferenceRoomTest" name="test01_SelectConferenceRoomInPune" time="0.0">
    <ignored/>
  </testcase> <!-- test01_SelectConferenceRoomInPune -->
  <testcase classname="sanity.SelectDayPassTest" name="test08_SelectDayPasswithBundlesforPune" time="0.0">
    <ignored/>
  </testcase> <!-- test08_SelectDayPasswithBundlesforPune -->
  <testcase classname="sanity.WebODMyAccountTest" name="test04_Refer" time="0.0">
    <ignored/>
  </testcase> <!-- test04_Refer -->
  <testcase classname="sanity.WebODMyAccountTest" name="test08_Booking_filter" time="0.0">
    <ignored/>
  </testcase> <!-- test08_Booking_filter -->
  <testcase classname="sanity.SelectPrivateOfficeTest" name="test01_SelectPrivateOfficeInPune" time="0.0">
    <ignored/>
  </testcase> <!-- test01_SelectPrivateOfficeInPune -->
  <testcase classname="sanity.WeWorkWebAppTest" name="test01_selectMultipleOptionsInSubscriptions" time="0.0">
    <ignored/>
  </testcase> <!-- test01_selectMultipleOptionsInSubscriptions -->
  <testcase classname="sanity.SelectDayPassTest" name="test09_SelectDayPasswithBundlesfromDashboard" time="0.0">
    <ignored/>
  </testcase> <!-- test09_SelectDayPasswithBundlesfromDashboard -->
  <testcase classname="sanity.WebODMyAccountTest" name="test07_Booking" time="0.0">
    <ignored/>
  </testcase> <!-- test07_Booking -->
  <testcase classname="sanity.WebAppTest" name="test06_VerifyContactUsFeature" time="0.0">
    <ignored/>
  </testcase> <!-- test06_VerifyContactUsFeature -->
  <testcase classname="sanity.SelectEnterpriseSolutionsTest" name="test05_SelectEnterpriseCustomBuiltSpacesInPune" time="0.0">
    <ignored/>
  </testcase> <!-- test05_SelectEnterpriseCustomBuiltSpacesInPune -->
  <testcase classname="sanity.WebODBundlesTest" name="test02_OD_Bundles" time="0.0">
    <ignored/>
  </testcase> <!-- test02_OD_Bundles -->
  <testcase classname="sanity.WebODMyAccountTest" name="test01_Changeprofile" time="0.0">
    <ignored/>
  </testcase> <!-- test01_Changeprofile -->
</testsuite> <!-- Command line test -->
