<!DOCTYPE html PUBLIC "-//W3C//DTD XHTML 1.1//EN" "https://www.w3.org/TR/xhtml11/DTD/xhtml11.dtd">
<html xmlns="https://www.w3.org/1999/xhtml">
<head>
<meta http-equiv="content-type" content="text/html; charset=UTF-8"/>
<title>TestNG Report</title>
<style type="text/css">table {margin-bottom:10px;border-collapse:collapse;empty-cells:show}th,td {border:1px solid #009;padding:.25em .5em}th {vertical-align:bottom}td {vertical-align:top}table a {font-weight:bold}.stripe td {background-color: #E6EBF9}.num {text-align:right}.passedodd td {background-color: #3F3}.passedeven td {background-color: #0A0}.skippedodd td {background-color: #DDD}.skippedeven td {background-color: #CCC}.failedodd td,.attn {background-color: #F33}.failedeven td,.stripe .attn {background-color: #D00}.stacktrace {white-space:pre;font-family:monospace}.totop {font-size:85%;text-align:center;border-bottom:2px solid #000}.invisible {display:none}</style>
</head>
<body>
<table>
<tr><th>Test</th><th># Passed</th><th># Skipped</th><th># Retried</th><th># Failed</th><th>Time (ms)</th><th>Included Groups</th><th>Excluded Groups</th></tr>
<tr><th colspan="8">Command line suite</th></tr>
<tr><td><a href="#t0">Command line test</a></td><td class="num">0</td><td class="num attn">55</td><td class="num">0</td><td class="num attn">1</td><td class="num">5,492</td><td></td><td></td></tr>
</table>
<table id='summary'><thead><tr><th>Class</th><th>Method</th><th>Start</th><th>Time (ms)</th></tr></thead><tbody><tr><th colspan="4">Command line suite</th></tr></tbody><tbody id="t0"><tr><th colspan="4">Command line test &#8212; failed (configuration methods)</th></tr><tr class="failedeven"><td rowspan="3">sanity.ODAdminDashboardTest</td><td><a href="#m0">afterMethod</a></td><td rowspan="1">1661771445778</td><td rowspan="1">0</td></tr><tr class="failedeven"><td><a href="#m1">closeSession</a></td><td rowspan="1">1661771445780</td><td rowspan="1">0</td></tr><tr class="failedeven"><td><a href="#m2">startSession</a></td><td rowspan="1">1661771445776</td><td rowspan="1">-1661771445776</td></tr><tr class="failedodd"><td rowspan="13">sanity.ODEMyAccountTest</td><td><a href="#m3">afterMethod</a></td><td rowspan="6">1661771445766</td><td rowspan="6">1</td></tr><tr class="failedodd"><td><a href="#m4">afterMethod</a></td></tr><tr class="failedodd"><td><a href="#m5">afterMethod</a></td></tr><tr class="failedodd"><td><a href="#m6">afterMethod</a></td></tr><tr class="failedodd"><td><a href="#m7">afterMethod</a></td></tr><tr class="failedodd"><td><a href="#m8">afterMethod</a></td></tr><tr class="failedodd"><td><a href="#m9">closeSession</a></td><td rowspan="1">1661771445774</td><td rowspan="1">0</td></tr><tr class="failedodd"><td><a href="#m10">startSession</a></td><td rowspan="6">1661771445756</td><td rowspan="6">-1661771445756</td></tr><tr class="failedodd"><td><a href="#m11">startSession</a></td></tr><tr class="failedodd"><td><a href="#m12">startSession</a></td></tr><tr class="failedodd"><td><a href="#m13">startSession</a></td></tr><tr class="failedodd"><td><a href="#m14">startSession</a></td></tr><tr class="failedodd"><td><a href="#m15">startSession</a></td></tr><tr class="failedeven"><td rowspan="3">sanity.ODEbuldaypassTest</td><td><a href="#m16">afterMethod</a></td><td rowspan="1">1661771445732</td><td rowspan="1">1</td></tr><tr class="failedeven"><td><a href="#m17">closeSession</a></td><td rowspan="1">1661771445735</td><td rowspan="1">0</td></tr><tr class="failedeven"><td><a href="#m18">startSession</a></td><td rowspan="1">1661771445728</td><td rowspan="1">-1661771445728</td></tr><tr class="failedodd"><td rowspan="23">sanity.ODEbuttonTest</td><td><a href="#m19">afterMethod</a></td><td rowspan="11">1661771445842</td><td rowspan="11">0</td></tr><tr class="failedodd"><td><a href="#m20">afterMethod</a></td></tr><tr class="failedodd"><td><a href="#m21">afterMethod</a></td></tr><tr class="failedodd"><td><a href="#m22">afterMethod</a></td></tr><tr class="failedodd"><td><a href="#m23">afterMethod</a></td></tr><tr class="failedodd"><td><a href="#m24">afterMethod</a></td></tr><tr class="failedodd"><td><a href="#m25">afterMethod</a></td></tr><tr class="failedodd"><td><a href="#m26">afterMethod</a></td></tr><tr class="failedodd"><td><a href="#m27">afterMethod</a></td></tr><tr class="failedodd"><td><a href="#m28">afterMethod</a></td></tr><tr class="failedodd"><td><a href="#m29">afterMethod</a></td></tr><tr class="failedodd"><td><a href="#m30">closeSession</a></td><td rowspan="1">1661771445847</td><td rowspan="1">0</td></tr><tr class="failedodd"><td><a href="#m31">startSession</a></td><td rowspan="11">1661771445794</td><td rowspan="11">-1661771445794</td></tr><tr class="failedodd"><td><a href="#m32">startSession</a></td></tr><tr class="failedodd"><td><a href="#m33">startSession</a></td></tr><tr class="failedodd"><td><a href="#m34">startSession</a></td></tr><tr class="failedodd"><td><a href="#m35">startSession</a></td></tr><tr class="failedodd"><td><a href="#m36">startSession</a></td></tr><tr class="failedodd"><td><a href="#m37">startSession</a></td></tr><tr class="failedodd"><td><a href="#m38">startSession</a></td></tr><tr class="failedodd"><td><a href="#m39">startSession</a></td></tr><tr class="failedodd"><td><a href="#m40">startSession</a></td></tr><tr class="failedodd"><td><a href="#m41">startSession</a></td></tr><tr class="failedeven"><td rowspan="25">sanity.ODEdaypassTest</td><td><a href="#m42">afterMethod</a></td><td rowspan="12">1661771445949</td><td rowspan="12">0</td></tr><tr class="failedeven"><td><a href="#m43">afterMethod</a></td></tr><tr class="failedeven"><td><a href="#m44">afterMethod</a></td></tr><tr class="failedeven"><td><a href="#m45">afterMethod</a></td></tr><tr class="failedeven"><td><a href="#m46">afterMethod</a></td></tr><tr class="failedeven"><td><a href="#m47">afterMethod</a></td></tr><tr class="failedeven"><td><a href="#m48">afterMethod</a></td></tr><tr class="failedeven"><td><a href="#m49">afterMethod</a></td></tr><tr class="failedeven"><td><a href="#m50">afterMethod</a></td></tr><tr class="failedeven"><td><a href="#m51">afterMethod</a></td></tr><tr class="failedeven"><td><a href="#m52">afterMethod</a></td></tr><tr class="failedeven"><td><a href="#m53">afterMethod</a></td></tr><tr class="failedeven"><td><a href="#m54">closeSession</a></td><td rowspan="1">1661771445960</td><td rowspan="1">0</td></tr><tr class="failedeven"><td><a href="#m55">startSession</a></td><td rowspan="12">1661771445904</td><td rowspan="12">-1661771445904</td></tr><tr class="failedeven"><td><a href="#m56">startSession</a></td></tr><tr class="failedeven"><td><a href="#m57">startSession</a></td></tr><tr class="failedeven"><td><a href="#m58">startSession</a></td></tr><tr class="failedeven"><td><a href="#m59">startSession</a></td></tr><tr class="failedeven"><td><a href="#m60">startSession</a></td></tr><tr class="failedeven"><td><a href="#m61">startSession</a></td></tr><tr class="failedeven"><td><a href="#m62">startSession</a></td></tr><tr class="failedeven"><td><a href="#m63">startSession</a></td></tr><tr class="failedeven"><td><a href="#m64">startSession</a></td></tr><tr class="failedeven"><td><a href="#m65">startSession</a></td></tr><tr class="failedeven"><td><a href="#m66">startSession</a></td></tr><tr class="failedodd"><td rowspan="3">sanity.SelectAllAccessWrkspaceTest</td><td><a href="#m67">afterMethod</a></td><td rowspan="1">1661771445889</td><td rowspan="1">0</td></tr><tr class="failedodd"><td><a href="#m68">closeSession</a></td><td rowspan="1">1661771445891</td><td rowspan="1">0</td></tr><tr class="failedodd"><td><a href="#m69">startSession</a></td><td rowspan="1">1661771445885</td><td rowspan="1">-1661771445885</td></tr><tr class="failedeven"><td rowspan="3">sanity.SelectConferenceRoomTest</td><td><a href="#m70">afterMethod</a></td><td rowspan="1">1661771445636</td><td rowspan="1">0</td></tr><tr class="failedeven"><td><a href="#m71">closeSession</a></td><td rowspan="1">1661771445639</td><td rowspan="1">0</td></tr><tr class="failedeven"><td><a href="#m72">startSession</a></td><td rowspan="1">1661771445633</td><td rowspan="1">-1661771445633</td></tr><tr class="failedodd"><td rowspan="3">sanity.SelectDayPassTest</td><td><a href="#m73">afterMethod</a></td><td rowspan="1">1661771445873</td><td rowspan="1">0</td></tr><tr class="failedodd"><td><a href="#m74">closeSession</a></td><td rowspan="1">1661771445875</td><td rowspan="1">1</td></tr><tr class="failedodd"><td><a href="#m75">startSession</a></td><td rowspan="1">1661771445869</td><td rowspan="1">-1661771445869</td></tr><tr class="failedeven"><td rowspan="3">sanity.SelectEnterpriseSolutionsTest</td><td><a href="#m76">afterMethod</a></td><td rowspan="1">1661771445881</td><td rowspan="1">0</td></tr><tr class="failedeven"><td><a href="#m77">closeSession</a></td><td rowspan="1">1661771445883</td><td rowspan="1">0</td></tr><tr class="failedeven"><td><a href="#m78">startSession</a></td><td rowspan="1">1661771445878</td><td rowspan="1">-1661771445878</td></tr><tr class="failedodd"><td rowspan="3">sanity.SelectEventsAndWorkspacesTest</td><td><a href="#m79">afterMethod</a></td><td rowspan="1">1661771445698</td><td rowspan="1">0</td></tr><tr class="failedodd"><td><a href="#m80">closeSession</a></td><td rowspan="1">1661771445701</td><td rowspan="1">0</td></tr><tr class="failedodd"><td><a href="#m81">startSession</a></td><td rowspan="1">1661771445694</td><td rowspan="1">-1661771445694</td></tr><tr class="failedeven"><td rowspan="3">sanity.SelectHotDeskTest</td><td><a href="#m82">afterMethod</a></td><td rowspan="1">1661771445862</td><td rowspan="1">1</td></tr><tr class="failedeven"><td><a href="#m83">closeSession</a></td><td rowspan="1">1661771445866</td><td rowspan="1">0</td></tr><tr class="failedeven"><td><a href="#m84">startSession</a></td><td rowspan="1">1661771445859</td><td rowspan="1">-1661771445859</td></tr><tr class="failedodd"><td rowspan="3">sanity.SelectPrivateOfficeTest</td><td><a href="#m85">afterMethod</a></td><td rowspan="1">1661771445855</td><td rowspan="1">0</td></tr><tr class="failedodd"><td><a href="#m86">closeSession</a></td><td rowspan="1">1661771445857</td><td rowspan="1">0</td></tr><tr class="failedodd"><td><a href="#m87">startSession</a></td><td rowspan="1">1661771445849</td><td rowspan="1">-1661771445849</td></tr><tr class="failedeven"><td rowspan="9">sanity.SelectSubscriptionsTest</td><td><a href="#m88">afterMethod</a></td><td rowspan="4">1661771445617</td><td rowspan="4">0</td></tr><tr class="failedeven"><td><a href="#m89">afterMethod</a></td></tr><tr class="failedeven"><td><a href="#m90">afterMethod</a></td></tr><tr class="failedeven"><td><a href="#m91">afterMethod</a></td></tr><tr class="failedeven"><td><a href="#m92">closeSession</a></td><td rowspan="1">1661771445628</td><td rowspan="1">0</td></tr><tr class="failedeven"><td><a href="#m93">startSession</a></td><td rowspan="4">1661771445620</td><td rowspan="4">-1661771445620</td></tr><tr class="failedeven"><td><a href="#m94">startSession</a></td></tr><tr class="failedeven"><td><a href="#m95">startSession</a></td></tr><tr class="failedeven"><td><a href="#m96">startSession</a></td></tr><tr class="failedodd"><td rowspan="3">sanity.SelectVirtualOfficeTest</td><td><a href="#m97">afterMethod</a></td><td rowspan="1">1661771445705</td><td rowspan="1">0</td></tr><tr class="failedodd"><td><a href="#m98">closeSession</a></td><td rowspan="1">1661771445708</td><td rowspan="1">0</td></tr><tr class="failedodd"><td><a href="#m99">startSession</a></td><td rowspan="1">1661771445703</td><td rowspan="1">-1661771445703</td></tr><tr class="failedeven"><td rowspan="3">sanity.WeWorkWebAppTest</td><td><a href="#m100">afterMethod</a></td><td rowspan="1">1661771445724</td><td rowspan="1">0</td></tr><tr class="failedeven"><td><a href="#m101">closeSession</a></td><td rowspan="1">1661771445726</td><td rowspan="1">0</td></tr><tr class="failedeven"><td><a href="#m102">startSession</a></td><td rowspan="1">1661771445721</td><td rowspan="1">-1661771445721</td></tr><tr class="failedodd"><td rowspan="3">sanity.WebAppTest</td><td><a href="#m103">afterMethod</a></td><td rowspan="1">1661771445714</td><td rowspan="1">0</td></tr><tr class="failedodd"><td><a href="#m104">closeSession</a></td><td rowspan="1">1661771445719</td><td rowspan="1">0</td></tr><tr class="failedodd"><td><a href="#m105">startSession</a></td><td rowspan="1">1661771445711</td><td rowspan="1">-1661771445711</td></tr><tr class="failedeven"><td rowspan="3">sanity.WebODBundlesTest</td><td><a href="#m106">afterMethod</a></td><td rowspan="1">1661771445894</td><td rowspan="1">0</td></tr><tr class="failedeven"><td><a href="#m107">closeSession</a></td><td rowspan="1">1661771445896</td><td rowspan="1">0</td></tr><tr class="failedeven"><td><a href="#m108">startSession</a></td><td rowspan="1">1661771445892</td><td rowspan="1">-1661771445892</td></tr><tr class="failedodd"><td rowspan="17">sanity.WebODMyAccountTest</td><td><a href="#m109">afterMethod</a></td><td rowspan="8">1661771445677</td><td rowspan="8">0</td></tr><tr class="failedodd"><td><a href="#m110">afterMethod</a></td></tr><tr class="failedodd"><td><a href="#m111">afterMethod</a></td></tr><tr class="failedodd"><td><a href="#m112">afterMethod</a></td></tr><tr class="failedodd"><td><a href="#m113">afterMethod</a></td></tr><tr class="failedodd"><td><a href="#m114">afterMethod</a></td></tr><tr class="failedodd"><td><a href="#m115">afterMethod</a></td></tr><tr class="failedodd"><td><a href="#m116">afterMethod</a></td></tr><tr class="failedodd"><td><a href="#m117">closeSession</a></td><td rowspan="1">1661771445693</td><td rowspan="1">0</td></tr><tr class="failedodd"><td><a href="#m118">startSession</a></td><td rowspan="8">1661771445649</td><td rowspan="8">-1661771445649</td></tr><tr class="failedodd"><td><a href="#m119">startSession</a></td></tr><tr class="failedodd"><td><a href="#m120">startSession</a></td></tr><tr class="failedodd"><td><a href="#m121">startSession</a></td></tr><tr class="failedodd"><td><a href="#m122">startSession</a></td></tr><tr class="failedodd"><td><a href="#m123">startSession</a></td></tr><tr class="failedodd"><td><a href="#m124">startSession</a></td></tr><tr class="failedodd"><td><a href="#m125">startSession</a></td></tr><tr class="failedeven"><td rowspan="3">sanity.WebODTest</td><td><a href="#m126">afterMethod</a></td><td rowspan="1">1661771445900</td><td rowspan="1">0</td></tr><tr class="failedeven"><td><a href="#m127">closeSession</a></td><td rowspan="1">1661771445902</td><td rowspan="1">0</td></tr><tr class="failedeven"><td><a href="#m128">startSession</a></td><td rowspan="1">1661771445898</td><td rowspan="1">-1661771445898</td></tr><tr><th colspan="4">Command line test &#8212; failed</th></tr><tr class="failedeven"><td rowspan="1">sanity.ODEbuttonTest</td><td><a href="#m129">Test01_ODE_daypassCancel</a></td><td rowspan="1">1661771445782</td><td rowspan="1">0</td></tr><tr><th colspan="4">Command line test &#8212; skipped</th></tr><tr class="skippedeven"><td rowspan="1">sanity.ODAdminDashboardTest</td><td><a href="#m130">test01_EditAdminUser</a></td><td rowspan="1">1661771445777</td><td rowspan="1">0</td></tr><tr class="skippedodd"><td rowspan="6">sanity.ODEMyAccountTest</td><td><a href="#m131">Test01_ODE_Enterprise</a></td><td rowspan="1">1661771445738</td><td rowspan="1">0</td></tr><tr class="skippedodd"><td><a href="#m132">Test02_ODE_profile</a></td><td rowspan="1">1661771445744</td><td rowspan="1">0</td></tr><tr class="skippedodd"><td><a href="#m133">Test03_ODE_support</a></td><td rowspan="1">1661771445753</td><td rowspan="1">0</td></tr><tr class="skippedodd"><td><a href="#m134">Test04_OD_AddEmployee</a></td><td rowspan="1">1661771445758</td><td rowspan="1">0</td></tr><tr class="skippedodd"><td><a href="#m135">Test05_ODE_searchEmployee</a></td><td rowspan="1">1661771445763</td><td rowspan="1">0</td></tr><tr class="skippedodd"><td><a href="#m136">Test06_ODE_edit</a></td><td rowspan="1">1661771445771</td><td rowspan="1">0</td></tr><tr class="skippedeven"><td rowspan="1">sanity.ODEbuldaypassTest</td><td><a href="#m137">Test01_OD_daypassbulpune</a></td><td rowspan="1">1661771445731</td><td rowspan="1">0</td></tr><tr class="skippedodd"><td rowspan="11">sanity.ODEbuttonTest</td><td><a href="#m138">Test02_OD_daypassBack</a></td><td rowspan="2">1661771445791</td><td rowspan="2">0</td></tr><tr class="skippedodd"><td><a href="#m139">Test02_OD_daypassBack</a></td></tr><tr class="skippedodd"><td><a href="#m140">Test03_OD_daypassDiscard</a></td><td rowspan="2">1661771445801</td><td rowspan="2">0</td></tr><tr class="skippedodd"><td><a href="#m141">Test03_OD_daypassDiscard</a></td></tr><tr class="skippedodd"><td><a href="#m142">Test04_OD_daypassOthers</a></td><td rowspan="1">1661771445807</td><td rowspan="1">0</td></tr><tr class="skippedodd"><td><a href="#m143">Test05_OD_daypassPrinting</a></td><td rowspan="3">1661771445813</td><td rowspan="3">0</td></tr><tr class="skippedodd"><td><a href="#m144">Test05_OD_daypassPrinting</a></td></tr><tr class="skippedodd"><td><a href="#m145">Test05_OD_daypassPrinting</a></td></tr><tr class="skippedodd"><td><a href="#m146">Test06_OD_daypassGurugram</a></td><td rowspan="1">1661771445829</td><td rowspan="1">0</td></tr><tr class="skippedodd"><td><a href="#m147">Test07_OD_daypass_multipltdates</a></td><td rowspan="2">1661771445841</td><td rowspan="2">0</td></tr><tr class="skippedodd"><td><a href="#m148">Test07_OD_daypass_multipltdates</a></td></tr><tr class="skippedeven"><td rowspan="12">sanity.ODEdaypassTest</td><td><a href="#m149">Test01_OD_daypasspune</a></td><td rowspan="1">1661771445905</td><td rowspan="1">0</td></tr><tr class="skippedeven"><td><a href="#m150">Test02_OD_daypassBangalore</a></td><td rowspan="2">1661771445915</td><td rowspan="2">0</td></tr><tr class="skippedeven"><td><a href="#m151">Test02_OD_daypassBangalore</a></td></tr><tr class="skippedeven"><td><a href="#m152">Test03_OD_daypassHyderabad</a></td><td rowspan="2">1661771445919</td><td rowspan="2">0</td></tr><tr class="skippedeven"><td><a href="#m153">Test03_OD_daypassHyderabad</a></td></tr><tr class="skippedeven"><td><a href="#m154">Test04_OD_daypassNoida</a></td><td rowspan="1">1661771445928</td><td rowspan="1">0</td></tr><tr class="skippedeven"><td><a href="#m155">Test05_OD_daypassMumbai</a></td><td rowspan="2">1661771445937</td><td rowspan="2">0</td></tr><tr class="skippedeven"><td><a href="#m156">Test05_OD_daypassMumbai</a></td></tr><tr class="skippedeven"><td><a href="#m157">Test06_OD_daypassGurugram</a></td><td rowspan="2">1661771445943</td><td rowspan="2">0</td></tr><tr class="skippedeven"><td><a href="#m158">Test06_OD_daypassGurugram</a></td></tr><tr class="skippedeven"><td><a href="#m159">Test07_OD_daypass_multipltdates</a></td><td rowspan="2">1661771445952</td><td rowspan="2">0</td></tr><tr class="skippedeven"><td><a href="#m160">Test07_OD_daypass_multipltdates</a></td></tr><tr class="skippedodd"><td rowspan="1">sanity.SelectAllAccessWrkspaceTest</td><td><a href="#m161">test01_SelectAllAccessInPune</a></td><td rowspan="1">1661771445887</td><td rowspan="1">0</td></tr><tr class="skippedeven"><td rowspan="1">sanity.SelectConferenceRoomTest</td><td><a href="#m162">test01_SelectConferenceRoomInPune</a></td><td rowspan="1">1661771445635</td><td rowspan="1">0</td></tr><tr class="skippedodd"><td rowspan="1">sanity.SelectDayPassTest</td><td><a href="#m163">test01_SelectDayPassInPune</a></td><td rowspan="1">1661771445872</td><td rowspan="1">0</td></tr><tr class="skippedeven"><td rowspan="1">sanity.SelectEnterpriseSolutionsTest</td><td><a href="#m164">test01_SelectEnterpriseDayPassInPune</a></td><td rowspan="1">1661771445879</td><td rowspan="1">0</td></tr><tr class="skippedodd"><td rowspan="1">sanity.SelectEventsAndWorkspacesTest</td><td><a href="#m165">test01_SelectEventsAndWorkspaces</a></td><td rowspan="1">1661771445696</td><td rowspan="1">0</td></tr><tr class="skippedeven"><td rowspan="1">sanity.SelectHotDeskTest</td><td><a href="#m166">test01_SelectHotdeskInPune</a></td><td rowspan="1">1661771445861</td><td rowspan="1">0</td></tr><tr class="skippedodd"><td rowspan="1">sanity.SelectPrivateOfficeTest</td><td><a href="#m167">test01_SelectPrivateOfficeInPune</a></td><td rowspan="1">1661771445851</td><td rowspan="1">0</td></tr><tr class="skippedeven"><td rowspan="4">sanity.SelectSubscriptionsTest</td><td><a href="#m168">test01_SelectSubscriptions</a></td><td rowspan="4">1661771445622</td><td rowspan="4">0</td></tr><tr class="skippedeven"><td><a href="#m169">test01_SelectSubscriptions</a></td></tr><tr class="skippedeven"><td><a href="#m170">test01_SelectSubscriptions</a></td></tr><tr class="skippedeven"><td><a href="#m171">test01_SelectSubscriptions</a></td></tr><tr class="skippedodd"><td rowspan="1">sanity.SelectVirtualOfficeTest</td><td><a href="#m172">test01_VerifySelectVirtualOfficeInPune</a></td><td rowspan="1">1661771445704</td><td rowspan="1">0</td></tr><tr class="skippedeven"><td rowspan="1">sanity.WeWorkWebAppTest</td><td><a href="#m173">test06_SelectCareersFromContactUsBtn</a></td><td rowspan="1">1661771445723</td><td rowspan="1">0</td></tr><tr class="skippedodd"><td rowspan="1">sanity.WebAppTest</td><td><a href="#m174">test08_VerifyContactUsFeature</a></td><td rowspan="1">1661771445712</td><td rowspan="1">0</td></tr><tr class="skippedeven"><td rowspan="1">sanity.WebODBundlesTest</td><td><a href="#m175">test02_OD_Bundles</a></td><td rowspan="1">1661771445893</td><td rowspan="1">0</td></tr><tr class="skippedodd"><td rowspan="8">sanity.WebODMyAccountTest</td><td><a href="#m176">test01_Changeprofile</a></td><td rowspan="1">1661771445643</td><td rowspan="1">0</td></tr><tr class="skippedodd"><td><a href="#m177">test02_Account_details</a></td><td rowspan="1">1661771445651</td><td rowspan="1">0</td></tr><tr class="skippedodd"><td><a href="#m178">test03_Team</a></td><td rowspan="1">1661771445657</td><td rowspan="1">0</td></tr><tr class="skippedodd"><td><a href="#m179">test04_Refer</a></td><td rowspan="1">1661771445663</td><td rowspan="1">0</td></tr><tr class="skippedodd"><td><a href="#m180">test05_NavRefer</a></td><td rowspan="1">1661771445670</td><td rowspan="1">0</td></tr><tr class="skippedodd"><td><a href="#m181">test06_NavRefer</a></td><td rowspan="1">1661771445676</td><td rowspan="1">0</td></tr><tr class="skippedodd"><td><a href="#m182">test07_Booking</a></td><td rowspan="1">1661771445682</td><td rowspan="1">0</td></tr><tr class="skippedodd"><td><a href="#m183">test08_Booking_filter</a></td><td rowspan="1">1661771445689</td><td rowspan="1">0</td></tr><tr class="skippedeven"><td rowspan="1">sanity.WebODTest</td><td><a href="#m184">test01_OD_daypass</a></td><td rowspan="1">1661771445899</td><td rowspan="1">0</td></tr></tbody>
</table>
<h2>Command line test</h2><h3 id="m0">sanity.ODAdminDashboardTest#afterMethod</h3><table class="result"><tr><th>Exception</th></tr><tr><td><div class="stacktrace">java.lang.NullPointerException: Cannot invoke &quot;org.openqa.selenium.WebDriver.quit()&quot; because &quot;utilities.CommonOps.driver&quot; is null
	at utilities.CommonOps.afterMethod(CommonOps.java:215)
	at java.base/java.util.ArrayList.forEach(ArrayList.java:1511)
... Removed 38 stack frames</div></td></tr></table><p class="totop"><a href="#summary">back to summary</a></p>
<h3 id="m1">sanity.ODAdminDashboardTest#closeSession</h3><table class="result"><tr><th>Exception</th></tr><tr><td><div class="stacktrace">java.lang.NullPointerException: Cannot invoke &quot;org.openqa.selenium.WebDriver.quit()&quot; because &quot;utilities.CommonOps.driver&quot; is null
	at utilities.CommonOps.closeSession(CommonOps.java:193)
	at java.base/java.util.ArrayList.forEach(ArrayList.java:1511)
... Removed 31 stack frames</div></td></tr></table><p class="totop"><a href="#summary">back to summary</a></p>
<h3 id="m2">sanity.ODAdminDashboardTest#startSession</h3><table class="result"><tr><th>Exception</th></tr><tr><td><div class="stacktrace">org.testng.TestNGException: 
Parameter &apos;platformName&apos; is required by BeforeMethod on method startSession but has not been marked @Optional or defined

	at java.base/java.util.ArrayList.forEach(ArrayList.java:1511)
... Removed 36 stack frames</div></td></tr></table><p class="totop"><a href="#summary">back to summary</a></p>
<h3 id="m3">sanity.ODEMyAccountTest#afterMethod</h3><table class="result"><tr><th>Exception</th></tr><tr><td><div class="stacktrace">java.lang.NullPointerException: Cannot invoke &quot;org.openqa.selenium.WebDriver.quit()&quot; because &quot;utilities.CommonOps.driver&quot; is null
	at utilities.CommonOps.afterMethod(CommonOps.java:215)
	at java.base/java.util.ArrayList.forEach(ArrayList.java:1511)
... Removed 38 stack frames</div></td></tr></table><p class="totop"><a href="#summary">back to summary</a></p>
<h3 id="m4">sanity.ODEMyAccountTest#afterMethod</h3><table class="result"><tr><th>Exception</th></tr><tr><td><div class="stacktrace">java.lang.NullPointerException: Cannot invoke &quot;org.openqa.selenium.WebDriver.quit()&quot; because &quot;utilities.CommonOps.driver&quot; is null
	at utilities.CommonOps.afterMethod(CommonOps.java:215)
	at java.base/java.util.ArrayList.forEach(ArrayList.java:1511)
... Removed 38 stack frames</div></td></tr></table><p class="totop"><a href="#summary">back to summary</a></p>
<h3 id="m5">sanity.ODEMyAccountTest#afterMethod</h3><table class="result"><tr><th>Exception</th></tr><tr><td><div class="stacktrace">java.lang.NullPointerException: Cannot invoke &quot;org.openqa.selenium.WebDriver.quit()&quot; because &quot;utilities.CommonOps.driver&quot; is null
	at utilities.CommonOps.afterMethod(CommonOps.java:215)
	at java.base/java.util.ArrayList.forEach(ArrayList.java:1511)
... Removed 38 stack frames</div></td></tr></table><p class="totop"><a href="#summary">back to summary</a></p>
<h3 id="m6">sanity.ODEMyAccountTest#afterMethod</h3><table class="result"><tr><th>Exception</th></tr><tr><td><div class="stacktrace">java.lang.NullPointerException: Cannot invoke &quot;org.openqa.selenium.WebDriver.quit()&quot; because &quot;utilities.CommonOps.driver&quot; is null
	at utilities.CommonOps.afterMethod(CommonOps.java:215)
	at java.base/java.util.ArrayList.forEach(ArrayList.java:1511)
... Removed 38 stack frames</div></td></tr></table><p class="totop"><a href="#summary">back to summary</a></p>
<h3 id="m7">sanity.ODEMyAccountTest#afterMethod</h3><table class="result"><tr><th>Exception</th></tr><tr><td><div class="stacktrace">java.lang.NullPointerException: Cannot invoke &quot;org.openqa.selenium.WebDriver.quit()&quot; because &quot;utilities.CommonOps.driver&quot; is null
	at utilities.CommonOps.afterMethod(CommonOps.java:215)
	at java.base/java.util.ArrayList.forEach(ArrayList.java:1511)
... Removed 38 stack frames</div></td></tr></table><p class="totop"><a href="#summary">back to summary</a></p>
<h3 id="m8">sanity.ODEMyAccountTest#afterMethod</h3><table class="result"><tr><th>Exception</th></tr><tr><td><div class="stacktrace">java.lang.NullPointerException: Cannot invoke &quot;org.openqa.selenium.WebDriver.quit()&quot; because &quot;utilities.CommonOps.driver&quot; is null
	at utilities.CommonOps.afterMethod(CommonOps.java:215)
	at java.base/java.util.ArrayList.forEach(ArrayList.java:1511)
... Removed 38 stack frames</div></td></tr></table><p class="totop"><a href="#summary">back to summary</a></p>
<h3 id="m9">sanity.ODEMyAccountTest#closeSession</h3><table class="result"><tr><th>Exception</th></tr><tr><td><div class="stacktrace">java.lang.NullPointerException: Cannot invoke &quot;org.openqa.selenium.WebDriver.quit()&quot; because &quot;utilities.CommonOps.driver&quot; is null
	at utilities.CommonOps.closeSession(CommonOps.java:193)
	at java.base/java.util.ArrayList.forEach(ArrayList.java:1511)
... Removed 31 stack frames</div></td></tr></table><p class="totop"><a href="#summary">back to summary</a></p>
<h3 id="m10">sanity.ODEMyAccountTest#startSession</h3><table class="result"><tr><th>Exception</th></tr><tr><td><div class="stacktrace">org.testng.TestNGException: 
Parameter &apos;platformName&apos; is required by BeforeMethod on method startSession but has not been marked @Optional or defined

	at java.base/java.util.ArrayList.forEach(ArrayList.java:1511)
... Removed 36 stack frames</div></td></tr></table><p class="totop"><a href="#summary">back to summary</a></p>
<h3 id="m11">sanity.ODEMyAccountTest#startSession</h3><table class="result"><tr><th>Exception</th></tr><tr><td><div class="stacktrace">org.testng.TestNGException: 
Parameter &apos;platformName&apos; is required by BeforeMethod on method startSession but has not been marked @Optional or defined

	at java.base/java.util.ArrayList.forEach(ArrayList.java:1511)
... Removed 36 stack frames</div></td></tr></table><p class="totop"><a href="#summary">back to summary</a></p>
<h3 id="m12">sanity.ODEMyAccountTest#startSession</h3><table class="result"><tr><th>Exception</th></tr><tr><td><div class="stacktrace">org.testng.TestNGException: 
Parameter &apos;platformName&apos; is required by BeforeMethod on method startSession but has not been marked @Optional or defined

	at java.base/java.util.ArrayList.forEach(ArrayList.java:1511)
... Removed 36 stack frames</div></td></tr></table><p class="totop"><a href="#summary">back to summary</a></p>
<h3 id="m13">sanity.ODEMyAccountTest#startSession</h3><table class="result"><tr><th>Exception</th></tr><tr><td><div class="stacktrace">org.testng.TestNGException: 
Parameter &apos;platformName&apos; is required by BeforeMethod on method startSession but has not been marked @Optional or defined

	at java.base/java.util.ArrayList.forEach(ArrayList.java:1511)
... Removed 36 stack frames</div></td></tr></table><p class="totop"><a href="#summary">back to summary</a></p>
<h3 id="m14">sanity.ODEMyAccountTest#startSession</h3><table class="result"><tr><th>Exception</th></tr><tr><td><div class="stacktrace">org.testng.TestNGException: 
Parameter &apos;platformName&apos; is required by BeforeMethod on method startSession but has not been marked @Optional or defined

	at java.base/java.util.ArrayList.forEach(ArrayList.java:1511)
... Removed 36 stack frames</div></td></tr></table><p class="totop"><a href="#summary">back to summary</a></p>
<h3 id="m15">sanity.ODEMyAccountTest#startSession</h3><table class="result"><tr><th>Exception</th></tr><tr><td><div class="stacktrace">org.testng.TestNGException: 
Parameter &apos;platformName&apos; is required by BeforeMethod on method startSession but has not been marked @Optional or defined

	at java.base/java.util.ArrayList.forEach(ArrayList.java:1511)
... Removed 36 stack frames</div></td></tr></table><p class="totop"><a href="#summary">back to summary</a></p>
<h3 id="m16">sanity.ODEbuldaypassTest#afterMethod</h3><table class="result"><tr><th>Exception</th></tr><tr><td><div class="stacktrace">java.lang.NullPointerException: Cannot invoke &quot;org.openqa.selenium.WebDriver.quit()&quot; because &quot;utilities.CommonOps.driver&quot; is null
	at utilities.CommonOps.afterMethod(CommonOps.java:215)
	at java.base/java.util.ArrayList.forEach(ArrayList.java:1511)
... Removed 38 stack frames</div></td></tr></table><p class="totop"><a href="#summary">back to summary</a></p>
<h3 id="m17">sanity.ODEbuldaypassTest#closeSession</h3><table class="result"><tr><th>Exception</th></tr><tr><td><div class="stacktrace">java.lang.NullPointerException: Cannot invoke &quot;org.openqa.selenium.WebDriver.quit()&quot; because &quot;utilities.CommonOps.driver&quot; is null
	at utilities.CommonOps.closeSession(CommonOps.java:193)
	at java.base/java.util.ArrayList.forEach(ArrayList.java:1511)
... Removed 31 stack frames</div></td></tr></table><p class="totop"><a href="#summary">back to summary</a></p>
<h3 id="m18">sanity.ODEbuldaypassTest#startSession</h3><table class="result"><tr><th>Exception</th></tr><tr><td><div class="stacktrace">org.testng.TestNGException: 
Parameter &apos;platformName&apos; is required by BeforeMethod on method startSession but has not been marked @Optional or defined

	at java.base/java.util.ArrayList.forEach(ArrayList.java:1511)
... Removed 36 stack frames</div></td></tr></table><p class="totop"><a href="#summary">back to summary</a></p>
<h3 id="m19">sanity.ODEbuttonTest#afterMethod</h3><table class="result"><tr><th>Exception</th></tr><tr><td><div class="stacktrace">java.lang.NullPointerException: Cannot invoke &quot;org.openqa.selenium.WebDriver.quit()&quot; because &quot;utilities.CommonOps.driver&quot; is null
	at utilities.CommonOps.afterMethod(CommonOps.java:215)
	at java.base/java.util.ArrayList.forEach(ArrayList.java:1511)
... Removed 38 stack frames</div></td></tr></table><p class="totop"><a href="#summary">back to summary</a></p>
<h3 id="m20">sanity.ODEbuttonTest#afterMethod</h3><table class="result"><tr><th>Exception</th></tr><tr><td><div class="stacktrace">java.lang.NullPointerException: Cannot invoke &quot;org.openqa.selenium.WebDriver.quit()&quot; because &quot;utilities.CommonOps.driver&quot; is null
	at utilities.CommonOps.afterMethod(CommonOps.java:215)
	at java.base/java.util.ArrayList.forEach(ArrayList.java:1511)
... Removed 38 stack frames</div></td></tr></table><p class="totop"><a href="#summary">back to summary</a></p>
<h3 id="m21">sanity.ODEbuttonTest#afterMethod</h3><table class="result"><tr><th>Exception</th></tr><tr><td><div class="stacktrace">java.lang.NullPointerException: Cannot invoke &quot;org.openqa.selenium.WebDriver.quit()&quot; because &quot;utilities.CommonOps.driver&quot; is null
	at utilities.CommonOps.afterMethod(CommonOps.java:215)
	at java.base/java.util.ArrayList.forEach(ArrayList.java:1511)
... Removed 38 stack frames</div></td></tr></table><p class="totop"><a href="#summary">back to summary</a></p>
<h3 id="m22">sanity.ODEbuttonTest#afterMethod</h3><table class="result"><tr><th>Exception</th></tr><tr><td><div class="stacktrace">java.lang.NullPointerException: Cannot invoke &quot;org.openqa.selenium.WebDriver.quit()&quot; because &quot;utilities.CommonOps.driver&quot; is null
	at utilities.CommonOps.afterMethod(CommonOps.java:215)
	at java.base/java.util.ArrayList.forEach(ArrayList.java:1511)
... Removed 38 stack frames</div></td></tr></table><p class="totop"><a href="#summary">back to summary</a></p>
<h3 id="m23">sanity.ODEbuttonTest#afterMethod</h3><table class="result"><tr><th>Exception</th></tr><tr><td><div class="stacktrace">java.lang.NullPointerException: Cannot invoke &quot;org.openqa.selenium.WebDriver.quit()&quot; because &quot;utilities.CommonOps.driver&quot; is null
	at utilities.CommonOps.afterMethod(CommonOps.java:215)
	at java.base/java.util.ArrayList.forEach(ArrayList.java:1511)
... Removed 38 stack frames</div></td></tr></table><p class="totop"><a href="#summary">back to summary</a></p>
<h3 id="m24">sanity.ODEbuttonTest#afterMethod</h3><table class="result"><tr><th>Exception</th></tr><tr><td><div class="stacktrace">java.lang.NullPointerException: Cannot invoke &quot;org.openqa.selenium.WebDriver.quit()&quot; because &quot;utilities.CommonOps.driver&quot; is null
	at utilities.CommonOps.afterMethod(CommonOps.java:215)
	at java.base/java.util.ArrayList.forEach(ArrayList.java:1511)
... Removed 38 stack frames</div></td></tr></table><p class="totop"><a href="#summary">back to summary</a></p>
<h3 id="m25">sanity.ODEbuttonTest#afterMethod</h3><table class="result"><tr><th>Exception</th></tr><tr><td><div class="stacktrace">java.lang.NullPointerException: Cannot invoke &quot;org.openqa.selenium.WebDriver.quit()&quot; because &quot;utilities.CommonOps.driver&quot; is null
	at utilities.CommonOps.afterMethod(CommonOps.java:215)
	at java.base/java.util.ArrayList.forEach(ArrayList.java:1511)
... Removed 38 stack frames</div></td></tr></table><p class="totop"><a href="#summary">back to summary</a></p>
<h3 id="m26">sanity.ODEbuttonTest#afterMethod</h3><table class="result"><tr><th>Exception</th></tr><tr><td><div class="stacktrace">java.lang.NullPointerException: Cannot invoke &quot;org.openqa.selenium.WebDriver.quit()&quot; because &quot;utilities.CommonOps.driver&quot; is null
	at utilities.CommonOps.afterMethod(CommonOps.java:215)
	at java.base/java.util.ArrayList.forEach(ArrayList.java:1511)
... Removed 38 stack frames</div></td></tr></table><p class="totop"><a href="#summary">back to summary</a></p>
<h3 id="m27">sanity.ODEbuttonTest#afterMethod</h3><table class="result"><tr><th>Exception</th></tr><tr><td><div class="stacktrace">java.lang.NullPointerException: Cannot invoke &quot;org.openqa.selenium.WebDriver.quit()&quot; because &quot;utilities.CommonOps.driver&quot; is null
	at utilities.CommonOps.afterMethod(CommonOps.java:215)
	at java.base/java.util.ArrayList.forEach(ArrayList.java:1511)
... Removed 38 stack frames</div></td></tr></table><p class="totop"><a href="#summary">back to summary</a></p>
<h3 id="m28">sanity.ODEbuttonTest#afterMethod</h3><table class="result"><tr><th>Exception</th></tr><tr><td><div class="stacktrace">java.lang.NullPointerException: Cannot invoke &quot;org.openqa.selenium.WebDriver.quit()&quot; because &quot;utilities.CommonOps.driver&quot; is null
	at utilities.CommonOps.afterMethod(CommonOps.java:215)
	at java.base/java.util.ArrayList.forEach(ArrayList.java:1511)
... Removed 38 stack frames</div></td></tr></table><p class="totop"><a href="#summary">back to summary</a></p>
<h3 id="m29">sanity.ODEbuttonTest#afterMethod</h3><table class="result"><tr><th>Exception</th></tr><tr><td><div class="stacktrace">java.lang.NullPointerException: Cannot invoke &quot;org.openqa.selenium.WebDriver.quit()&quot; because &quot;utilities.CommonOps.driver&quot; is null
	at utilities.CommonOps.afterMethod(CommonOps.java:215)
	at java.base/java.util.ArrayList.forEach(ArrayList.java:1511)
... Removed 38 stack frames</div></td></tr></table><p class="totop"><a href="#summary">back to summary</a></p>
<h3 id="m30">sanity.ODEbuttonTest#closeSession</h3><table class="result"><tr><th>Exception</th></tr><tr><td><div class="stacktrace">java.lang.NullPointerException: Cannot invoke &quot;org.openqa.selenium.WebDriver.quit()&quot; because &quot;utilities.CommonOps.driver&quot; is null
	at utilities.CommonOps.closeSession(CommonOps.java:193)
	at java.base/java.util.ArrayList.forEach(ArrayList.java:1511)
... Removed 31 stack frames</div></td></tr></table><p class="totop"><a href="#summary">back to summary</a></p>
<h3 id="m31">sanity.ODEbuttonTest#startSession</h3><table class="result"><tr><th>Exception</th></tr><tr><td><div class="stacktrace">org.testng.TestNGException: 
Parameter &apos;platformName&apos; is required by BeforeMethod on method startSession but has not been marked @Optional or defined

	at java.base/java.util.ArrayList.forEach(ArrayList.java:1511)
... Removed 36 stack frames</div></td></tr></table><p class="totop"><a href="#summary">back to summary</a></p>
<h3 id="m32">sanity.ODEbuttonTest#startSession</h3><table class="result"><tr><th>Exception</th></tr><tr><td><div class="stacktrace">org.testng.TestNGException: 
Parameter &apos;platformName&apos; is required by BeforeMethod on method startSession but has not been marked @Optional or defined

	at java.base/java.util.ArrayList.forEach(ArrayList.java:1511)
... Removed 36 stack frames</div></td></tr></table><p class="totop"><a href="#summary">back to summary</a></p>
<h3 id="m33">sanity.ODEbuttonTest#startSession</h3><table class="result"><tr><th>Exception</th></tr><tr><td><div class="stacktrace">org.testng.TestNGException: 
Parameter &apos;platformName&apos; is required by BeforeMethod on method startSession but has not been marked @Optional or defined

	at java.base/java.util.ArrayList.forEach(ArrayList.java:1511)
... Removed 36 stack frames</div></td></tr></table><p class="totop"><a href="#summary">back to summary</a></p>
<h3 id="m34">sanity.ODEbuttonTest#startSession</h3><table class="result"><tr><th>Exception</th></tr><tr><td><div class="stacktrace">org.testng.TestNGException: 
Parameter &apos;platformName&apos; is required by BeforeMethod on method startSession but has not been marked @Optional or defined

	at java.base/java.util.ArrayList.forEach(ArrayList.java:1511)
... Removed 36 stack frames</div></td></tr></table><p class="totop"><a href="#summary">back to summary</a></p>
<h3 id="m35">sanity.ODEbuttonTest#startSession</h3><table class="result"><tr><th>Exception</th></tr><tr><td><div class="stacktrace">org.testng.TestNGException: 
Parameter &apos;platformName&apos; is required by BeforeMethod on method startSession but has not been marked @Optional or defined

	at java.base/java.util.ArrayList.forEach(ArrayList.java:1511)
... Removed 36 stack frames</div></td></tr></table><p class="totop"><a href="#summary">back to summary</a></p>
<h3 id="m36">sanity.ODEbuttonTest#startSession</h3><table class="result"><tr><th>Exception</th></tr><tr><td><div class="stacktrace">org.testng.TestNGException: 
Parameter &apos;platformName&apos; is required by BeforeMethod on method startSession but has not been marked @Optional or defined

	at java.base/java.util.ArrayList.forEach(ArrayList.java:1511)
... Removed 36 stack frames</div></td></tr></table><p class="totop"><a href="#summary">back to summary</a></p>
<h3 id="m37">sanity.ODEbuttonTest#startSession</h3><table class="result"><tr><th>Exception</th></tr><tr><td><div class="stacktrace">org.testng.TestNGException: 
Parameter &apos;platformName&apos; is required by BeforeMethod on method startSession but has not been marked @Optional or defined

	at java.base/java.util.ArrayList.forEach(ArrayList.java:1511)
... Removed 36 stack frames</div></td></tr></table><p class="totop"><a href="#summary">back to summary</a></p>
<h3 id="m38">sanity.ODEbuttonTest#startSession</h3><table class="result"><tr><th>Exception</th></tr><tr><td><div class="stacktrace">org.testng.TestNGException: 
Parameter &apos;platformName&apos; is required by BeforeMethod on method startSession but has not been marked @Optional or defined

	at java.base/java.util.ArrayList.forEach(ArrayList.java:1511)
... Removed 36 stack frames</div></td></tr></table><p class="totop"><a href="#summary">back to summary</a></p>
<h3 id="m39">sanity.ODEbuttonTest#startSession</h3><table class="result"><tr><th>Exception</th></tr><tr><td><div class="stacktrace">org.testng.TestNGException: 
Parameter &apos;platformName&apos; is required by BeforeMethod on method startSession but has not been marked @Optional or defined

	at java.base/java.util.ArrayList.forEach(ArrayList.java:1511)
... Removed 36 stack frames</div></td></tr></table><p class="totop"><a href="#summary">back to summary</a></p>
<h3 id="m40">sanity.ODEbuttonTest#startSession</h3><table class="result"><tr><th>Exception</th></tr><tr><td><div class="stacktrace">org.testng.TestNGException: 
Parameter &apos;platformName&apos; is required by BeforeMethod on method startSession but has not been marked @Optional or defined

	at java.base/java.util.ArrayList.forEach(ArrayList.java:1511)
... Removed 36 stack frames</div></td></tr></table><p class="totop"><a href="#summary">back to summary</a></p>
<h3 id="m41">sanity.ODEbuttonTest#startSession</h3><table class="result"><tr><th>Exception</th></tr><tr><td><div class="stacktrace">org.testng.TestNGException: 
Parameter &apos;platformName&apos; is required by BeforeMethod on method startSession but has not been marked @Optional or defined

	at java.base/java.util.ArrayList.forEach(ArrayList.java:1511)
... Removed 36 stack frames</div></td></tr></table><p class="totop"><a href="#summary">back to summary</a></p>
<h3 id="m42">sanity.ODEdaypassTest#afterMethod</h3><table class="result"><tr><th>Exception</th></tr><tr><td><div class="stacktrace">java.lang.NullPointerException: Cannot invoke &quot;org.openqa.selenium.WebDriver.quit()&quot; because &quot;utilities.CommonOps.driver&quot; is null
	at utilities.CommonOps.afterMethod(CommonOps.java:215)
	at java.base/java.util.ArrayList.forEach(ArrayList.java:1511)
... Removed 38 stack frames</div></td></tr></table><p class="totop"><a href="#summary">back to summary</a></p>
<h3 id="m43">sanity.ODEdaypassTest#afterMethod</h3><table class="result"><tr><th>Exception</th></tr><tr><td><div class="stacktrace">java.lang.NullPointerException: Cannot invoke &quot;org.openqa.selenium.WebDriver.quit()&quot; because &quot;utilities.CommonOps.driver&quot; is null
	at utilities.CommonOps.afterMethod(CommonOps.java:215)
	at java.base/java.util.ArrayList.forEach(ArrayList.java:1511)
... Removed 38 stack frames</div></td></tr></table><p class="totop"><a href="#summary">back to summary</a></p>
<h3 id="m44">sanity.ODEdaypassTest#afterMethod</h3><table class="result"><tr><th>Exception</th></tr><tr><td><div class="stacktrace">java.lang.NullPointerException: Cannot invoke &quot;org.openqa.selenium.WebDriver.quit()&quot; because &quot;utilities.CommonOps.driver&quot; is null
	at utilities.CommonOps.afterMethod(CommonOps.java:215)
	at java.base/java.util.ArrayList.forEach(ArrayList.java:1511)
... Removed 38 stack frames</div></td></tr></table><p class="totop"><a href="#summary">back to summary</a></p>
<h3 id="m45">sanity.ODEdaypassTest#afterMethod</h3><table class="result"><tr><th>Exception</th></tr><tr><td><div class="stacktrace">java.lang.NullPointerException: Cannot invoke &quot;org.openqa.selenium.WebDriver.quit()&quot; because &quot;utilities.CommonOps.driver&quot; is null
	at utilities.CommonOps.afterMethod(CommonOps.java:215)
	at java.base/java.util.ArrayList.forEach(ArrayList.java:1511)
... Removed 38 stack frames</div></td></tr></table><p class="totop"><a href="#summary">back to summary</a></p>
<h3 id="m46">sanity.ODEdaypassTest#afterMethod</h3><table class="result"><tr><th>Exception</th></tr><tr><td><div class="stacktrace">java.lang.NullPointerException: Cannot invoke &quot;org.openqa.selenium.WebDriver.quit()&quot; because &quot;utilities.CommonOps.driver&quot; is null
	at utilities.CommonOps.afterMethod(CommonOps.java:215)
	at java.base/java.util.ArrayList.forEach(ArrayList.java:1511)
... Removed 38 stack frames</div></td></tr></table><p class="totop"><a href="#summary">back to summary</a></p>
<h3 id="m47">sanity.ODEdaypassTest#afterMethod</h3><table class="result"><tr><th>Exception</th></tr><tr><td><div class="stacktrace">java.lang.NullPointerException: Cannot invoke &quot;org.openqa.selenium.WebDriver.quit()&quot; because &quot;utilities.CommonOps.driver&quot; is null
	at utilities.CommonOps.afterMethod(CommonOps.java:215)
	at java.base/java.util.ArrayList.forEach(ArrayList.java:1511)
... Removed 38 stack frames</div></td></tr></table><p class="totop"><a href="#summary">back to summary</a></p>
<h3 id="m48">sanity.ODEdaypassTest#afterMethod</h3><table class="result"><tr><th>Exception</th></tr><tr><td><div class="stacktrace">java.lang.NullPointerException: Cannot invoke &quot;org.openqa.selenium.WebDriver.quit()&quot; because &quot;utilities.CommonOps.driver&quot; is null
	at utilities.CommonOps.afterMethod(CommonOps.java:215)
	at java.base/java.util.ArrayList.forEach(ArrayList.java:1511)
... Removed 38 stack frames</div></td></tr></table><p class="totop"><a href="#summary">back to summary</a></p>
<h3 id="m49">sanity.ODEdaypassTest#afterMethod</h3><table class="result"><tr><th>Exception</th></tr><tr><td><div class="stacktrace">java.lang.NullPointerException: Cannot invoke &quot;org.openqa.selenium.WebDriver.quit()&quot; because &quot;utilities.CommonOps.driver&quot; is null
	at utilities.CommonOps.afterMethod(CommonOps.java:215)
	at java.base/java.util.ArrayList.forEach(ArrayList.java:1511)
... Removed 38 stack frames</div></td></tr></table><p class="totop"><a href="#summary">back to summary</a></p>
<h3 id="m50">sanity.ODEdaypassTest#afterMethod</h3><table class="result"><tr><th>Exception</th></tr><tr><td><div class="stacktrace">java.lang.NullPointerException: Cannot invoke &quot;org.openqa.selenium.WebDriver.quit()&quot; because &quot;utilities.CommonOps.driver&quot; is null
	at utilities.CommonOps.afterMethod(CommonOps.java:215)
	at java.base/java.util.ArrayList.forEach(ArrayList.java:1511)
... Removed 38 stack frames</div></td></tr></table><p class="totop"><a href="#summary">back to summary</a></p>
<h3 id="m51">sanity.ODEdaypassTest#afterMethod</h3><table class="result"><tr><th>Exception</th></tr><tr><td><div class="stacktrace">java.lang.NullPointerException: Cannot invoke &quot;org.openqa.selenium.WebDriver.quit()&quot; because &quot;utilities.CommonOps.driver&quot; is null
	at utilities.CommonOps.afterMethod(CommonOps.java:215)
	at java.base/java.util.ArrayList.forEach(ArrayList.java:1511)
... Removed 38 stack frames</div></td></tr></table><p class="totop"><a href="#summary">back to summary</a></p>
<h3 id="m52">sanity.ODEdaypassTest#afterMethod</h3><table class="result"><tr><th>Exception</th></tr><tr><td><div class="stacktrace">java.lang.NullPointerException: Cannot invoke &quot;org.openqa.selenium.WebDriver.quit()&quot; because &quot;utilities.CommonOps.driver&quot; is null
	at utilities.CommonOps.afterMethod(CommonOps.java:215)
	at java.base/java.util.ArrayList.forEach(ArrayList.java:1511)
... Removed 38 stack frames</div></td></tr></table><p class="totop"><a href="#summary">back to summary</a></p>
<h3 id="m53">sanity.ODEdaypassTest#afterMethod</h3><table class="result"><tr><th>Exception</th></tr><tr><td><div class="stacktrace">java.lang.NullPointerException: Cannot invoke &quot;org.openqa.selenium.WebDriver.quit()&quot; because &quot;utilities.CommonOps.driver&quot; is null
	at utilities.CommonOps.afterMethod(CommonOps.java:215)
	at java.base/java.util.ArrayList.forEach(ArrayList.java:1511)
... Removed 38 stack frames</div></td></tr></table><p class="totop"><a href="#summary">back to summary</a></p>
<h3 id="m54">sanity.ODEdaypassTest#closeSession</h3><table class="result"><tr><th>Exception</th></tr><tr><td><div class="stacktrace">java.lang.NullPointerException: Cannot invoke &quot;org.openqa.selenium.WebDriver.quit()&quot; because &quot;utilities.CommonOps.driver&quot; is null
	at utilities.CommonOps.closeSession(CommonOps.java:193)
	at java.base/java.util.ArrayList.forEach(ArrayList.java:1511)
... Removed 31 stack frames</div></td></tr></table><p class="totop"><a href="#summary">back to summary</a></p>
<h3 id="m55">sanity.ODEdaypassTest#startSession</h3><table class="result"><tr><th>Exception</th></tr><tr><td><div class="stacktrace">org.testng.TestNGException: 
Parameter &apos;platformName&apos; is required by BeforeMethod on method startSession but has not been marked @Optional or defined

	at java.base/java.util.ArrayList.forEach(ArrayList.java:1511)
... Removed 36 stack frames</div></td></tr></table><p class="totop"><a href="#summary">back to summary</a></p>
<h3 id="m56">sanity.ODEdaypassTest#startSession</h3><table class="result"><tr><th>Exception</th></tr><tr><td><div class="stacktrace">org.testng.TestNGException: 
Parameter &apos;platformName&apos; is required by BeforeMethod on method startSession but has not been marked @Optional or defined

	at java.base/java.util.ArrayList.forEach(ArrayList.java:1511)
... Removed 36 stack frames</div></td></tr></table><p class="totop"><a href="#summary">back to summary</a></p>
<h3 id="m57">sanity.ODEdaypassTest#startSession</h3><table class="result"><tr><th>Exception</th></tr><tr><td><div class="stacktrace">org.testng.TestNGException: 
Parameter &apos;platformName&apos; is required by BeforeMethod on method startSession but has not been marked @Optional or defined

	at java.base/java.util.ArrayList.forEach(ArrayList.java:1511)
... Removed 36 stack frames</div></td></tr></table><p class="totop"><a href="#summary">back to summary</a></p>
<h3 id="m58">sanity.ODEdaypassTest#startSession</h3><table class="result"><tr><th>Exception</th></tr><tr><td><div class="stacktrace">org.testng.TestNGException: 
Parameter &apos;platformName&apos; is required by BeforeMethod on method startSession but has not been marked @Optional or defined

	at java.base/java.util.ArrayList.forEach(ArrayList.java:1511)
... Removed 36 stack frames</div></td></tr></table><p class="totop"><a href="#summary">back to summary</a></p>
<h3 id="m59">sanity.ODEdaypassTest#startSession</h3><table class="result"><tr><th>Exception</th></tr><tr><td><div class="stacktrace">org.testng.TestNGException: 
Parameter &apos;platformName&apos; is required by BeforeMethod on method startSession but has not been marked @Optional or defined

	at java.base/java.util.ArrayList.forEach(ArrayList.java:1511)
... Removed 36 stack frames</div></td></tr></table><p class="totop"><a href="#summary">back to summary</a></p>
<h3 id="m60">sanity.ODEdaypassTest#startSession</h3><table class="result"><tr><th>Exception</th></tr><tr><td><div class="stacktrace">org.testng.TestNGException: 
Parameter &apos;platformName&apos; is required by BeforeMethod on method startSession but has not been marked @Optional or defined

	at java.base/java.util.ArrayList.forEach(ArrayList.java:1511)
... Removed 36 stack frames</div></td></tr></table><p class="totop"><a href="#summary">back to summary</a></p>
<h3 id="m61">sanity.ODEdaypassTest#startSession</h3><table class="result"><tr><th>Exception</th></tr><tr><td><div class="stacktrace">org.testng.TestNGException: 
Parameter &apos;platformName&apos; is required by BeforeMethod on method startSession but has not been marked @Optional or defined

	at java.base/java.util.ArrayList.forEach(ArrayList.java:1511)
... Removed 36 stack frames</div></td></tr></table><p class="totop"><a href="#summary">back to summary</a></p>
<h3 id="m62">sanity.ODEdaypassTest#startSession</h3><table class="result"><tr><th>Exception</th></tr><tr><td><div class="stacktrace">org.testng.TestNGException: 
Parameter &apos;platformName&apos; is required by BeforeMethod on method startSession but has not been marked @Optional or defined

	at java.base/java.util.ArrayList.forEach(ArrayList.java:1511)
... Removed 36 stack frames</div></td></tr></table><p class="totop"><a href="#summary">back to summary</a></p>
<h3 id="m63">sanity.ODEdaypassTest#startSession</h3><table class="result"><tr><th>Exception</th></tr><tr><td><div class="stacktrace">org.testng.TestNGException: 
Parameter &apos;platformName&apos; is required by BeforeMethod on method startSession but has not been marked @Optional or defined

	at java.base/java.util.ArrayList.forEach(ArrayList.java:1511)
... Removed 36 stack frames</div></td></tr></table><p class="totop"><a href="#summary">back to summary</a></p>
<h3 id="m64">sanity.ODEdaypassTest#startSession</h3><table class="result"><tr><th>Exception</th></tr><tr><td><div class="stacktrace">org.testng.TestNGException: 
Parameter &apos;platformName&apos; is required by BeforeMethod on method startSession but has not been marked @Optional or defined

	at java.base/java.util.ArrayList.forEach(ArrayList.java:1511)
... Removed 36 stack frames</div></td></tr></table><p class="totop"><a href="#summary">back to summary</a></p>
<h3 id="m65">sanity.ODEdaypassTest#startSession</h3><table class="result"><tr><th>Exception</th></tr><tr><td><div class="stacktrace">org.testng.TestNGException: 
Parameter &apos;platformName&apos; is required by BeforeMethod on method startSession but has not been marked @Optional or defined

	at java.base/java.util.ArrayList.forEach(ArrayList.java:1511)
... Removed 36 stack frames</div></td></tr></table><p class="totop"><a href="#summary">back to summary</a></p>
<h3 id="m66">sanity.ODEdaypassTest#startSession</h3><table class="result"><tr><th>Exception</th></tr><tr><td><div class="stacktrace">org.testng.TestNGException: 
Parameter &apos;platformName&apos; is required by BeforeMethod on method startSession but has not been marked @Optional or defined

	at java.base/java.util.ArrayList.forEach(ArrayList.java:1511)
... Removed 36 stack frames</div></td></tr></table><p class="totop"><a href="#summary">back to summary</a></p>
<h3 id="m67">sanity.SelectAllAccessWrkspaceTest#afterMethod</h3><table class="result"><tr><th>Exception</th></tr><tr><td><div class="stacktrace">java.lang.NullPointerException: Cannot invoke &quot;org.openqa.selenium.WebDriver.quit()&quot; because &quot;utilities.CommonOps.driver&quot; is null
	at utilities.CommonOps.afterMethod(CommonOps.java:215)
	at java.base/java.util.ArrayList.forEach(ArrayList.java:1511)
... Removed 38 stack frames</div></td></tr></table><p class="totop"><a href="#summary">back to summary</a></p>
<h3 id="m68">sanity.SelectAllAccessWrkspaceTest#closeSession</h3><table class="result"><tr><th>Exception</th></tr><tr><td><div class="stacktrace">java.lang.NullPointerException: Cannot invoke &quot;org.openqa.selenium.WebDriver.quit()&quot; because &quot;utilities.CommonOps.driver&quot; is null
	at utilities.CommonOps.closeSession(CommonOps.java:193)
	at java.base/java.util.ArrayList.forEach(ArrayList.java:1511)
... Removed 31 stack frames</div></td></tr></table><p class="totop"><a href="#summary">back to summary</a></p>
<h3 id="m69">sanity.SelectAllAccessWrkspaceTest#startSession</h3><table class="result"><tr><th>Exception</th></tr><tr><td><div class="stacktrace">org.testng.TestNGException: 
Parameter &apos;platformName&apos; is required by BeforeMethod on method startSession but has not been marked @Optional or defined

	at java.base/java.util.ArrayList.forEach(ArrayList.java:1511)
... Removed 36 stack frames</div></td></tr></table><p class="totop"><a href="#summary">back to summary</a></p>
<h3 id="m70">sanity.SelectConferenceRoomTest#afterMethod</h3><table class="result"><tr><th>Exception</th></tr><tr><td><div class="stacktrace">java.lang.NullPointerException: Cannot invoke &quot;org.openqa.selenium.WebDriver.quit()&quot; because &quot;utilities.CommonOps.driver&quot; is null
	at utilities.CommonOps.afterMethod(CommonOps.java:215)
	at java.base/java.util.ArrayList.forEach(ArrayList.java:1511)
... Removed 38 stack frames</div></td></tr></table><p class="totop"><a href="#summary">back to summary</a></p>
<h3 id="m71">sanity.SelectConferenceRoomTest#closeSession</h3><table class="result"><tr><th>Exception</th></tr><tr><td><div class="stacktrace">java.lang.NullPointerException: Cannot invoke &quot;org.openqa.selenium.WebDriver.quit()&quot; because &quot;utilities.CommonOps.driver&quot; is null
	at utilities.CommonOps.closeSession(CommonOps.java:193)
	at java.base/java.util.ArrayList.forEach(ArrayList.java:1511)
... Removed 31 stack frames</div></td></tr></table><p class="totop"><a href="#summary">back to summary</a></p>
<h3 id="m72">sanity.SelectConferenceRoomTest#startSession</h3><table class="result"><tr><th>Exception</th></tr><tr><td><div class="stacktrace">org.testng.TestNGException: 
Parameter &apos;platformName&apos; is required by BeforeMethod on method startSession but has not been marked @Optional or defined

	at java.base/java.util.ArrayList.forEach(ArrayList.java:1511)
... Removed 36 stack frames</div></td></tr></table><p class="totop"><a href="#summary">back to summary</a></p>
<h3 id="m73">sanity.SelectDayPassTest#afterMethod</h3><table class="result"><tr><th>Exception</th></tr><tr><td><div class="stacktrace">java.lang.NullPointerException: Cannot invoke &quot;org.openqa.selenium.WebDriver.quit()&quot; because &quot;utilities.CommonOps.driver&quot; is null
	at utilities.CommonOps.afterMethod(CommonOps.java:215)
	at java.base/java.util.ArrayList.forEach(ArrayList.java:1511)
... Removed 38 stack frames</div></td></tr></table><p class="totop"><a href="#summary">back to summary</a></p>
<h3 id="m74">sanity.SelectDayPassTest#closeSession</h3><table class="result"><tr><th>Exception</th></tr><tr><td><div class="stacktrace">java.lang.NullPointerException: Cannot invoke &quot;org.openqa.selenium.WebDriver.quit()&quot; because &quot;utilities.CommonOps.driver&quot; is null
	at utilities.CommonOps.closeSession(CommonOps.java:193)
	at java.base/java.util.ArrayList.forEach(ArrayList.java:1511)
... Removed 31 stack frames</div></td></tr></table><p class="totop"><a href="#summary">back to summary</a></p>
<h3 id="m75">sanity.SelectDayPassTest#startSession</h3><table class="result"><tr><th>Exception</th></tr><tr><td><div class="stacktrace">org.testng.TestNGException: 
Parameter &apos;platformName&apos; is required by BeforeMethod on method startSession but has not been marked @Optional or defined

	at java.base/java.util.ArrayList.forEach(ArrayList.java:1511)
... Removed 36 stack frames</div></td></tr></table><p class="totop"><a href="#summary">back to summary</a></p>
<h3 id="m76">sanity.SelectEnterpriseSolutionsTest#afterMethod</h3><table class="result"><tr><th>Exception</th></tr><tr><td><div class="stacktrace">java.lang.NullPointerException: Cannot invoke &quot;org.openqa.selenium.WebDriver.quit()&quot; because &quot;utilities.CommonOps.driver&quot; is null
	at utilities.CommonOps.afterMethod(CommonOps.java:215)
	at java.base/java.util.ArrayList.forEach(ArrayList.java:1511)
... Removed 38 stack frames</div></td></tr></table><p class="totop"><a href="#summary">back to summary</a></p>
<h3 id="m77">sanity.SelectEnterpriseSolutionsTest#closeSession</h3><table class="result"><tr><th>Exception</th></tr><tr><td><div class="stacktrace">java.lang.NullPointerException: Cannot invoke &quot;org.openqa.selenium.WebDriver.quit()&quot; because &quot;utilities.CommonOps.driver&quot; is null
	at utilities.CommonOps.closeSession(CommonOps.java:193)
	at java.base/java.util.ArrayList.forEach(ArrayList.java:1511)
... Removed 31 stack frames</div></td></tr></table><p class="totop"><a href="#summary">back to summary</a></p>
<h3 id="m78">sanity.SelectEnterpriseSolutionsTest#startSession</h3><table class="result"><tr><th>Exception</th></tr><tr><td><div class="stacktrace">org.testng.TestNGException: 
Parameter &apos;platformName&apos; is required by BeforeMethod on method startSession but has not been marked @Optional or defined

	at java.base/java.util.ArrayList.forEach(ArrayList.java:1511)
... Removed 36 stack frames</div></td></tr></table><p class="totop"><a href="#summary">back to summary</a></p>
<h3 id="m79">sanity.SelectEventsAndWorkspacesTest#afterMethod</h3><table class="result"><tr><th>Exception</th></tr><tr><td><div class="stacktrace">java.lang.NullPointerException: Cannot invoke &quot;org.openqa.selenium.WebDriver.quit()&quot; because &quot;utilities.CommonOps.driver&quot; is null
	at utilities.CommonOps.afterMethod(CommonOps.java:215)
	at java.base/java.util.ArrayList.forEach(ArrayList.java:1511)
... Removed 38 stack frames</div></td></tr></table><p class="totop"><a href="#summary">back to summary</a></p>
<h3 id="m80">sanity.SelectEventsAndWorkspacesTest#closeSession</h3><table class="result"><tr><th>Exception</th></tr><tr><td><div class="stacktrace">java.lang.NullPointerException: Cannot invoke &quot;org.openqa.selenium.WebDriver.quit()&quot; because &quot;utilities.CommonOps.driver&quot; is null
	at utilities.CommonOps.closeSession(CommonOps.java:193)
	at java.base/java.util.ArrayList.forEach(ArrayList.java:1511)
... Removed 31 stack frames</div></td></tr></table><p class="totop"><a href="#summary">back to summary</a></p>
<h3 id="m81">sanity.SelectEventsAndWorkspacesTest#startSession</h3><table class="result"><tr><th>Exception</th></tr><tr><td><div class="stacktrace">org.testng.TestNGException: 
Parameter &apos;platformName&apos; is required by BeforeMethod on method startSession but has not been marked @Optional or defined

	at java.base/java.util.ArrayList.forEach(ArrayList.java:1511)
... Removed 36 stack frames</div></td></tr></table><p class="totop"><a href="#summary">back to summary</a></p>
<h3 id="m82">sanity.SelectHotDeskTest#afterMethod</h3><table class="result"><tr><th>Exception</th></tr><tr><td><div class="stacktrace">java.lang.NullPointerException: Cannot invoke &quot;org.openqa.selenium.WebDriver.quit()&quot; because &quot;utilities.CommonOps.driver&quot; is null
	at utilities.CommonOps.afterMethod(CommonOps.java:215)
	at java.base/java.util.ArrayList.forEach(ArrayList.java:1511)
... Removed 38 stack frames</div></td></tr></table><p class="totop"><a href="#summary">back to summary</a></p>
<h3 id="m83">sanity.SelectHotDeskTest#closeSession</h3><table class="result"><tr><th>Exception</th></tr><tr><td><div class="stacktrace">java.lang.NullPointerException: Cannot invoke &quot;org.openqa.selenium.WebDriver.quit()&quot; because &quot;utilities.CommonOps.driver&quot; is null
	at utilities.CommonOps.closeSession(CommonOps.java:193)
	at java.base/java.util.ArrayList.forEach(ArrayList.java:1511)
... Removed 31 stack frames</div></td></tr></table><p class="totop"><a href="#summary">back to summary</a></p>
<h3 id="m84">sanity.SelectHotDeskTest#startSession</h3><table class="result"><tr><th>Exception</th></tr><tr><td><div class="stacktrace">org.testng.TestNGException: 
Parameter &apos;platformName&apos; is required by BeforeMethod on method startSession but has not been marked @Optional or defined

	at java.base/java.util.ArrayList.forEach(ArrayList.java:1511)
... Removed 36 stack frames</div></td></tr></table><p class="totop"><a href="#summary">back to summary</a></p>
<h3 id="m85">sanity.SelectPrivateOfficeTest#afterMethod</h3><table class="result"><tr><th>Exception</th></tr><tr><td><div class="stacktrace">java.lang.NullPointerException: Cannot invoke &quot;org.openqa.selenium.WebDriver.quit()&quot; because &quot;utilities.CommonOps.driver&quot; is null
	at utilities.CommonOps.afterMethod(CommonOps.java:215)
	at java.base/java.util.ArrayList.forEach(ArrayList.java:1511)
... Removed 38 stack frames</div></td></tr></table><p class="totop"><a href="#summary">back to summary</a></p>
<h3 id="m86">sanity.SelectPrivateOfficeTest#closeSession</h3><table class="result"><tr><th>Exception</th></tr><tr><td><div class="stacktrace">java.lang.NullPointerException: Cannot invoke &quot;org.openqa.selenium.WebDriver.quit()&quot; because &quot;utilities.CommonOps.driver&quot; is null
	at utilities.CommonOps.closeSession(CommonOps.java:193)
	at java.base/java.util.ArrayList.forEach(ArrayList.java:1511)
... Removed 31 stack frames</div></td></tr></table><p class="totop"><a href="#summary">back to summary</a></p>
<h3 id="m87">sanity.SelectPrivateOfficeTest#startSession</h3><table class="result"><tr><th>Exception</th></tr><tr><td><div class="stacktrace">org.testng.TestNGException: 
Parameter &apos;platformName&apos; is required by BeforeMethod on method startSession but has not been marked @Optional or defined

	at java.base/java.util.ArrayList.forEach(ArrayList.java:1511)
... Removed 36 stack frames</div></td></tr></table><p class="totop"><a href="#summary">back to summary</a></p>
<h3 id="m88">sanity.SelectSubscriptionsTest#afterMethod</h3><table class="result"><tr><th>Exception</th></tr><tr><td><div class="stacktrace">java.lang.NullPointerException: Cannot invoke &quot;org.openqa.selenium.WebDriver.quit()&quot; because &quot;utilities.CommonOps.driver&quot; is null
	at utilities.CommonOps.afterMethod(CommonOps.java:215)
	at java.base/java.util.ArrayList.forEach(ArrayList.java:1511)
... Removed 38 stack frames</div></td></tr></table><p class="totop"><a href="#summary">back to summary</a></p>
<h3 id="m89">sanity.SelectSubscriptionsTest#afterMethod</h3><table class="result"><tr><th>Exception</th></tr><tr><td><div class="stacktrace">java.lang.NullPointerException: Cannot invoke &quot;org.openqa.selenium.WebDriver.quit()&quot; because &quot;utilities.CommonOps.driver&quot; is null
	at utilities.CommonOps.afterMethod(CommonOps.java:215)
	at java.base/java.util.ArrayList.forEach(ArrayList.java:1511)
... Removed 38 stack frames</div></td></tr></table><p class="totop"><a href="#summary">back to summary</a></p>
<h3 id="m90">sanity.SelectSubscriptionsTest#afterMethod</h3><table class="result"><tr><th>Exception</th></tr><tr><td><div class="stacktrace">java.lang.NullPointerException: Cannot invoke &quot;org.openqa.selenium.WebDriver.quit()&quot; because &quot;utilities.CommonOps.driver&quot; is null
	at utilities.CommonOps.afterMethod(CommonOps.java:215)
	at java.base/java.util.ArrayList.forEach(ArrayList.java:1511)
... Removed 38 stack frames</div></td></tr></table><p class="totop"><a href="#summary">back to summary</a></p>
<h3 id="m91">sanity.SelectSubscriptionsTest#afterMethod</h3><table class="result"><tr><th>Exception</th></tr><tr><td><div class="stacktrace">java.lang.NullPointerException: Cannot invoke &quot;org.openqa.selenium.WebDriver.quit()&quot; because &quot;utilities.CommonOps.driver&quot; is null
	at utilities.CommonOps.afterMethod(CommonOps.java:215)
	at java.base/java.util.ArrayList.forEach(ArrayList.java:1511)
... Removed 38 stack frames</div></td></tr></table><p class="totop"><a href="#summary">back to summary</a></p>
<h3 id="m92">sanity.SelectSubscriptionsTest#closeSession</h3><table class="result"><tr><th>Exception</th></tr><tr><td><div class="stacktrace">java.lang.NullPointerException: Cannot invoke &quot;org.openqa.selenium.WebDriver.quit()&quot; because &quot;utilities.CommonOps.driver&quot; is null
	at utilities.CommonOps.closeSession(CommonOps.java:193)
	at java.base/java.util.ArrayList.forEach(ArrayList.java:1511)
... Removed 31 stack frames</div></td></tr></table><p class="totop"><a href="#summary">back to summary</a></p>
<h3 id="m93">sanity.SelectSubscriptionsTest#startSession</h3><table class="result"><tr><th>Exception</th></tr><tr><td><div class="stacktrace">org.testng.TestNGException: 
Parameter &apos;platformName&apos; is required by BeforeMethod on method startSession but has not been marked @Optional or defined

	at java.base/java.util.ArrayList.forEach(ArrayList.java:1511)
... Removed 36 stack frames</div></td></tr></table><p class="totop"><a href="#summary">back to summary</a></p>
<h3 id="m94">sanity.SelectSubscriptionsTest#startSession</h3><table class="result"><tr><th>Exception</th></tr><tr><td><div class="stacktrace">org.testng.TestNGException: 
Parameter &apos;platformName&apos; is required by BeforeMethod on method startSession but has not been marked @Optional or defined

	at java.base/java.util.ArrayList.forEach(ArrayList.java:1511)
... Removed 36 stack frames</div></td></tr></table><p class="totop"><a href="#summary">back to summary</a></p>
<h3 id="m95">sanity.SelectSubscriptionsTest#startSession</h3><table class="result"><tr><th>Exception</th></tr><tr><td><div class="stacktrace">org.testng.TestNGException: 
Parameter &apos;platformName&apos; is required by BeforeMethod on method startSession but has not been marked @Optional or defined

	at java.base/java.util.ArrayList.forEach(ArrayList.java:1511)
... Removed 36 stack frames</div></td></tr></table><p class="totop"><a href="#summary">back to summary</a></p>
<h3 id="m96">sanity.SelectSubscriptionsTest#startSession</h3><table class="result"><tr><th>Exception</th></tr><tr><td><div class="stacktrace">org.testng.TestNGException: 
Parameter &apos;platformName&apos; is required by BeforeMethod on method startSession but has not been marked @Optional or defined

	at java.base/java.util.ArrayList.forEach(ArrayList.java:1511)
... Removed 36 stack frames</div></td></tr></table><p class="totop"><a href="#summary">back to summary</a></p>
<h3 id="m97">sanity.SelectVirtualOfficeTest#afterMethod</h3><table class="result"><tr><th>Exception</th></tr><tr><td><div class="stacktrace">java.lang.NullPointerException: Cannot invoke &quot;org.openqa.selenium.WebDriver.quit()&quot; because &quot;utilities.CommonOps.driver&quot; is null
	at utilities.CommonOps.afterMethod(CommonOps.java:215)
	at java.base/java.util.ArrayList.forEach(ArrayList.java:1511)
... Removed 38 stack frames</div></td></tr></table><p class="totop"><a href="#summary">back to summary</a></p>
<h3 id="m98">sanity.SelectVirtualOfficeTest#closeSession</h3><table class="result"><tr><th>Exception</th></tr><tr><td><div class="stacktrace">java.lang.NullPointerException: Cannot invoke &quot;org.openqa.selenium.WebDriver.quit()&quot; because &quot;utilities.CommonOps.driver&quot; is null
	at utilities.CommonOps.closeSession(CommonOps.java:193)
	at java.base/java.util.ArrayList.forEach(ArrayList.java:1511)
... Removed 31 stack frames</div></td></tr></table><p class="totop"><a href="#summary">back to summary</a></p>
<h3 id="m99">sanity.SelectVirtualOfficeTest#startSession</h3><table class="result"><tr><th>Exception</th></tr><tr><td><div class="stacktrace">org.testng.TestNGException: 
Parameter &apos;platformName&apos; is required by BeforeMethod on method startSession but has not been marked @Optional or defined

	at java.base/java.util.ArrayList.forEach(ArrayList.java:1511)
... Removed 36 stack frames</div></td></tr></table><p class="totop"><a href="#summary">back to summary</a></p>
<h3 id="m100">sanity.WeWorkWebAppTest#afterMethod</h3><table class="result"><tr><th>Exception</th></tr><tr><td><div class="stacktrace">java.lang.NullPointerException: Cannot invoke &quot;org.openqa.selenium.WebDriver.quit()&quot; because &quot;utilities.CommonOps.driver&quot; is null
	at utilities.CommonOps.afterMethod(CommonOps.java:215)
	at java.base/java.util.ArrayList.forEach(ArrayList.java:1511)
... Removed 38 stack frames</div></td></tr></table><p class="totop"><a href="#summary">back to summary</a></p>
<h3 id="m101">sanity.WeWorkWebAppTest#closeSession</h3><table class="result"><tr><th>Exception</th></tr><tr><td><div class="stacktrace">java.lang.NullPointerException: Cannot invoke &quot;org.openqa.selenium.WebDriver.quit()&quot; because &quot;utilities.CommonOps.driver&quot; is null
	at utilities.CommonOps.closeSession(CommonOps.java:193)
	at java.base/java.util.ArrayList.forEach(ArrayList.java:1511)
... Removed 31 stack frames</div></td></tr></table><p class="totop"><a href="#summary">back to summary</a></p>
<h3 id="m102">sanity.WeWorkWebAppTest#startSession</h3><table class="result"><tr><th>Exception</th></tr><tr><td><div class="stacktrace">org.testng.TestNGException: 
Parameter &apos;platformName&apos; is required by BeforeMethod on method startSession but has not been marked @Optional or defined

	at java.base/java.util.ArrayList.forEach(ArrayList.java:1511)
... Removed 36 stack frames</div></td></tr></table><p class="totop"><a href="#summary">back to summary</a></p>
<h3 id="m103">sanity.WebAppTest#afterMethod</h3><table class="result"><tr><th>Exception</th></tr><tr><td><div class="stacktrace">java.lang.NullPointerException: Cannot invoke &quot;org.openqa.selenium.WebDriver.quit()&quot; because &quot;utilities.CommonOps.driver&quot; is null
	at utilities.CommonOps.afterMethod(CommonOps.java:215)
	at java.base/java.util.ArrayList.forEach(ArrayList.java:1511)
... Removed 38 stack frames</div></td></tr></table><p class="totop"><a href="#summary">back to summary</a></p>
<h3 id="m104">sanity.WebAppTest#closeSession</h3><table class="result"><tr><th>Exception</th></tr><tr><td><div class="stacktrace">java.lang.NullPointerException: Cannot invoke &quot;org.openqa.selenium.WebDriver.quit()&quot; because &quot;utilities.CommonOps.driver&quot; is null
	at utilities.CommonOps.closeSession(CommonOps.java:193)
	at java.base/java.util.ArrayList.forEach(ArrayList.java:1511)
... Removed 31 stack frames</div></td></tr></table><p class="totop"><a href="#summary">back to summary</a></p>
<h3 id="m105">sanity.WebAppTest#startSession</h3><table class="result"><tr><th>Exception</th></tr><tr><td><div class="stacktrace">org.testng.TestNGException: 
Parameter &apos;platformName&apos; is required by BeforeMethod on method startSession but has not been marked @Optional or defined

	at java.base/java.util.ArrayList.forEach(ArrayList.java:1511)
... Removed 36 stack frames</div></td></tr></table><p class="totop"><a href="#summary">back to summary</a></p>
<h3 id="m106">sanity.WebODBundlesTest#afterMethod</h3><table class="result"><tr><th>Exception</th></tr><tr><td><div class="stacktrace">java.lang.NullPointerException: Cannot invoke &quot;org.openqa.selenium.WebDriver.quit()&quot; because &quot;utilities.CommonOps.driver&quot; is null
	at utilities.CommonOps.afterMethod(CommonOps.java:215)
	at java.base/java.util.ArrayList.forEach(ArrayList.java:1511)
... Removed 38 stack frames</div></td></tr></table><p class="totop"><a href="#summary">back to summary</a></p>
<h3 id="m107">sanity.WebODBundlesTest#closeSession</h3><table class="result"><tr><th>Exception</th></tr><tr><td><div class="stacktrace">java.lang.NullPointerException: Cannot invoke &quot;org.openqa.selenium.WebDriver.quit()&quot; because &quot;utilities.CommonOps.driver&quot; is null
	at utilities.CommonOps.closeSession(CommonOps.java:193)
	at java.base/java.util.ArrayList.forEach(ArrayList.java:1511)
... Removed 31 stack frames</div></td></tr></table><p class="totop"><a href="#summary">back to summary</a></p>
<h3 id="m108">sanity.WebODBundlesTest#startSession</h3><table class="result"><tr><th>Exception</th></tr><tr><td><div class="stacktrace">org.testng.TestNGException: 
Parameter &apos;platformName&apos; is required by BeforeMethod on method startSession but has not been marked @Optional or defined

	at java.base/java.util.ArrayList.forEach(ArrayList.java:1511)
... Removed 36 stack frames</div></td></tr></table><p class="totop"><a href="#summary">back to summary</a></p>
<h3 id="m109">sanity.WebODMyAccountTest#afterMethod</h3><table class="result"><tr><th>Exception</th></tr><tr><td><div class="stacktrace">java.lang.NullPointerException: Cannot invoke &quot;org.openqa.selenium.WebDriver.quit()&quot; because &quot;utilities.CommonOps.driver&quot; is null
	at utilities.CommonOps.afterMethod(CommonOps.java:215)
	at java.base/java.util.ArrayList.forEach(ArrayList.java:1511)
... Removed 38 stack frames</div></td></tr></table><p class="totop"><a href="#summary">back to summary</a></p>
<h3 id="m110">sanity.WebODMyAccountTest#afterMethod</h3><table class="result"><tr><th>Exception</th></tr><tr><td><div class="stacktrace">java.lang.NullPointerException: Cannot invoke &quot;org.openqa.selenium.WebDriver.quit()&quot; because &quot;utilities.CommonOps.driver&quot; is null
	at utilities.CommonOps.afterMethod(CommonOps.java:215)
	at java.base/java.util.ArrayList.forEach(ArrayList.java:1511)
... Removed 38 stack frames</div></td></tr></table><p class="totop"><a href="#summary">back to summary</a></p>
<h3 id="m111">sanity.WebODMyAccountTest#afterMethod</h3><table class="result"><tr><th>Exception</th></tr><tr><td><div class="stacktrace">java.lang.NullPointerException: Cannot invoke &quot;org.openqa.selenium.WebDriver.quit()&quot; because &quot;utilities.CommonOps.driver&quot; is null
	at utilities.CommonOps.afterMethod(CommonOps.java:215)
	at java.base/java.util.ArrayList.forEach(ArrayList.java:1511)
... Removed 38 stack frames</div></td></tr></table><p class="totop"><a href="#summary">back to summary</a></p>
<h3 id="m112">sanity.WebODMyAccountTest#afterMethod</h3><table class="result"><tr><th>Exception</th></tr><tr><td><div class="stacktrace">java.lang.NullPointerException: Cannot invoke &quot;org.openqa.selenium.WebDriver.quit()&quot; because &quot;utilities.CommonOps.driver&quot; is null
	at utilities.CommonOps.afterMethod(CommonOps.java:215)
	at java.base/java.util.ArrayList.forEach(ArrayList.java:1511)
... Removed 38 stack frames</div></td></tr></table><p class="totop"><a href="#summary">back to summary</a></p>
<h3 id="m113">sanity.WebODMyAccountTest#afterMethod</h3><table class="result"><tr><th>Exception</th></tr><tr><td><div class="stacktrace">java.lang.NullPointerException: Cannot invoke &quot;org.openqa.selenium.WebDriver.quit()&quot; because &quot;utilities.CommonOps.driver&quot; is null
	at utilities.CommonOps.afterMethod(CommonOps.java:215)
	at java.base/java.util.ArrayList.forEach(ArrayList.java:1511)
... Removed 38 stack frames</div></td></tr></table><p class="totop"><a href="#summary">back to summary</a></p>
<h3 id="m114">sanity.WebODMyAccountTest#afterMethod</h3><table class="result"><tr><th>Exception</th></tr><tr><td><div class="stacktrace">java.lang.NullPointerException: Cannot invoke &quot;org.openqa.selenium.WebDriver.quit()&quot; because &quot;utilities.CommonOps.driver&quot; is null
	at utilities.CommonOps.afterMethod(CommonOps.java:215)
	at java.base/java.util.ArrayList.forEach(ArrayList.java:1511)
... Removed 38 stack frames</div></td></tr></table><p class="totop"><a href="#summary">back to summary</a></p>
<h3 id="m115">sanity.WebODMyAccountTest#afterMethod</h3><table class="result"><tr><th>Exception</th></tr><tr><td><div class="stacktrace">java.lang.NullPointerException: Cannot invoke &quot;org.openqa.selenium.WebDriver.quit()&quot; because &quot;utilities.CommonOps.driver&quot; is null
	at utilities.CommonOps.afterMethod(CommonOps.java:215)
	at java.base/java.util.ArrayList.forEach(ArrayList.java:1511)
... Removed 38 stack frames</div></td></tr></table><p class="totop"><a href="#summary">back to summary</a></p>
<h3 id="m116">sanity.WebODMyAccountTest#afterMethod</h3><table class="result"><tr><th>Exception</th></tr><tr><td><div class="stacktrace">java.lang.NullPointerException: Cannot invoke &quot;org.openqa.selenium.WebDriver.quit()&quot; because &quot;utilities.CommonOps.driver&quot; is null
	at utilities.CommonOps.afterMethod(CommonOps.java:215)
	at java.base/java.util.ArrayList.forEach(ArrayList.java:1511)
... Removed 38 stack frames</div></td></tr></table><p class="totop"><a href="#summary">back to summary</a></p>
<h3 id="m117">sanity.WebODMyAccountTest#closeSession</h3><table class="result"><tr><th>Exception</th></tr><tr><td><div class="stacktrace">java.lang.NullPointerException: Cannot invoke &quot;org.openqa.selenium.WebDriver.quit()&quot; because &quot;utilities.CommonOps.driver&quot; is null
	at utilities.CommonOps.closeSession(CommonOps.java:193)
	at java.base/java.util.ArrayList.forEach(ArrayList.java:1511)
... Removed 31 stack frames</div></td></tr></table><p class="totop"><a href="#summary">back to summary</a></p>
<h3 id="m118">sanity.WebODMyAccountTest#startSession</h3><table class="result"><tr><th>Exception</th></tr><tr><td><div class="stacktrace">org.testng.TestNGException: 
Parameter &apos;platformName&apos; is required by BeforeMethod on method startSession but has not been marked @Optional or defined

	at java.base/java.util.ArrayList.forEach(ArrayList.java:1511)
... Removed 36 stack frames</div></td></tr></table><p class="totop"><a href="#summary">back to summary</a></p>
<h3 id="m119">sanity.WebODMyAccountTest#startSession</h3><table class="result"><tr><th>Exception</th></tr><tr><td><div class="stacktrace">org.testng.TestNGException: 
Parameter &apos;platformName&apos; is required by BeforeMethod on method startSession but has not been marked @Optional or defined

	at java.base/java.util.ArrayList.forEach(ArrayList.java:1511)
... Removed 36 stack frames</div></td></tr></table><p class="totop"><a href="#summary">back to summary</a></p>
<h3 id="m120">sanity.WebODMyAccountTest#startSession</h3><table class="result"><tr><th>Exception</th></tr><tr><td><div class="stacktrace">org.testng.TestNGException: 
Parameter &apos;platformName&apos; is required by BeforeMethod on method startSession but has not been marked @Optional or defined

	at java.base/java.util.ArrayList.forEach(ArrayList.java:1511)
... Removed 36 stack frames</div></td></tr></table><p class="totop"><a href="#summary">back to summary</a></p>
<h3 id="m121">sanity.WebODMyAccountTest#startSession</h3><table class="result"><tr><th>Exception</th></tr><tr><td><div class="stacktrace">org.testng.TestNGException: 
Parameter &apos;platformName&apos; is required by BeforeMethod on method startSession but has not been marked @Optional or defined

	at java.base/java.util.ArrayList.forEach(ArrayList.java:1511)
... Removed 36 stack frames</div></td></tr></table><p class="totop"><a href="#summary">back to summary</a></p>
<h3 id="m122">sanity.WebODMyAccountTest#startSession</h3><table class="result"><tr><th>Exception</th></tr><tr><td><div class="stacktrace">org.testng.TestNGException: 
Parameter &apos;platformName&apos; is required by BeforeMethod on method startSession but has not been marked @Optional or defined

	at java.base/java.util.ArrayList.forEach(ArrayList.java:1511)
... Removed 36 stack frames</div></td></tr></table><p class="totop"><a href="#summary">back to summary</a></p>
<h3 id="m123">sanity.WebODMyAccountTest#startSession</h3><table class="result"><tr><th>Exception</th></tr><tr><td><div class="stacktrace">org.testng.TestNGException: 
Parameter &apos;platformName&apos; is required by BeforeMethod on method startSession but has not been marked @Optional or defined

	at java.base/java.util.ArrayList.forEach(ArrayList.java:1511)
... Removed 36 stack frames</div></td></tr></table><p class="totop"><a href="#summary">back to summary</a></p>
<h3 id="m124">sanity.WebODMyAccountTest#startSession</h3><table class="result"><tr><th>Exception</th></tr><tr><td><div class="stacktrace">org.testng.TestNGException: 
Parameter &apos;platformName&apos; is required by BeforeMethod on method startSession but has not been marked @Optional or defined

	at java.base/java.util.ArrayList.forEach(ArrayList.java:1511)
... Removed 36 stack frames</div></td></tr></table><p class="totop"><a href="#summary">back to summary</a></p>
<h3 id="m125">sanity.WebODMyAccountTest#startSession</h3><table class="result"><tr><th>Exception</th></tr><tr><td><div class="stacktrace">org.testng.TestNGException: 
Parameter &apos;platformName&apos; is required by BeforeMethod on method startSession but has not been marked @Optional or defined

	at java.base/java.util.ArrayList.forEach(ArrayList.java:1511)
... Removed 36 stack frames</div></td></tr></table><p class="totop"><a href="#summary">back to summary</a></p>
<h3 id="m126">sanity.WebODTest#afterMethod</h3><table class="result"><tr><th>Exception</th></tr><tr><td><div class="stacktrace">java.lang.NullPointerException: Cannot invoke &quot;org.openqa.selenium.WebDriver.quit()&quot; because &quot;utilities.CommonOps.driver&quot; is null
	at utilities.CommonOps.afterMethod(CommonOps.java:215)
	at java.base/java.util.ArrayList.forEach(ArrayList.java:1511)
... Removed 38 stack frames</div></td></tr></table><p class="totop"><a href="#summary">back to summary</a></p>
<h3 id="m127">sanity.WebODTest#closeSession</h3><table class="result"><tr><th>Exception</th></tr><tr><td><div class="stacktrace">java.lang.NullPointerException: Cannot invoke &quot;org.openqa.selenium.WebDriver.quit()&quot; because &quot;utilities.CommonOps.driver&quot; is null
	at utilities.CommonOps.closeSession(CommonOps.java:193)
	at java.base/java.util.ArrayList.forEach(ArrayList.java:1511)
... Removed 31 stack frames</div></td></tr></table><p class="totop"><a href="#summary">back to summary</a></p>
<h3 id="m128">sanity.WebODTest#startSession</h3><table class="result"><tr><th>Exception</th></tr><tr><td><div class="stacktrace">org.testng.TestNGException: 
Parameter &apos;platformName&apos; is required by BeforeMethod on method startSession but has not been marked @Optional or defined

	at java.base/java.util.ArrayList.forEach(ArrayList.java:1511)
... Removed 36 stack frames</div></td></tr></table><p class="totop"><a href="#summary">back to summary</a></p>
<h3 id="m129">sanity.ODEbuttonTest#Test01_ODE_daypassCancel</h3><table class="result"><tr><th>Exception</th></tr><tr><td><div class="stacktrace">org.testng.internal.reflect.MethodMatcherException: 
[public void sanity.ODEbuttonTest.Test01_ODE_daypassCancel(java.lang.String,java.lang.String,java.lang.String) throws java.lang.InterruptedException] has no parameters defined but was found to be using a data provider (either explicitly specified or inherited from class level annotation).
Data provider mismatch
Method: Test01_ODE_daypassCancel([Parameter{index=0, type=java.lang.String, declaredAnnotations=[]}, Parameter{index=1, type=java.lang.String, declaredAnnotations=[]}, Parameter{index=2, type=java.lang.String, declaredAnnotations=[]}])
Arguments: [(java.lang.String) Pune,(java.lang.String) WTC Tower 5]
	at java.base/java.util.ArrayList.forEach(ArrayList.java:1511)
... Removed 30 stack frames</div></td></tr></table><p class="totop"><a href="#summary">back to summary</a></p>
<h3 id="m130">sanity.ODAdminDashboardTest#test01_EditAdminUser</h3><table class="result"><tr><th>Exception</th></tr><tr><td><div class="stacktrace">org.testng.TestNGException: 
Parameter &apos;platformName&apos; is required by BeforeMethod on method startSession but has not been marked @Optional or defined

	at java.base/java.util.ArrayList.forEach(ArrayList.java:1511)
... Removed 36 stack frames</div></td></tr></table><p class="totop"><a href="#summary">back to summary</a></p>
<h3 id="m131">sanity.ODEMyAccountTest#Test01_ODE_Enterprise</h3><table class="result"><tr><th>Exception</th></tr><tr><td><div class="stacktrace">org.testng.TestNGException: 
Parameter &apos;platformName&apos; is required by BeforeMethod on method startSession but has not been marked @Optional or defined

	at java.base/java.util.ArrayList.forEach(ArrayList.java:1511)
... Removed 36 stack frames</div></td></tr></table><p class="totop"><a href="#summary">back to summary</a></p>
<h3 id="m132">sanity.ODEMyAccountTest#Test02_ODE_profile</h3><table class="result"><tr><th>Exception</th></tr><tr><td><div class="stacktrace">java.lang.NullPointerException: Cannot invoke &quot;org.openqa.selenium.WebDriver.quit()&quot; because &quot;utilities.CommonOps.driver&quot; is null
	at utilities.CommonOps.afterMethod(CommonOps.java:215)
	at java.base/java.util.ArrayList.forEach(ArrayList.java:1511)
... Removed 38 stack frames</div></td></tr></table><p class="totop"><a href="#summary">back to summary</a></p>
<h3 id="m133">sanity.ODEMyAccountTest#Test03_ODE_support</h3><table class="result"><tr><th>Exception</th></tr><tr><td><div class="stacktrace">org.testng.TestNGException: 
Parameter &apos;platformName&apos; is required by BeforeMethod on method startSession but has not been marked @Optional or defined

	at java.base/java.util.ArrayList.forEach(ArrayList.java:1511)
... Removed 36 stack frames</div></td></tr></table><p class="totop"><a href="#summary">back to summary</a></p>
<h3 id="m134">sanity.ODEMyAccountTest#Test04_OD_AddEmployee</h3><table class="result"><tr><th>Exception</th></tr><tr><td><div class="stacktrace">org.testng.TestNGException: 
Parameter &apos;platformName&apos; is required by BeforeMethod on method startSession but has not been marked @Optional or defined

	at java.base/java.util.ArrayList.forEach(ArrayList.java:1511)
... Removed 36 stack frames</div></td></tr></table><p class="totop"><a href="#summary">back to summary</a></p>
<h3 id="m135">sanity.ODEMyAccountTest#Test05_ODE_searchEmployee</h3><table class="result"><tr><th>Exception</th></tr><tr><td><div class="stacktrace">org.testng.TestNGException: 
Parameter &apos;platformName&apos; is required by BeforeMethod on method startSession but has not been marked @Optional or defined

	at java.base/java.util.ArrayList.forEach(ArrayList.java:1511)
... Removed 36 stack frames</div></td></tr></table><p class="totop"><a href="#summary">back to summary</a></p>
<h3 id="m136">sanity.ODEMyAccountTest#Test06_ODE_edit</h3><table class="result"><tr><th>Exception</th></tr><tr><td><div class="stacktrace">java.lang.NullPointerException: Cannot invoke &quot;org.openqa.selenium.WebDriver.quit()&quot; because &quot;utilities.CommonOps.driver&quot; is null
	at utilities.CommonOps.afterMethod(CommonOps.java:215)
	at java.base/java.util.ArrayList.forEach(ArrayList.java:1511)
... Removed 38 stack frames</div></td></tr></table><p class="totop"><a href="#summary">back to summary</a></p>
<h3 id="m137">sanity.ODEbuldaypassTest#Test01_OD_daypassbulpune</h3><table class="result"><tr class="param"><th>Parameter #1</th><th>Parameter #2</th></tr><tr class="param stripe"><td>Pune</td><td>Futura, Magarpatta Road</td></tr><tr><th colspan="2">Exception</th></tr><tr><td colspan="2"><div class="stacktrace">org.testng.TestNGException: 
Parameter &apos;platformName&apos; is required by BeforeMethod on method startSession but has not been marked @Optional or defined

	at java.base/java.util.ArrayList.forEach(ArrayList.java:1511)
... Removed 36 stack frames</div></td></tr></table><p class="totop"><a href="#summary">back to summary</a></p>
<h3 id="m138">sanity.ODEbuttonTest#Test02_OD_daypassBack</h3><table class="result"><tr class="param"><th>Parameter #1</th><th>Parameter #2</th><th>Parameter #3</th></tr><tr class="param stripe"><td>Bengaluru</td><td>Bannerghatta Main Rd</td><td> </td></tr><tr><th colspan="3">Exception</th></tr><tr><td colspan="3"><div class="stacktrace">org.testng.TestNGException: 
Parameter &apos;platformName&apos; is required by BeforeMethod on method startSession but has not been marked @Optional or defined

	at java.base/java.util.ArrayList.forEach(ArrayList.java:1511)
... Removed 36 stack frames</div></td></tr></table><p class="totop"><a href="#summary">back to summary</a></p>
<h3 id="m139">sanity.ODEbuttonTest#Test02_OD_daypassBack</h3><table class="result"><tr class="param"><th>Parameter #1</th><th>Parameter #2</th><th>Parameter #3</th></tr><tr class="param stripe"><td>Bengaluru</td><td>Central Business District</td><td>The Pavilion, Central Business District</td></tr><tr><th colspan="3">Exception</th></tr><tr><td colspan="3"><div class="stacktrace">org.testng.TestNGException: 
Parameter &apos;platformName&apos; is required by BeforeMethod on method startSession but has not been marked @Optional or defined

	at java.base/java.util.ArrayList.forEach(ArrayList.java:1511)
... Removed 36 stack frames</div></td></tr></table><p class="totop"><a href="#summary">back to summary</a></p>
<h3 id="m140">sanity.ODEbuttonTest#Test03_OD_daypassDiscard</h3><table class="result"><tr class="param"><th>Parameter #1</th><th>Parameter #2</th><th>Parameter #3</th></tr><tr class="param stripe"><td>Hyderabad</td><td>Hitec City</td><td> </td></tr><tr><th colspan="3">Exception</th></tr><tr><td colspan="3"><div class="stacktrace">org.testng.TestNGException: 
Parameter &apos;platformName&apos; is required by BeforeMethod on method startSession but has not been marked @Optional or defined

	at java.base/java.util.ArrayList.forEach(ArrayList.java:1511)
... Removed 36 stack frames</div></td></tr></table><p class="totop"><a href="#summary">back to summary</a></p>
<h3 id="m141">sanity.ODEbuttonTest#Test03_OD_daypassDiscard</h3><table class="result"><tr class="param"><th>Parameter #1</th><th>Parameter #2</th><th>Parameter #3</th></tr><tr class="param stripe"><td>Hyderabad</td><td>Financial District</td><td> </td></tr><tr><th colspan="3">Exception</th></tr><tr><td colspan="3"><div class="stacktrace">org.testng.TestNGException: 
Parameter &apos;platformName&apos; is required by BeforeMethod on method startSession but has not been marked @Optional or defined

	at java.base/java.util.ArrayList.forEach(ArrayList.java:1511)
... Removed 36 stack frames</div></td></tr></table><p class="totop"><a href="#summary">back to summary</a></p>
<h3 id="m142">sanity.ODEbuttonTest#Test04_OD_daypassOthers</h3><table class="result"><tr class="param"><th>Parameter #1</th><th>Parameter #2</th><th>Parameter #3</th></tr><tr class="param stripe"><td>Noida</td><td>Sector 16B</td><td> </td></tr><tr><th colspan="3">Exception</th></tr><tr><td colspan="3"><div class="stacktrace">org.testng.TestNGException: 
Parameter &apos;platformName&apos; is required by BeforeMethod on method startSession but has not been marked @Optional or defined

	at java.base/java.util.ArrayList.forEach(ArrayList.java:1511)
... Removed 36 stack frames</div></td></tr></table><p class="totop"><a href="#summary">back to summary</a></p>
<h3 id="m143">sanity.ODEbuttonTest#Test05_OD_daypassPrinting</h3><table class="result"><tr class="param"><th>Parameter #1</th><th>Parameter #2</th><th>Parameter #3</th></tr><tr class="param stripe"><td>Mumbai</td><td>Nariman Point</td><td>Express Towers</td></tr><tr><th colspan="3">Exception</th></tr><tr><td colspan="3"><div class="stacktrace">org.testng.TestNGException: 
Parameter &apos;platformName&apos; is required by BeforeMethod on method startSession but has not been marked @Optional or defined

	at java.base/java.util.ArrayList.forEach(ArrayList.java:1511)
... Removed 36 stack frames</div></td></tr></table><p class="totop"><a href="#summary">back to summary</a></p>
<h3 id="m144">sanity.ODEbuttonTest#Test05_OD_daypassPrinting</h3><table class="result"><tr class="param"><th>Parameter #1</th><th>Parameter #2</th><th>Parameter #3</th></tr><tr class="param stripe"><td>Mumbai</td><td>Goregaon East</td><td>Oberoi Commerz II, Goregaon East</td></tr><tr><th colspan="3">Exception</th></tr><tr><td colspan="3"><div class="stacktrace">org.testng.TestNGException: 
Parameter &apos;platformName&apos; is required by BeforeMethod on method startSession but has not been marked @Optional or defined

	at java.base/java.util.ArrayList.forEach(ArrayList.java:1511)
... Removed 36 stack frames</div></td></tr></table><p class="totop"><a href="#summary">back to summary</a></p>
<h3 id="m145">sanity.ODEbuttonTest#Test05_OD_daypassPrinting</h3><table class="result"><tr class="param"><th>Parameter #1</th><th>Parameter #2</th><th>Parameter #3</th></tr><tr class="param stripe"><td>Mumbai</td><td>WTC  Tower 5</td><td> </td></tr><tr><th colspan="3">Exception</th></tr><tr><td colspan="3"><div class="stacktrace">org.testng.TestNGException: 
Parameter &apos;platformName&apos; is required by BeforeMethod on method startSession but has not been marked @Optional or defined

	at java.base/java.util.ArrayList.forEach(ArrayList.java:1511)
... Removed 36 stack frames</div></td></tr></table><p class="totop"><a href="#summary">back to summary</a></p>
<h3 id="m146">sanity.ODEbuttonTest#Test06_OD_daypassGurugram</h3><table class="result"><tr class="param"><th>Parameter #1</th><th>Parameter #2</th><th>Parameter #3</th></tr><tr class="param stripe"><td>Gurugram</td><td>Udyog Vihar</td><td>BlueOne Square, Udyog Vihar</td></tr><tr><th colspan="3">Exception</th></tr><tr><td colspan="3"><div class="stacktrace">org.testng.TestNGException: 
Parameter &apos;platformName&apos; is required by BeforeMethod on method startSession but has not been marked @Optional or defined

	at java.base/java.util.ArrayList.forEach(ArrayList.java:1511)
... Removed 36 stack frames</div></td></tr></table><p class="totop"><a href="#summary">back to summary</a></p>
<h3 id="m147">sanity.ODEbuttonTest#Test07_OD_daypass_multipltdates</h3><table class="result"><tr class="param"><th>Parameter #1</th><th>Parameter #2</th><th>Parameter #3</th></tr><tr class="param stripe"><td>Hyderabad</td><td>Hitec City</td><td> </td></tr><tr><th colspan="3">Exception</th></tr><tr><td colspan="3"><div class="stacktrace">org.testng.TestNGException: 
Parameter &apos;platformName&apos; is required by BeforeMethod on method startSession but has not been marked @Optional or defined

	at java.base/java.util.ArrayList.forEach(ArrayList.java:1511)
... Removed 36 stack frames</div></td></tr></table><p class="totop"><a href="#summary">back to summary</a></p>
<h3 id="m148">sanity.ODEbuttonTest#Test07_OD_daypass_multipltdates</h3><table class="result"><tr class="param"><th>Parameter #1</th><th>Parameter #2</th><th>Parameter #3</th></tr><tr class="param stripe"><td>Hyderabad</td><td>Financial District</td><td> </td></tr><tr><th colspan="3">Exception</th></tr><tr><td colspan="3"><div class="stacktrace">org.testng.TestNGException: 
Parameter &apos;platformName&apos; is required by BeforeMethod on method startSession but has not been marked @Optional or defined

	at java.base/java.util.ArrayList.forEach(ArrayList.java:1511)
... Removed 36 stack frames</div></td></tr></table><p class="totop"><a href="#summary">back to summary</a></p>
<h3 id="m149">sanity.ODEdaypassTest#Test01_OD_daypasspune</h3><table class="result"><tr class="param"><th>Parameter #1</th><th>Parameter #2</th><th>Parameter #3</th></tr><tr class="param stripe"><td>Pune</td><td>Magarpatta Road</td><td> </td></tr><tr><th colspan="3">Exception</th></tr><tr><td colspan="3"><div class="stacktrace">org.testng.TestNGException: 
Parameter &apos;platformName&apos; is required by BeforeMethod on method startSession but has not been marked @Optional or defined

	at java.base/java.util.ArrayList.forEach(ArrayList.java:1511)
... Removed 36 stack frames</div></td></tr></table><p class="totop"><a href="#summary">back to summary</a></p>
<h3 id="m150">sanity.ODEdaypassTest#Test02_OD_daypassBangalore</h3><table class="result"><tr class="param"><th>Parameter #1</th><th>Parameter #2</th><th>Parameter #3</th></tr><tr class="param stripe"><td>Bengaluru</td><td>Bannerghatta Main Rd</td><td> </td></tr><tr><th colspan="3">Exception</th></tr><tr><td colspan="3"><div class="stacktrace">org.testng.TestNGException: 
Parameter &apos;platformName&apos; is required by BeforeMethod on method startSession but has not been marked @Optional or defined

	at java.base/java.util.ArrayList.forEach(ArrayList.java:1511)
... Removed 36 stack frames</div></td></tr></table><p class="totop"><a href="#summary">back to summary</a></p>
<h3 id="m151">sanity.ODEdaypassTest#Test02_OD_daypassBangalore</h3><table class="result"><tr class="param"><th>Parameter #1</th><th>Parameter #2</th><th>Parameter #3</th></tr><tr class="param stripe"><td>Bengaluru</td><td>Central Business District</td><td>The Pavilion, Central Business District</td></tr><tr><th colspan="3">Exception</th></tr><tr><td colspan="3"><div class="stacktrace">org.testng.TestNGException: 
Parameter &apos;platformName&apos; is required by BeforeMethod on method startSession but has not been marked @Optional or defined

	at java.base/java.util.ArrayList.forEach(ArrayList.java:1511)
... Removed 36 stack frames</div></td></tr></table><p class="totop"><a href="#summary">back to summary</a></p>
<h3 id="m152">sanity.ODEdaypassTest#Test03_OD_daypassHyderabad</h3><table class="result"><tr class="param"><th>Parameter #1</th><th>Parameter #2</th><th>Parameter #3</th></tr><tr class="param stripe"><td>Hyderabad</td><td>Financial District</td><td> </td></tr><tr><th colspan="3">Exception</th></tr><tr><td colspan="3"><div class="stacktrace">org.testng.TestNGException: 
Parameter &apos;platformName&apos; is required by BeforeMethod on method startSession but has not been marked @Optional or defined

	at java.base/java.util.ArrayList.forEach(ArrayList.java:1511)
... Removed 36 stack frames</div></td></tr></table><p class="totop"><a href="#summary">back to summary</a></p>
<h3 id="m153">sanity.ODEdaypassTest#Test03_OD_daypassHyderabad</h3><table class="result"><tr class="param"><th>Parameter #1</th><th>Parameter #2</th><th>Parameter #3</th></tr><tr class="param stripe"><td>Hyderabad</td><td>Hitec City</td><td> </td></tr><tr><th colspan="3">Exception</th></tr><tr><td colspan="3"><div class="stacktrace">java.lang.NullPointerException: Cannot invoke &quot;org.openqa.selenium.WebDriver.quit()&quot; because &quot;utilities.CommonOps.driver&quot; is null
	at utilities.CommonOps.afterMethod(CommonOps.java:215)
	at java.base/java.util.ArrayList.forEach(ArrayList.java:1511)
... Removed 38 stack frames</div></td></tr></table><p class="totop"><a href="#summary">back to summary</a></p>
<h3 id="m154">sanity.ODEdaypassTest#Test04_OD_daypassNoida</h3><table class="result"><tr class="param"><th>Parameter #1</th><th>Parameter #2</th><th>Parameter #3</th></tr><tr class="param stripe"><td>Noida</td><td>Sector 16B</td><td> </td></tr><tr><th colspan="3">Exception</th></tr><tr><td colspan="3"><div class="stacktrace">java.lang.NullPointerException: Cannot invoke &quot;org.openqa.selenium.WebDriver.quit()&quot; because &quot;utilities.CommonOps.driver&quot; is null
	at utilities.CommonOps.afterMethod(CommonOps.java:215)
	at java.base/java.util.ArrayList.forEach(ArrayList.java:1511)
... Removed 38 stack frames</div></td></tr></table><p class="totop"><a href="#summary">back to summary</a></p>
<h3 id="m155">sanity.ODEdaypassTest#Test05_OD_daypassMumbai</h3><table class="result"><tr class="param"><th>Parameter #1</th><th>Parameter #2</th><th>Parameter #3</th></tr><tr class="param stripe"><td>Mumbai</td><td>WTC  Tower 5</td><td> </td></tr><tr><th colspan="3">Exception</th></tr><tr><td colspan="3"><div class="stacktrace">java.lang.NullPointerException: Cannot invoke &quot;org.openqa.selenium.WebDriver.quit()&quot; because &quot;utilities.CommonOps.driver&quot; is null
	at utilities.CommonOps.afterMethod(CommonOps.java:215)
	at java.base/java.util.ArrayList.forEach(ArrayList.java:1511)
... Removed 38 stack frames</div></td></tr></table><p class="totop"><a href="#summary">back to summary</a></p>
<h3 id="m156">sanity.ODEdaypassTest#Test05_OD_daypassMumbai</h3><table class="result"><tr class="param"><th>Parameter #1</th><th>Parameter #2</th><th>Parameter #3</th></tr><tr class="param stripe"><td>Mumbai</td><td>Nariman Point</td><td>Express Towers</td></tr><tr><th colspan="3">Exception</th></tr><tr><td colspan="3"><div class="stacktrace">java.lang.NullPointerException: Cannot invoke &quot;org.openqa.selenium.WebDriver.quit()&quot; because &quot;utilities.CommonOps.driver&quot; is null
	at utilities.CommonOps.afterMethod(CommonOps.java:215)
	at java.base/java.util.ArrayList.forEach(ArrayList.java:1511)
... Removed 38 stack frames</div></td></tr></table><p class="totop"><a href="#summary">back to summary</a></p>
<h3 id="m157">sanity.ODEdaypassTest#Test06_OD_daypassGurugram</h3><table class="result"><tr class="param"><th>Parameter #1</th><th>Parameter #2</th><th>Parameter #3</th></tr><tr class="param stripe"><td>Gurugram</td><td>Udyog Vihar</td><td>BlueOne Square, Udyog Vihar</td></tr><tr><th colspan="3">Exception</th></tr><tr><td colspan="3"><div class="stacktrace">java.lang.NullPointerException: Cannot invoke &quot;org.openqa.selenium.WebDriver.quit()&quot; because &quot;utilities.CommonOps.driver&quot; is null
	at utilities.CommonOps.afterMethod(CommonOps.java:215)
	at java.base/java.util.ArrayList.forEach(ArrayList.java:1511)
... Removed 38 stack frames</div></td></tr></table><p class="totop"><a href="#summary">back to summary</a></p>
<h3 id="m158">sanity.ODEdaypassTest#Test06_OD_daypassGurugram</h3><table class="result"><tr class="param"><th>Parameter #1</th><th>Parameter #2</th><th>Parameter #3</th></tr><tr class="param stripe"><td>Gurugram</td><td>Bristol Chowk</td><td> </td></tr><tr><th colspan="3">Exception</th></tr><tr><td colspan="3"><div class="stacktrace">java.lang.NullPointerException: Cannot invoke &quot;org.openqa.selenium.WebDriver.quit()&quot; because &quot;utilities.CommonOps.driver&quot; is null
	at utilities.CommonOps.afterMethod(CommonOps.java:215)
	at java.base/java.util.ArrayList.forEach(ArrayList.java:1511)
... Removed 38 stack frames</div></td></tr></table><p class="totop"><a href="#summary">back to summary</a></p>
<h3 id="m159">sanity.ODEdaypassTest#Test07_OD_daypass_multipltdates</h3><table class="result"><tr class="param"><th>Parameter #1</th><th>Parameter #2</th><th>Parameter #3</th></tr><tr class="param stripe"><td>Hyderabad</td><td>Financial District</td><td> </td></tr><tr><th colspan="3">Exception</th></tr><tr><td colspan="3"><div class="stacktrace">java.lang.NullPointerException: Cannot invoke &quot;org.openqa.selenium.WebDriver.quit()&quot; because &quot;utilities.CommonOps.driver&quot; is null
	at utilities.CommonOps.afterMethod(CommonOps.java:215)
	at java.base/java.util.ArrayList.forEach(ArrayList.java:1511)
... Removed 38 stack frames</div></td></tr></table><p class="totop"><a href="#summary">back to summary</a></p>
<h3 id="m160">sanity.ODEdaypassTest#Test07_OD_daypass_multipltdates</h3><table class="result"><tr class="param"><th>Parameter #1</th><th>Parameter #2</th><th>Parameter #3</th></tr><tr class="param stripe"><td>Hyderabad</td><td>Hitec City</td><td> </td></tr><tr><th colspan="3">Exception</th></tr><tr><td colspan="3"><div class="stacktrace">java.lang.NullPointerException: Cannot invoke &quot;org.openqa.selenium.WebDriver.quit()&quot; because &quot;utilities.CommonOps.driver&quot; is null
	at utilities.CommonOps.afterMethod(CommonOps.java:215)
	at java.base/java.util.ArrayList.forEach(ArrayList.java:1511)
... Removed 38 stack frames</div></td></tr></table><p class="totop"><a href="#summary">back to summary</a></p>
<h3 id="m161">sanity.SelectAllAccessWrkspaceTest#test01_SelectAllAccessInPune</h3><table class="result"><tr class="param"><th>Parameter #1</th><th>Parameter #2</th><th>Parameter #3</th></tr><tr class="param stripe"><td>Pune</td><td>Magarpatta</td><td>Panchshil Futura</td></tr><tr><th colspan="3">Exception</th></tr><tr><td colspan="3"><div class="stacktrace">org.testng.TestNGException: 
Parameter &apos;platformName&apos; is required by BeforeMethod on method startSession but has not been marked @Optional or defined

	at java.base/java.util.ArrayList.forEach(ArrayList.java:1511)
... Removed 36 stack frames</div></td></tr></table><p class="totop"><a href="#summary">back to summary</a></p>
<h3 id="m162">sanity.SelectConferenceRoomTest#test01_SelectConferenceRoomInPune</h3><table class="result"><tr class="param"><th>Parameter #1</th><th>Parameter #2</th><th>Parameter #3</th></tr><tr class="param stripe"><td>Pune</td><td>Magarpatta</td><td>Panchshil Futura</td></tr><tr><th colspan="3">Exception</th></tr><tr><td colspan="3"><div class="stacktrace">org.testng.TestNGException: 
Parameter &apos;platformName&apos; is required by BeforeMethod on method startSession but has not been marked @Optional or defined

	at java.base/java.util.ArrayList.forEach(ArrayList.java:1511)
... Removed 36 stack frames</div></td></tr></table><p class="totop"><a href="#summary">back to summary</a></p>
<h3 id="m163">sanity.SelectDayPassTest#test01_SelectDayPassInPune</h3><table class="result"><tr class="param"><th>Parameter #1</th><th>Parameter #2</th><th>Parameter #3</th></tr><tr class="param stripe"><td>Pune</td><td>Magarpatta</td><td>Panchshil Futura</td></tr><tr><th colspan="3">Exception</th></tr><tr><td colspan="3"><div class="stacktrace">org.testng.TestNGException: 
Parameter &apos;platformName&apos; is required by BeforeMethod on method startSession but has not been marked @Optional or defined

	at java.base/java.util.ArrayList.forEach(ArrayList.java:1511)
... Removed 36 stack frames</div></td></tr></table><p class="totop"><a href="#summary">back to summary</a></p>
<h3 id="m164">sanity.SelectEnterpriseSolutionsTest#test01_SelectEnterpriseDayPassInPune</h3><table class="result"><tr class="param"><th>Parameter #1</th><th>Parameter #2</th><th>Parameter #3</th></tr><tr class="param stripe"><td>Pune</td><td>Kharadi</td><td>20-50</td></tr><tr><th colspan="3">Exception</th></tr><tr><td colspan="3"><div class="stacktrace">org.testng.TestNGException: 
Parameter &apos;platformName&apos; is required by BeforeMethod on method startSession but has not been marked @Optional or defined

	at java.base/java.util.ArrayList.forEach(ArrayList.java:1511)
... Removed 36 stack frames</div></td></tr></table><p class="totop"><a href="#summary">back to summary</a></p>
<h3 id="m165">sanity.SelectEventsAndWorkspacesTest#test01_SelectEventsAndWorkspaces</h3><table class="result"><tr><th>Exception</th></tr><tr><td><div class="stacktrace">org.testng.TestNGException: 
Parameter &apos;platformName&apos; is required by BeforeMethod on method startSession but has not been marked @Optional or defined

	at java.base/java.util.ArrayList.forEach(ArrayList.java:1511)
... Removed 36 stack frames</div></td></tr></table><p class="totop"><a href="#summary">back to summary</a></p>
<h3 id="m166">sanity.SelectHotDeskTest#test01_SelectHotdeskInPune</h3><table class="result"><tr class="param"><th>Parameter #1</th><th>Parameter #2</th><th>Parameter #3</th></tr><tr class="param stripe"><td>Pune</td><td>Kharadi</td><td>World Trade Center</td></tr><tr><th colspan="3">Exception</th></tr><tr><td colspan="3"><div class="stacktrace">org.testng.TestNGException: 
Parameter &apos;platformName&apos; is required by BeforeMethod on method startSession but has not been marked @Optional or defined

	at java.base/java.util.ArrayList.forEach(ArrayList.java:1511)
... Removed 36 stack frames</div></td></tr></table><p class="totop"><a href="#summary">back to summary</a></p>
<h3 id="m167">sanity.SelectPrivateOfficeTest#test01_SelectPrivateOfficeInPune</h3><table class="result"><tr class="param"><th>Parameter #1</th><th>Parameter #2</th><th>Parameter #3</th></tr><tr class="param stripe"><td>Pune</td><td>Kharadi</td><td>World Trade Center</td></tr><tr><th colspan="3">Exception</th></tr><tr><td colspan="3"><div class="stacktrace">org.testng.TestNGException: 
Parameter &apos;platformName&apos; is required by BeforeMethod on method startSession but has not been marked @Optional or defined

	at java.base/java.util.ArrayList.forEach(ArrayList.java:1511)
... Removed 36 stack frames</div></td></tr></table><p class="totop"><a href="#summary">back to summary</a></p>
<h3 id="m168">sanity.SelectSubscriptionsTest#test01_SelectSubscriptions</h3><table class="result"><tr class="param"><th>Parameter #1</th><th>Parameter #2</th><th>Parameter #3</th></tr><tr class="param stripe"><td>Office suite</td><td>Enquire now</td><td>Office Suite</td></tr><tr><th colspan="3">Exception</th></tr><tr><td colspan="3"><div class="stacktrace">org.testng.TestNGException: 
Parameter &apos;platformName&apos; is required by BeforeMethod on method startSession but has not been marked @Optional or defined

	at java.base/java.util.ArrayList.forEach(ArrayList.java:1511)
... Removed 36 stack frames</div></td></tr></table><p class="totop"><a href="#summary">back to summary</a></p>
<h3 id="m169">sanity.SelectSubscriptionsTest#test01_SelectSubscriptions</h3><table class="result"><tr class="param"><th>Parameter #1</th><th>Parameter #2</th><th>Parameter #3</th></tr><tr class="param stripe"><td>Hot desk</td><td>Book a workspace</td><td>Hot Desk</td></tr><tr><th colspan="3">Exception</th></tr><tr><td colspan="3"><div class="stacktrace">org.testng.TestNGException: 
Parameter &apos;platformName&apos; is required by BeforeMethod on method startSession but has not been marked @Optional or defined

	at java.base/java.util.ArrayList.forEach(ArrayList.java:1511)
... Removed 36 stack frames</div></td></tr></table><p class="totop"><a href="#summary">back to summary</a></p>
<h3 id="m170">sanity.SelectSubscriptionsTest#test01_SelectSubscriptions</h3><table class="result"><tr class="param"><th>Parameter #1</th><th>Parameter #2</th><th>Parameter #3</th></tr><tr class="param stripe"><td>All Access</td><td>Book a workspace</td><td>All Access</td></tr><tr><th colspan="3">Exception</th></tr><tr><td colspan="3"><div class="stacktrace">org.testng.TestNGException: 
Parameter &apos;platformName&apos; is required by BeforeMethod on method startSession but has not been marked @Optional or defined

	at java.base/java.util.ArrayList.forEach(ArrayList.java:1511)
... Removed 36 stack frames</div></td></tr></table><p class="totop"><a href="#summary">back to summary</a></p>
<h3 id="m171">sanity.SelectSubscriptionsTest#test01_SelectSubscriptions</h3><table class="result"><tr class="param"><th>Parameter #1</th><th>Parameter #2</th><th>Parameter #3</th></tr><tr class="param stripe"><td>Ready-to-move-in private offices</td><td>Know more</td><td>Private Office Space</td></tr><tr><th colspan="3">Exception</th></tr><tr><td colspan="3"><div class="stacktrace">org.testng.TestNGException: 
Parameter &apos;platformName&apos; is required by BeforeMethod on method startSession but has not been marked @Optional or defined

	at java.base/java.util.ArrayList.forEach(ArrayList.java:1511)
... Removed 36 stack frames</div></td></tr></table><p class="totop"><a href="#summary">back to summary</a></p>
<h3 id="m172">sanity.SelectVirtualOfficeTest#test01_VerifySelectVirtualOfficeInPune</h3><table class="result"><tr class="param"><th>Parameter #1</th><th>Parameter #2</th><th>Parameter #3</th><th>Parameter #4</th></tr><tr class="param stripe"><td>Pune</td><td>Magarpatta</td><td>Panchshil Futura</td><td>Futura, Magarpatta Road</td></tr><tr><th colspan="4">Exception</th></tr><tr><td colspan="4"><div class="stacktrace">org.testng.TestNGException: 
Parameter &apos;platformName&apos; is required by BeforeMethod on method startSession but has not been marked @Optional or defined

	at java.base/java.util.ArrayList.forEach(ArrayList.java:1511)
... Removed 36 stack frames</div></td></tr></table><p class="totop"><a href="#summary">back to summary</a></p>
<h3 id="m173">sanity.WeWorkWebAppTest#test06_SelectCareersFromContactUsBtn</h3><table class="result"><tr><th>Exception</th></tr><tr><td><div class="stacktrace">org.testng.TestNGException: 
Parameter &apos;platformName&apos; is required by BeforeMethod on method startSession but has not been marked @Optional or defined

	at java.base/java.util.ArrayList.forEach(ArrayList.java:1511)
... Removed 36 stack frames</div></td></tr></table><p class="totop"><a href="#summary">back to summary</a></p>
<h3 id="m174">sanity.WebAppTest#test08_VerifyContactUsFeature</h3><table class="result"><tr><th>Exception</th></tr><tr><td><div class="stacktrace">org.testng.TestNGException: 
Parameter &apos;platformName&apos; is required by BeforeMethod on method startSession but has not been marked @Optional or defined

	at java.base/java.util.ArrayList.forEach(ArrayList.java:1511)
... Removed 36 stack frames</div></td></tr></table><p class="totop"><a href="#summary">back to summary</a></p>
<h3 id="m175">sanity.WebODBundlesTest#test02_OD_Bundles</h3><table class="result"><tr><th>Exception</th></tr><tr><td><div class="stacktrace">org.testng.TestNGException: 
Parameter &apos;platformName&apos; is required by BeforeMethod on method startSession but has not been marked @Optional or defined

	at java.base/java.util.ArrayList.forEach(ArrayList.java:1511)
... Removed 36 stack frames</div></td></tr></table><p class="totop"><a href="#summary">back to summary</a></p>
<h3 id="m176">sanity.WebODMyAccountTest#test01_Changeprofile</h3><table class="result"><tr><th>Exception</th></tr><tr><td><div class="stacktrace">org.testng.TestNGException: 
Parameter &apos;platformName&apos; is required by BeforeMethod on method startSession but has not been marked @Optional or defined

	at java.base/java.util.ArrayList.forEach(ArrayList.java:1511)
... Removed 36 stack frames</div></td></tr></table><p class="totop"><a href="#summary">back to summary</a></p>
<h3 id="m177">sanity.WebODMyAccountTest#test02_Account_details</h3><table class="result"><tr><th>Exception</th></tr><tr><td><div class="stacktrace">org.testng.TestNGException: 
Parameter &apos;platformName&apos; is required by BeforeMethod on method startSession but has not been marked @Optional or defined

	at java.base/java.util.ArrayList.forEach(ArrayList.java:1511)
... Removed 36 stack frames</div></td></tr></table><p class="totop"><a href="#summary">back to summary</a></p>
<h3 id="m178">sanity.WebODMyAccountTest#test03_Team</h3><table class="result"><tr><th>Exception</th></tr><tr><td><div class="stacktrace">org.testng.TestNGException: 
Parameter &apos;platformName&apos; is required by BeforeMethod on method startSession but has not been marked @Optional or defined

	at java.base/java.util.ArrayList.forEach(ArrayList.java:1511)
... Removed 36 stack frames</div></td></tr></table><p class="totop"><a href="#summary">back to summary</a></p>
<h3 id="m179">sanity.WebODMyAccountTest#test04_Refer</h3><table class="result"><tr><th>Exception</th></tr><tr><td><div class="stacktrace">org.testng.TestNGException: 
Parameter &apos;platformName&apos; is required by BeforeMethod on method startSession but has not been marked @Optional or defined

	at java.base/java.util.ArrayList.forEach(ArrayList.java:1511)
... Removed 36 stack frames</div></td></tr></table><p class="totop"><a href="#summary">back to summary</a></p>
<h3 id="m180">sanity.WebODMyAccountTest#test05_NavRefer</h3><table class="result"><tr><th>Exception</th></tr><tr><td><div class="stacktrace">org.testng.TestNGException: 
Parameter &apos;platformName&apos; is required by BeforeMethod on method startSession but has not been marked @Optional or defined

	at java.base/java.util.ArrayList.forEach(ArrayList.java:1511)
... Removed 36 stack frames</div></td></tr></table><p class="totop"><a href="#summary">back to summary</a></p>
<h3 id="m181">sanity.WebODMyAccountTest#test06_NavRefer</h3><table class="result"><tr><th>Exception</th></tr><tr><td><div class="stacktrace">org.testng.TestNGException: 
Parameter &apos;platformName&apos; is required by BeforeMethod on method startSession but has not been marked @Optional or defined

	at java.base/java.util.ArrayList.forEach(ArrayList.java:1511)
... Removed 36 stack frames</div></td></tr></table><p class="totop"><a href="#summary">back to summary</a></p>
<h3 id="m182">sanity.WebODMyAccountTest#test07_Booking</h3><table class="result"><tr><th>Exception</th></tr><tr><td><div class="stacktrace">org.testng.TestNGException: 
Parameter &apos;platformName&apos; is required by BeforeMethod on method startSession but has not been marked @Optional or defined

	at java.base/java.util.ArrayList.forEach(ArrayList.java:1511)
... Removed 36 stack frames</div></td></tr></table><p class="totop"><a href="#summary">back to summary</a></p>
<h3 id="m183">sanity.WebODMyAccountTest#test08_Booking_filter</h3><table class="result"><tr><th>Exception</th></tr><tr><td><div class="stacktrace">org.testng.TestNGException: 
Parameter &apos;platformName&apos; is required by BeforeMethod on method startSession but has not been marked @Optional or defined

	at java.base/java.util.ArrayList.forEach(ArrayList.java:1511)
... Removed 36 stack frames</div></td></tr></table><p class="totop"><a href="#summary">back to summary</a></p>
<h3 id="m184">sanity.WebODTest#test01_OD_daypass</h3><table class="result"><tr class="param"><th>Parameter #1</th><th>Parameter #2</th></tr><tr class="param stripe"><td>Pune</td><td>Magarpatta Road</td></tr><tr><th colspan="2">Exception</th></tr><tr><td colspan="2"><div class="stacktrace">org.testng.TestNGException: 
Parameter &apos;platformName&apos; is required by BeforeMethod on method startSession but has not been marked @Optional or defined

	at java.base/java.util.ArrayList.forEach(ArrayList.java:1511)
... Removed 36 stack frames</div></td></tr></table><p class="totop"><a href="#summary">back to summary</a></p>
</body>
</html>
