<!DOCTYPE html>

<html>
  <head>
  <meta charset='utf-8'>
  <title>TestNG reports</title>

    <link type="text/css" href="testng-reports1.css" rel="stylesheet" id="ultra" />
    <link type="text/css" href="testng-reports.css" rel="stylesheet" id="retro" disabled="false"/>
    <script type="text/javascript" src="jquery.min.js"></script>
    <script type="text/javascript" src="testng-reports.js"></script>
    <script type="text/javascript" src="https://www.google.com/jsapi"></script>
    <script type='text/javascript'>
      google.load('visualization', '1', {packages:['table']});
      google.setOnLoadCallback(drawTable);
      var suiteTableInitFunctions = new Array();
      var suiteTableData = new Array();
    </script>
    <!--
      <script type="text/javascript" src="jquery-ui/js/jquery-ui-1.8.16.custom.min.js"></script>
     -->
  </head>

  <body>
    <div class="top-banner-root">
      <span class="top-banner-title-font">Test results</span>
      <button id="button" class="button">Switch Retro Theme</button> <!-- button -->
      <br/>
      <span class="top-banner-font-1">1 suite, 1 failed test</span>
    </div> <!-- top-banner-root -->
    <div class="navigator-root">
      <div class="navigator-suite-header">
        <span>All suites</span>
        <a href="#" title="Collapse/expand all the suites" class="collapse-all-link">
          <img src="collapseall.gif" class="collapse-all-icon">
          </img> <!-- collapse-all-icon -->
        </a> <!-- collapse-all-link -->
      </div> <!-- navigator-suite-header -->
      <div class="suite">
        <div class="rounded-window">
          <div class="suite-header light-rounded-window-top">
            <a href="#" panel-name="suite-Command_line_suite" class="navigator-link">
              <span class="suite-name border-failed">Command line suite</span>
            </a> <!-- navigator-link -->
          </div> <!-- suite-header light-rounded-window-top -->
          <div class="navigator-suite-content">
            <div class="suite-section-title">
              <span>Info</span>
            </div> <!-- suite-section-title -->
            <div class="suite-section-content">
              <ul>
                <li>
                  <a href="#" panel-name="test-xml-Command_line_suite" class="navigator-link ">
                    <span>[unset file name]</span>
                  </a> <!-- navigator-link  -->
                </li>
                <li>
                  <a href="#" panel-name="testlist-Command_line_suite" class="navigator-link ">
                    <span class="test-stats">1 test</span>
                  </a> <!-- navigator-link  -->
                </li>
                <li>
                  <a href="#" panel-name="group-Command_line_suite" class="navigator-link ">
                    <span>3 groups</span>
                  </a> <!-- navigator-link  -->
                </li>
                <li>
                  <a href="#" panel-name="times-Command_line_suite" class="navigator-link ">
                    <span>Times</span>
                  </a> <!-- navigator-link  -->
                </li>
                <li>
                  <a href="#" panel-name="reporter-Command_line_suite" class="navigator-link ">
                    <span>Reporter output</span>
                  </a> <!-- navigator-link  -->
                </li>
                <li>
                  <a href="#" panel-name="ignored-methods-Command_line_suite" class="navigator-link ">
                    <span>Ignored methods</span>
                  </a> <!-- navigator-link  -->
                </li>
                <li>
                  <a href="#" panel-name="chronological-Command_line_suite" class="navigator-link ">
                    <span>Chronological view</span>
                  </a> <!-- navigator-link  -->
                </li>
              </ul>
            </div> <!-- suite-section-content -->
            <div class="result-section">
              <div class="suite-section-title">
                <span>Results</span>
              </div> <!-- suite-section-title -->
              <div class="suite-section-content">
                <ul>
                  <li>
                    <span class="method-stats">56 methods, 1 failed,  55 skipped,  </span>
                  </li>
                  <li>
                    <span class="method-list-title failed">Failed methods</span>
                    <span class="show-or-hide-methods failed">
                      <a href="#" panel-name="suite-Command_line_suite" class="hide-methods failed suite-Command_line_suite"> (hide)</a> <!-- hide-methods failed suite-Command_line_suite -->
                      <a href="#" panel-name="suite-Command_line_suite" class="show-methods failed suite-Command_line_suite"> (show)</a> <!-- show-methods failed suite-Command_line_suite -->
                    </span>
                    <div class="method-list-content failed suite-Command_line_suite">
                      <span>
                        <img src="failed.png" width="3%"/>
                        <a href="#" panel-name="suite-Command_line_suite" title="sanity.ODEbuttonTest" class="method navigator-link" hash-for-method="Test01_ODE_daypassCancel">Test01_ODE_daypassCancel</a> <!-- method navigator-link -->
                      </span>
                      <br/>
                    </div> <!-- method-list-content failed suite-Command_line_suite -->
                  </li>
                  <li>
                    <span class="method-list-title skipped">Skipped methods</span>
                    <span class="show-or-hide-methods skipped">
                      <a href="#" panel-name="suite-Command_line_suite" class="hide-methods skipped suite-Command_line_suite"> (hide)</a> <!-- hide-methods skipped suite-Command_line_suite -->
                      <a href="#" panel-name="suite-Command_line_suite" class="show-methods skipped suite-Command_line_suite"> (show)</a> <!-- show-methods skipped suite-Command_line_suite -->
                    </span>
                    <div class="method-list-content skipped suite-Command_line_suite">
                      <span>
                        <img src="skipped.png" width="3%"/>
                        <a href="#" panel-name="suite-Command_line_suite" title="sanity.ODEMyAccountTest" class="method navigator-link" hash-for-method="Test01_ODE_Enterprise">Test01_ODE_Enterprise</a> <!-- method navigator-link -->
                      </span>
                      <br/>
                      <span>
                        <img src="skipped.png" width="3%"/>
                        <a href="#" panel-name="suite-Command_line_suite" title="sanity.ODEbuldaypassTest" class="method navigator-link" hash-for-method="Test01_OD_daypassbulpune(Pune, Futura, Magarpatta Road)">Test01_OD_daypassbulpune(Pune, Futura, Magarpatta Road)</a> <!-- method navigator-link -->
                      </span>
                      <br/>
                      <span>
                        <img src="skipped.png" width="3%"/>
                        <a href="#" panel-name="suite-Command_line_suite" title="sanity.ODEdaypassTest" class="method navigator-link" hash-for-method="Test01_OD_daypasspune(Pune, Magarpatta Road,  )">Test01_OD_daypasspune(Pune, Magarpatta Road,  )</a> <!-- method navigator-link -->
                      </span>
                      <br/>
                      <span>
                        <img src="skipped.png" width="3%"/>
                        <a href="#" panel-name="suite-Command_line_suite" title="sanity.ODEMyAccountTest" class="method navigator-link" hash-for-method="Test02_ODE_profile">Test02_ODE_profile</a> <!-- method navigator-link -->
                      </span>
                      <br/>
                      <span>
                        <img src="skipped.png" width="3%"/>
                        <a href="#" panel-name="suite-Command_line_suite" title="sanity.ODEbuttonTest" class="method navigator-link" hash-for-method="Test02_OD_daypassBack(Bengaluru, Bannerghatta Main Rd,  )">Test02_OD_daypassBack(Bengaluru, Bannerghatta Main Rd,  )</a> <!-- method navigator-link -->
                      </span>
                      <br/>
                      <span>
                        <img src="skipped.png" width="3%"/>
                        <a href="#" panel-name="suite-Command_line_suite" title="sanity.ODEbuttonTest" class="method navigator-link" hash-for-method="Test02_OD_daypassBack(Bengaluru, Central Business District, The Pavilion, Central Business District)">Test02_OD_daypassBack(Bengaluru, Central Business District, The Pavilion, Central Business District)</a> <!-- method navigator-link -->
                      </span>
                      <br/>
                      <span>
                        <img src="skipped.png" width="3%"/>
                        <a href="#" panel-name="suite-Command_line_suite" title="sanity.ODEdaypassTest" class="method navigator-link" hash-for-method="Test02_OD_daypassBangalore(Bengaluru, Bannerghatta Main Rd,  )">Test02_OD_daypassBangalore(Bengaluru, Bannerghatta Main Rd,  )</a> <!-- method navigator-link -->
                      </span>
                      <br/>
                      <span>
                        <img src="skipped.png" width="3%"/>
                        <a href="#" panel-name="suite-Command_line_suite" title="sanity.ODEdaypassTest" class="method navigator-link" hash-for-method="Test02_OD_daypassBangalore(Bengaluru, Central Business District, The Pavilion, Central Business District)">Test02_OD_daypassBangalore(Bengaluru, Central Business District, The Pavilion, Central Business District)</a> <!-- method navigator-link -->
                      </span>
                      <br/>
                      <span>
                        <img src="skipped.png" width="3%"/>
                        <a href="#" panel-name="suite-Command_line_suite" title="sanity.ODEMyAccountTest" class="method navigator-link" hash-for-method="Test03_ODE_support">Test03_ODE_support</a> <!-- method navigator-link -->
                      </span>
                      <br/>
                      <span>
                        <img src="skipped.png" width="3%"/>
                        <a href="#" panel-name="suite-Command_line_suite" title="sanity.ODEbuttonTest" class="method navigator-link" hash-for-method="Test03_OD_daypassDiscard(Hyderabad, Hitec City,  )">Test03_OD_daypassDiscard(Hyderabad, Hitec City,  )</a> <!-- method navigator-link -->
                      </span>
                      <br/>
                      <span>
                        <img src="skipped.png" width="3%"/>
                        <a href="#" panel-name="suite-Command_line_suite" title="sanity.ODEbuttonTest" class="method navigator-link" hash-for-method="Test03_OD_daypassDiscard(Hyderabad, Financial District,  )">Test03_OD_daypassDiscard(Hyderabad, Financial District,  )</a> <!-- method navigator-link -->
                      </span>
                      <br/>
                      <span>
                        <img src="skipped.png" width="3%"/>
                        <a href="#" panel-name="suite-Command_line_suite" title="sanity.ODEdaypassTest" class="method navigator-link" hash-for-method="Test03_OD_daypassHyderabad(Hyderabad, Financial District,  )">Test03_OD_daypassHyderabad(Hyderabad, Financial District,  )</a> <!-- method navigator-link -->
                      </span>
                      <br/>
                      <span>
                        <img src="skipped.png" width="3%"/>
                        <a href="#" panel-name="suite-Command_line_suite" title="sanity.ODEdaypassTest" class="method navigator-link" hash-for-method="Test03_OD_daypassHyderabad(Hyderabad, Hitec City,  )">Test03_OD_daypassHyderabad(Hyderabad, Hitec City,  )</a> <!-- method navigator-link -->
                      </span>
                      <br/>
                      <span>
                        <img src="skipped.png" width="3%"/>
                        <a href="#" panel-name="suite-Command_line_suite" title="sanity.ODEMyAccountTest" class="method navigator-link" hash-for-method="Test04_OD_AddEmployee">Test04_OD_AddEmployee</a> <!-- method navigator-link -->
                      </span>
                      <br/>
                      <span>
                        <img src="skipped.png" width="3%"/>
                        <a href="#" panel-name="suite-Command_line_suite" title="sanity.ODEdaypassTest" class="method navigator-link" hash-for-method="Test04_OD_daypassNoida(Noida, Sector 16B,  )">Test04_OD_daypassNoida(Noida, Sector 16B,  )</a> <!-- method navigator-link -->
                      </span>
                      <br/>
                      <span>
                        <img src="skipped.png" width="3%"/>
                        <a href="#" panel-name="suite-Command_line_suite" title="sanity.ODEbuttonTest" class="method navigator-link" hash-for-method="Test04_OD_daypassOthers(Noida, Sector 16B,  )">Test04_OD_daypassOthers(Noida, Sector 16B,  )</a> <!-- method navigator-link -->
                      </span>
                      <br/>
                      <span>
                        <img src="skipped.png" width="3%"/>
                        <a href="#" panel-name="suite-Command_line_suite" title="sanity.ODEMyAccountTest" class="method navigator-link" hash-for-method="Test05_ODE_searchEmployee">Test05_ODE_searchEmployee</a> <!-- method navigator-link -->
                      </span>
                      <br/>
                      <span>
                        <img src="skipped.png" width="3%"/>
                        <a href="#" panel-name="suite-Command_line_suite" title="sanity.ODEdaypassTest" class="method navigator-link" hash-for-method="Test05_OD_daypassMumbai(Mumbai, WTC  Tower 5,  )">Test05_OD_daypassMumbai(Mumbai, WTC  Tower 5,  )</a> <!-- method navigator-link -->
                      </span>
                      <br/>
                      <span>
                        <img src="skipped.png" width="3%"/>
                        <a href="#" panel-name="suite-Command_line_suite" title="sanity.ODEdaypassTest" class="method navigator-link" hash-for-method="Test05_OD_daypassMumbai(Mumbai, Nariman Point, Express Towers)">Test05_OD_daypassMumbai(Mumbai, Nariman Point, Express Towers)</a> <!-- method navigator-link -->
                      </span>
                      <br/>
                      <span>
                        <img src="skipped.png" width="3%"/>
                        <a href="#" panel-name="suite-Command_line_suite" title="sanity.ODEbuttonTest" class="method navigator-link" hash-for-method="Test05_OD_daypassPrinting(Mumbai, Nariman Point, Express Towers)">Test05_OD_daypassPrinting(Mumbai, Nariman Point, Express Towers)</a> <!-- method navigator-link -->
                      </span>
                      <br/>
                      <span>
                        <img src="skipped.png" width="3%"/>
                        <a href="#" panel-name="suite-Command_line_suite" title="sanity.ODEbuttonTest" class="method navigator-link" hash-for-method="Test05_OD_daypassPrinting(Mumbai, Goregaon East, Oberoi Commerz II, Goregaon East)">Test05_OD_daypassPrinting(Mumbai, Goregaon East, Oberoi Commerz II, Goregaon East)</a> <!-- method navigator-link -->
                      </span>
                      <br/>
                      <span>
                        <img src="skipped.png" width="3%"/>
                        <a href="#" panel-name="suite-Command_line_suite" title="sanity.ODEbuttonTest" class="method navigator-link" hash-for-method="Test05_OD_daypassPrinting(Mumbai, WTC  Tower 5,  )">Test05_OD_daypassPrinting(Mumbai, WTC  Tower 5,  )</a> <!-- method navigator-link -->
                      </span>
                      <br/>
                      <span>
                        <img src="skipped.png" width="3%"/>
                        <a href="#" panel-name="suite-Command_line_suite" title="sanity.ODEMyAccountTest" class="method navigator-link" hash-for-method="Test06_ODE_edit">Test06_ODE_edit</a> <!-- method navigator-link -->
                      </span>
                      <br/>
                      <span>
                        <img src="skipped.png" width="3%"/>
                        <a href="#" panel-name="suite-Command_line_suite" title="sanity.ODEdaypassTest" class="method navigator-link" hash-for-method="Test06_OD_daypassGurugram(Gurugram, Udyog Vihar, BlueOne Square, Udyog Vihar)">Test06_OD_daypassGurugram(Gurugram, Udyog Vihar, BlueOne Square, Udyog Vihar)</a> <!-- method navigator-link -->
                      </span>
                      <br/>
                      <span>
                        <img src="skipped.png" width="3%"/>
                        <a href="#" panel-name="suite-Command_line_suite" title="sanity.ODEdaypassTest" class="method navigator-link" hash-for-method="Test06_OD_daypassGurugram(Gurugram, Bristol Chowk,  )">Test06_OD_daypassGurugram(Gurugram, Bristol Chowk,  )</a> <!-- method navigator-link -->
                      </span>
                      <br/>
                      <span>
                        <img src="skipped.png" width="3%"/>
                        <a href="#" panel-name="suite-Command_line_suite" title="sanity.ODEbuttonTest" class="method navigator-link" hash-for-method="Test06_OD_daypassGurugram(Gurugram, Udyog Vihar, BlueOne Square, Udyog Vihar)">Test06_OD_daypassGurugram(Gurugram, Udyog Vihar, BlueOne Square, Udyog Vihar)</a> <!-- method navigator-link -->
                      </span>
                      <br/>
                      <span>
                        <img src="skipped.png" width="3%"/>
                        <a href="#" panel-name="suite-Command_line_suite" title="sanity.ODEdaypassTest" class="method navigator-link" hash-for-method="Test07_OD_daypass_multipltdates(Hyderabad, Financial District,  )">Test07_OD_daypass_multipltdates(Hyderabad, Financial District,  )</a> <!-- method navigator-link -->
                      </span>
                      <br/>
                      <span>
                        <img src="skipped.png" width="3%"/>
                        <a href="#" panel-name="suite-Command_line_suite" title="sanity.ODEdaypassTest" class="method navigator-link" hash-for-method="Test07_OD_daypass_multipltdates(Hyderabad, Hitec City,  )">Test07_OD_daypass_multipltdates(Hyderabad, Hitec City,  )</a> <!-- method navigator-link -->
                      </span>
                      <br/>
                      <span>
                        <img src="skipped.png" width="3%"/>
                        <a href="#" panel-name="suite-Command_line_suite" title="sanity.ODEbuttonTest" class="method navigator-link" hash-for-method="Test07_OD_daypass_multipltdates(Hyderabad, Hitec City,  )">Test07_OD_daypass_multipltdates(Hyderabad, Hitec City,  )</a> <!-- method navigator-link -->
                      </span>
                      <br/>
                      <span>
                        <img src="skipped.png" width="3%"/>
                        <a href="#" panel-name="suite-Command_line_suite" title="sanity.ODEbuttonTest" class="method navigator-link" hash-for-method="Test07_OD_daypass_multipltdates(Hyderabad, Financial District,  )">Test07_OD_daypass_multipltdates(Hyderabad, Financial District,  )</a> <!-- method navigator-link -->
                      </span>
                      <br/>
                      <span>
                        <img src="skipped.png" width="3%"/>
                        <a href="#" panel-name="suite-Command_line_suite" title="sanity.WebODMyAccountTest" class="method navigator-link" hash-for-method="test01_Changeprofile">test01_Changeprofile</a> <!-- method navigator-link -->
                      </span>
                      <br/>
                      <span>
                        <img src="skipped.png" width="3%"/>
                        <a href="#" panel-name="suite-Command_line_suite" title="sanity.ODAdminDashboardTest" class="method navigator-link" hash-for-method="test01_EditAdminUser">test01_EditAdminUser</a> <!-- method navigator-link -->
                      </span>
                      <br/>
                      <span>
                        <img src="skipped.png" width="3%"/>
                        <a href="#" panel-name="suite-Command_line_suite" title="sanity.WebODTest" class="method navigator-link" hash-for-method="test01_OD_daypass(Pune, Magarpatta Road)">test01_OD_daypass(Pune, Magarpatta Road)</a> <!-- method navigator-link -->
                      </span>
                      <br/>
                      <span>
                        <img src="skipped.png" width="3%"/>
                        <a href="#" panel-name="suite-Command_line_suite" title="sanity.SelectAllAccessWrkspaceTest" class="method navigator-link" hash-for-method="test01_SelectAllAccessInPune(Pune, Magarpatta, Panchshil Futura)">test01_SelectAllAccessInPune(Pune, Magarpatta, Panchshil Futura)</a> <!-- method navigator-link -->
                      </span>
                      <br/>
                      <span>
                        <img src="skipped.png" width="3%"/>
                        <a href="#" panel-name="suite-Command_line_suite" title="sanity.SelectConferenceRoomTest" class="method navigator-link" hash-for-method="test01_SelectConferenceRoomInPune(Pune, Magarpatta, Panchshil Futura)">test01_SelectConferenceRoomInPune(Pune, Magarpatta, Panchshil Futura)</a> <!-- method navigator-link -->
                      </span>
                      <br/>
                      <span>
                        <img src="skipped.png" width="3%"/>
                        <a href="#" panel-name="suite-Command_line_suite" title="sanity.SelectDayPassTest" class="method navigator-link" hash-for-method="test01_SelectDayPassInPune(Pune, Magarpatta, Panchshil Futura)">test01_SelectDayPassInPune(Pune, Magarpatta, Panchshil Futura)</a> <!-- method navigator-link -->
                      </span>
                      <br/>
                      <span>
                        <img src="skipped.png" width="3%"/>
                        <a href="#" panel-name="suite-Command_line_suite" title="sanity.SelectEnterpriseSolutionsTest" class="method navigator-link" hash-for-method="test01_SelectEnterpriseDayPassInPune(Pune, Kharadi, 20-50)">test01_SelectEnterpriseDayPassInPune(Pune, Kharadi, 20-50)</a> <!-- method navigator-link -->
                      </span>
                      <br/>
                      <span>
                        <img src="skipped.png" width="3%"/>
                        <a href="#" panel-name="suite-Command_line_suite" title="sanity.SelectEventsAndWorkspacesTest" class="method navigator-link" hash-for-method="test01_SelectEventsAndWorkspaces">test01_SelectEventsAndWorkspaces</a> <!-- method navigator-link -->
                      </span>
                      <br/>
                      <span>
                        <img src="skipped.png" width="3%"/>
                        <a href="#" panel-name="suite-Command_line_suite" title="sanity.SelectHotDeskTest" class="method navigator-link" hash-for-method="test01_SelectHotdeskInPune(Pune, Kharadi, World Trade Center)">test01_SelectHotdeskInPune(Pune, Kharadi, World Trade Center)</a> <!-- method navigator-link -->
                      </span>
                      <br/>
                      <span>
                        <img src="skipped.png" width="3%"/>
                        <a href="#" panel-name="suite-Command_line_suite" title="sanity.SelectPrivateOfficeTest" class="method navigator-link" hash-for-method="test01_SelectPrivateOfficeInPune(Pune, Kharadi, World Trade Center)">test01_SelectPrivateOfficeInPune(Pune, Kharadi, World Trade Center)</a> <!-- method navigator-link -->
                      </span>
                      <br/>
                      <span>
                        <img src="skipped.png" width="3%"/>
                        <a href="#" panel-name="suite-Command_line_suite" title="sanity.SelectSubscriptionsTest" class="method navigator-link" hash-for-method="test01_SelectSubscriptions(Office suite, Enquire now, Office Suite)">test01_SelectSubscriptions(Office suite, Enquire now, Office Suite)</a> <!-- method navigator-link -->
                      </span>
                      <br/>
                      <span>
                        <img src="skipped.png" width="3%"/>
                        <a href="#" panel-name="suite-Command_line_suite" title="sanity.SelectSubscriptionsTest" class="method navigator-link" hash-for-method="test01_SelectSubscriptions(Hot desk, Book a workspace, Hot Desk)">test01_SelectSubscriptions(Hot desk, Book a workspace, Hot Desk)</a> <!-- method navigator-link -->
                      </span>
                      <br/>
                      <span>
                        <img src="skipped.png" width="3%"/>
                        <a href="#" panel-name="suite-Command_line_suite" title="sanity.SelectSubscriptionsTest" class="method navigator-link" hash-for-method="test01_SelectSubscriptions(All Access, Book a workspace, All Access)">test01_SelectSubscriptions(All Access, Book a workspace, All Access)</a> <!-- method navigator-link -->
                      </span>
                      <br/>
                      <span>
                        <img src="skipped.png" width="3%"/>
                        <a href="#" panel-name="suite-Command_line_suite" title="sanity.SelectSubscriptionsTest" class="method navigator-link" hash-for-method="test01_SelectSubscriptions(Ready-to-move-in private offices, Know more, Private Office Space)">test01_SelectSubscriptions(Ready-to-move-in private offices, Know more, Private Office Space)</a> <!-- method navigator-link -->
                      </span>
                      <br/>
                      <span>
                        <img src="skipped.png" width="3%"/>
                        <a href="#" panel-name="suite-Command_line_suite" title="sanity.SelectVirtualOfficeTest" class="method navigator-link" hash-for-method="test01_VerifySelectVirtualOfficeInPune(Pune, Magarpatta, Panchshil Futura, Futura, Magarpatta Road)">test01_VerifySelectVirtualOfficeInPune(Pune, Magarpatta, Panchshil Futura, Futura, Magarpatta Road)</a> <!-- method navigator-link -->
                      </span>
                      <br/>
                      <span>
                        <img src="skipped.png" width="3%"/>
                        <a href="#" panel-name="suite-Command_line_suite" title="sanity.WebODMyAccountTest" class="method navigator-link" hash-for-method="test02_Account_details">test02_Account_details</a> <!-- method navigator-link -->
                      </span>
                      <br/>
                      <span>
                        <img src="skipped.png" width="3%"/>
                        <a href="#" panel-name="suite-Command_line_suite" title="sanity.WebODBundlesTest" class="method navigator-link" hash-for-method="test02_OD_Bundles">test02_OD_Bundles</a> <!-- method navigator-link -->
                      </span>
                      <br/>
                      <span>
                        <img src="skipped.png" width="3%"/>
                        <a href="#" panel-name="suite-Command_line_suite" title="sanity.WebODMyAccountTest" class="method navigator-link" hash-for-method="test03_Team">test03_Team</a> <!-- method navigator-link -->
                      </span>
                      <br/>
                      <span>
                        <img src="skipped.png" width="3%"/>
                        <a href="#" panel-name="suite-Command_line_suite" title="sanity.WebODMyAccountTest" class="method navigator-link" hash-for-method="test04_Refer">test04_Refer</a> <!-- method navigator-link -->
                      </span>
                      <br/>
                      <span>
                        <img src="skipped.png" width="3%"/>
                        <a href="#" panel-name="suite-Command_line_suite" title="sanity.WebODMyAccountTest" class="method navigator-link" hash-for-method="test05_NavRefer">test05_NavRefer</a> <!-- method navigator-link -->
                      </span>
                      <br/>
                      <span>
                        <img src="skipped.png" width="3%"/>
                        <a href="#" panel-name="suite-Command_line_suite" title="sanity.WebODMyAccountTest" class="method navigator-link" hash-for-method="test06_NavRefer">test06_NavRefer</a> <!-- method navigator-link -->
                      </span>
                      <br/>
                      <span>
                        <img src="skipped.png" width="3%"/>
                        <a href="#" panel-name="suite-Command_line_suite" title="sanity.WeWorkWebAppTest" class="method navigator-link" hash-for-method="test06_SelectCareersFromContactUsBtn">test06_SelectCareersFromContactUsBtn</a> <!-- method navigator-link -->
                      </span>
                      <br/>
                      <span>
                        <img src="skipped.png" width="3%"/>
                        <a href="#" panel-name="suite-Command_line_suite" title="sanity.WebODMyAccountTest" class="method navigator-link" hash-for-method="test07_Booking">test07_Booking</a> <!-- method navigator-link -->
                      </span>
                      <br/>
                      <span>
                        <img src="skipped.png" width="3%"/>
                        <a href="#" panel-name="suite-Command_line_suite" title="sanity.WebODMyAccountTest" class="method navigator-link" hash-for-method="test08_Booking_filter">test08_Booking_filter</a> <!-- method navigator-link -->
                      </span>
                      <br/>
                      <span>
                        <img src="skipped.png" width="3%"/>
                        <a href="#" panel-name="suite-Command_line_suite" title="sanity.WebAppTest" class="method navigator-link" hash-for-method="test08_VerifyContactUsFeature">test08_VerifyContactUsFeature</a> <!-- method navigator-link -->
                      </span>
                      <br/>
                    </div> <!-- method-list-content skipped suite-Command_line_suite -->
                  </li>
                </ul>
              </div> <!-- suite-section-content -->
            </div> <!-- result-section -->
          </div> <!-- navigator-suite-content -->
        </div> <!-- rounded-window -->
      </div> <!-- suite -->
    </div> <!-- navigator-root -->
    <div class="wrapper">
      <div class="main-panel-root">
        <div panel-name="suite-Command_line_suite" class="panel Command_line_suite">
          <div class="suite-Command_line_suite-class-failed">
            <div class="main-panel-header rounded-window-top">
              <img src="failed.png"/>
              <span class="class-name">sanity.ODEbuttonTest</span>
            </div> <!-- main-panel-header rounded-window-top -->
            <div class="main-panel-content rounded-window-bottom">
              <div class="method">
                <div class="method-content">
                  <a name="Test01_ODE_daypassCancel">
                  </a> <!-- Test01_ODE_daypassCancel -->
                  <span class="method-name">Test01_ODE_daypassCancel</span>
                  <div class="stack-trace">org.testng.internal.reflect.MethodMatcherException: 
[public void sanity.ODEbuttonTest.Test01_ODE_daypassCancel(java.lang.String,java.lang.String,java.lang.String) throws java.lang.InterruptedException] has no parameters defined but was found to be using a data provider (either explicitly specified or inherited from class level annotation).
Data provider mismatch
Method: Test01_ODE_daypassCancel([Parameter{index=0, type=java.lang.String, declaredAnnotations=[]}, Parameter{index=1, type=java.lang.String, declaredAnnotations=[]}, Parameter{index=2, type=java.lang.String, declaredAnnotations=[]}])
Arguments: [(java.lang.String) Pune,(java.lang.String) WTC Tower 5]
	at java.base/java.util.ArrayList.forEach(ArrayList.java:1511)
... Removed 30 stack frames
</div> <!-- stack-trace -->
                  <em>
(Test01 - Verify cancel button on day pass popup)                  </em>
                </div> <!-- method-content -->
              </div> <!-- method -->
            </div> <!-- main-panel-content rounded-window-bottom -->
          </div> <!-- suite-Command_line_suite-class-failed -->
          <div class="suite-Command_line_suite-class-skipped">
            <div class="main-panel-header rounded-window-top">
              <img src="skipped.png"/>
              <span class="class-name">sanity.SelectSubscriptionsTest</span>
            </div> <!-- main-panel-header rounded-window-top -->
            <div class="main-panel-content rounded-window-bottom">
              <div class="method">
                <div class="method-content">
                  <a name="test01_SelectSubscriptions(Office suite, Enquire now, Office Suite)">
                  </a> <!-- test01_SelectSubscriptions(Office suite, Enquire now, Office Suite) -->
                  <span class="method-name">test01_SelectSubscriptions</span>
                  <span class="parameters">(Office suite, Enquire now, Office Suite)</span>
                  <div class="stack-trace">org.testng.TestNGException: 
Parameter &apos;platformName&apos; is required by BeforeMethod on method startSession but has not been marked @Optional or defined

	at java.base/java.util.ArrayList.forEach(ArrayList.java:1511)
... Removed 36 stack frames
</div> <!-- stack-trace -->
                  <em>
(Test01 - Verify User is able to select subscriptions)                  </em>
                </div> <!-- method-content -->
              </div> <!-- method -->
              <div class="method">
                <div class="method-content">
                  <a name="test01_SelectSubscriptions(Hot desk, Book a workspace, Hot Desk)">
                  </a> <!-- test01_SelectSubscriptions(Hot desk, Book a workspace, Hot Desk) -->
                  <span class="method-name">test01_SelectSubscriptions</span>
                  <span class="parameters">(Hot desk, Book a workspace, Hot Desk)</span>
                  <div class="stack-trace">org.testng.TestNGException: 
Parameter &apos;platformName&apos; is required by BeforeMethod on method startSession but has not been marked @Optional or defined

	at java.base/java.util.ArrayList.forEach(ArrayList.java:1511)
... Removed 36 stack frames
</div> <!-- stack-trace -->
                  <em>
(Test01 - Verify User is able to select subscriptions)                  </em>
                </div> <!-- method-content -->
              </div> <!-- method -->
              <div class="method">
                <div class="method-content">
                  <a name="test01_SelectSubscriptions(All Access, Book a workspace, All Access)">
                  </a> <!-- test01_SelectSubscriptions(All Access, Book a workspace, All Access) -->
                  <span class="method-name">test01_SelectSubscriptions</span>
                  <span class="parameters">(All Access, Book a workspace, All Access)</span>
                  <div class="stack-trace">org.testng.TestNGException: 
Parameter &apos;platformName&apos; is required by BeforeMethod on method startSession but has not been marked @Optional or defined

	at java.base/java.util.ArrayList.forEach(ArrayList.java:1511)
... Removed 36 stack frames
</div> <!-- stack-trace -->
                  <em>
(Test01 - Verify User is able to select subscriptions)                  </em>
                </div> <!-- method-content -->
              </div> <!-- method -->
              <div class="method">
                <div class="method-content">
                  <a name="test01_SelectSubscriptions(Ready-to-move-in private offices, Know more, Private Office Space)">
                  </a> <!-- test01_SelectSubscriptions(Ready-to-move-in private offices, Know more, Private Office Space) -->
                  <span class="method-name">test01_SelectSubscriptions</span>
                  <span class="parameters">(Ready-to-move-in private offices, Know more, Private Office Space)</span>
                  <div class="stack-trace">org.testng.TestNGException: 
Parameter &apos;platformName&apos; is required by BeforeMethod on method startSession but has not been marked @Optional or defined

	at java.base/java.util.ArrayList.forEach(ArrayList.java:1511)
... Removed 36 stack frames
</div> <!-- stack-trace -->
                  <em>
(Test01 - Verify User is able to select subscriptions)                  </em>
                </div> <!-- method-content -->
              </div> <!-- method -->
            </div> <!-- main-panel-content rounded-window-bottom -->
          </div> <!-- suite-Command_line_suite-class-skipped -->
          <div class="suite-Command_line_suite-class-skipped">
            <div class="main-panel-header rounded-window-top">
              <img src="skipped.png"/>
              <span class="class-name">sanity.SelectEnterpriseSolutionsTest</span>
            </div> <!-- main-panel-header rounded-window-top -->
            <div class="main-panel-content rounded-window-bottom">
              <div class="method">
                <div class="method-content">
                  <a name="test01_SelectEnterpriseDayPassInPune(Pune, Kharadi, 20-50)">
                  </a> <!-- test01_SelectEnterpriseDayPassInPune(Pune, Kharadi, 20-50) -->
                  <span class="method-name">test01_SelectEnterpriseDayPassInPune</span>
                  <span class="parameters">(Pune, Kharadi, 20-50)</span>
                  <div class="stack-trace">org.testng.TestNGException: 
Parameter &apos;platformName&apos; is required by BeforeMethod on method startSession but has not been marked @Optional or defined

	at java.base/java.util.ArrayList.forEach(ArrayList.java:1511)
... Removed 36 stack frames
</div> <!-- stack-trace -->
                  <em>
(Test01 - Verify User is able to Select Enterprise in Pune(Day pass option))                  </em>
                </div> <!-- method-content -->
              </div> <!-- method -->
            </div> <!-- main-panel-content rounded-window-bottom -->
          </div> <!-- suite-Command_line_suite-class-skipped -->
          <div class="suite-Command_line_suite-class-skipped">
            <div class="main-panel-header rounded-window-top">
              <img src="skipped.png"/>
              <span class="class-name">sanity.WebODBundlesTest</span>
            </div> <!-- main-panel-header rounded-window-top -->
            <div class="main-panel-content rounded-window-bottom">
              <div class="method">
                <div class="method-content">
                  <a name="test02_OD_Bundles">
                  </a> <!-- test02_OD_Bundles -->
                  <span class="method-name">test02_OD_Bundles</span>
                  <div class="stack-trace">org.testng.TestNGException: 
Parameter &apos;platformName&apos; is required by BeforeMethod on method startSession but has not been marked @Optional or defined

	at java.base/java.util.ArrayList.forEach(ArrayList.java:1511)
... Removed 36 stack frames
</div> <!-- stack-trace -->
                  <em>
(Test02 - Verify User is able to book a Bundles one 5 day and one 10day )                  </em>
                </div> <!-- method-content -->
              </div> <!-- method -->
            </div> <!-- main-panel-content rounded-window-bottom -->
          </div> <!-- suite-Command_line_suite-class-skipped -->
          <div class="suite-Command_line_suite-class-skipped">
            <div class="main-panel-header rounded-window-top">
              <img src="skipped.png"/>
              <span class="class-name">sanity.ODEbuldaypassTest</span>
            </div> <!-- main-panel-header rounded-window-top -->
            <div class="main-panel-content rounded-window-bottom">
              <div class="method">
                <div class="method-content">
                  <a name="Test01_OD_daypassbulpune(Pune, Futura, Magarpatta Road)">
                  </a> <!-- Test01_OD_daypassbulpune(Pune, Futura, Magarpatta Road) -->
                  <span class="method-name">Test01_OD_daypassbulpune</span>
                  <span class="parameters">(Pune, Futura, Magarpatta Road)</span>
                  <div class="stack-trace">org.testng.TestNGException: 
Parameter &apos;platformName&apos; is required by BeforeMethod on method startSession but has not been marked @Optional or defined

	at java.base/java.util.ArrayList.forEach(ArrayList.java:1511)
... Removed 36 stack frames
</div> <!-- stack-trace -->
                  <em>
(Test01 - Verify admin is able to book a daypass from building page)                  </em>
                </div> <!-- method-content -->
              </div> <!-- method -->
            </div> <!-- main-panel-content rounded-window-bottom -->
          </div> <!-- suite-Command_line_suite-class-skipped -->
          <div class="suite-Command_line_suite-class-skipped">
            <div class="main-panel-header rounded-window-top">
              <img src="skipped.png"/>
              <span class="class-name">sanity.ODEMyAccountTest</span>
            </div> <!-- main-panel-header rounded-window-top -->
            <div class="main-panel-content rounded-window-bottom">
              <div class="method">
                <div class="method-content">
                  <a name="Test01_ODE_Enterprise">
                  </a> <!-- Test01_ODE_Enterprise -->
                  <span class="method-name">Test01_ODE_Enterprise</span>
                  <div class="stack-trace">org.testng.TestNGException: 
Parameter &apos;platformName&apos; is required by BeforeMethod on method startSession but has not been marked @Optional or defined

	at java.base/java.util.ArrayList.forEach(ArrayList.java:1511)
... Removed 36 stack frames
</div> <!-- stack-trace -->
                  <em>
(Test01 - Verify ODE Enterprise confirmed)                  </em>
                </div> <!-- method-content -->
              </div> <!-- method -->
              <div class="method">
                <div class="method-content">
                  <a name="Test02_ODE_profile">
                  </a> <!-- Test02_ODE_profile -->
                  <span class="method-name">Test02_ODE_profile</span>
                  <div class="stack-trace">java.lang.NullPointerException: Cannot invoke &quot;org.openqa.selenium.WebDriver.quit()&quot; because &quot;utilities.CommonOps.driver&quot; is null
	at utilities.CommonOps.afterMethod(CommonOps.java:215)
	at java.base/java.util.ArrayList.forEach(ArrayList.java:1511)
... Removed 38 stack frames
</div> <!-- stack-trace -->
                  <em>
(Test02 - Verify ODE profile)                  </em>
                </div> <!-- method-content -->
              </div> <!-- method -->
              <div class="method">
                <div class="method-content">
                  <a name="Test03_ODE_support">
                  </a> <!-- Test03_ODE_support -->
                  <span class="method-name">Test03_ODE_support</span>
                  <div class="stack-trace">org.testng.TestNGException: 
Parameter &apos;platformName&apos; is required by BeforeMethod on method startSession but has not been marked @Optional or defined

	at java.base/java.util.ArrayList.forEach(ArrayList.java:1511)
... Removed 36 stack frames
</div> <!-- stack-trace -->
                  <em>
(Test03 - Verify ODE support)                  </em>
                </div> <!-- method-content -->
              </div> <!-- method -->
              <div class="method">
                <div class="method-content">
                  <a name="Test04_OD_AddEmployee">
                  </a> <!-- Test04_OD_AddEmployee -->
                  <span class="method-name">Test04_OD_AddEmployee</span>
                  <div class="stack-trace">org.testng.TestNGException: 
Parameter &apos;platformName&apos; is required by BeforeMethod on method startSession but has not been marked @Optional or defined

	at java.base/java.util.ArrayList.forEach(ArrayList.java:1511)
... Removed 36 stack frames
</div> <!-- stack-trace -->
                  <em>
(Test04 - Verify Add employee)                  </em>
                </div> <!-- method-content -->
              </div> <!-- method -->
              <div class="method">
                <div class="method-content">
                  <a name="Test05_ODE_searchEmployee">
                  </a> <!-- Test05_ODE_searchEmployee -->
                  <span class="method-name">Test05_ODE_searchEmployee</span>
                  <div class="stack-trace">org.testng.TestNGException: 
Parameter &apos;platformName&apos; is required by BeforeMethod on method startSession but has not been marked @Optional or defined

	at java.base/java.util.ArrayList.forEach(ArrayList.java:1511)
... Removed 36 stack frames
</div> <!-- stack-trace -->
                  <em>
(Test05 - Verify search employee)                  </em>
                </div> <!-- method-content -->
              </div> <!-- method -->
              <div class="method">
                <div class="method-content">
                  <a name="Test06_ODE_edit">
                  </a> <!-- Test06_ODE_edit -->
                  <span class="method-name">Test06_ODE_edit</span>
                  <div class="stack-trace">java.lang.NullPointerException: Cannot invoke &quot;org.openqa.selenium.WebDriver.quit()&quot; because &quot;utilities.CommonOps.driver&quot; is null
	at utilities.CommonOps.afterMethod(CommonOps.java:215)
	at java.base/java.util.ArrayList.forEach(ArrayList.java:1511)
... Removed 38 stack frames
</div> <!-- stack-trace -->
                  <em>
(Test06 - Verify update employee)                  </em>
                </div> <!-- method-content -->
              </div> <!-- method -->
            </div> <!-- main-panel-content rounded-window-bottom -->
          </div> <!-- suite-Command_line_suite-class-skipped -->
          <div class="suite-Command_line_suite-class-skipped">
            <div class="main-panel-header rounded-window-top">
              <img src="skipped.png"/>
              <span class="class-name">sanity.ODEdaypassTest</span>
            </div> <!-- main-panel-header rounded-window-top -->
            <div class="main-panel-content rounded-window-bottom">
              <div class="method">
                <div class="method-content">
                  <a name="Test01_OD_daypasspune(Pune, Magarpatta Road,  )">
                  </a> <!-- Test01_OD_daypasspune(Pune, Magarpatta Road,  ) -->
                  <span class="method-name">Test01_OD_daypasspune</span>
                  <span class="parameters">(Pune, Magarpatta Road,  )</span>
                  <div class="stack-trace">org.testng.TestNGException: 
Parameter &apos;platformName&apos; is required by BeforeMethod on method startSession but has not been marked @Optional or defined

	at java.base/java.util.ArrayList.forEach(ArrayList.java:1511)
... Removed 36 stack frames
</div> <!-- stack-trace -->
                  <em>
(Test01 - Verify admin is able to book a daypass)                  </em>
                </div> <!-- method-content -->
              </div> <!-- method -->
              <div class="method">
                <div class="method-content">
                  <a name="Test02_OD_daypassBangalore(Bengaluru, Bannerghatta Main Rd,  )">
                  </a> <!-- Test02_OD_daypassBangalore(Bengaluru, Bannerghatta Main Rd,  ) -->
                  <span class="method-name">Test02_OD_daypassBangalore</span>
                  <span class="parameters">(Bengaluru, Bannerghatta Main Rd,  )</span>
                  <div class="stack-trace">org.testng.TestNGException: 
Parameter &apos;platformName&apos; is required by BeforeMethod on method startSession but has not been marked @Optional or defined

	at java.base/java.util.ArrayList.forEach(ArrayList.java:1511)
... Removed 36 stack frames
</div> <!-- stack-trace -->
                  <em>
(Test02 - Verify admin is able to book a daypass)                  </em>
                </div> <!-- method-content -->
              </div> <!-- method -->
              <div class="method">
                <div class="method-content">
                  <a name="Test02_OD_daypassBangalore(Bengaluru, Central Business District, The Pavilion, Central Business District)">
                  </a> <!-- Test02_OD_daypassBangalore(Bengaluru, Central Business District, The Pavilion, Central Business District) -->
                  <span class="method-name">Test02_OD_daypassBangalore</span>
                  <span class="parameters">(Bengaluru, Central Business District, The Pavilion, Central Business District)</span>
                  <div class="stack-trace">org.testng.TestNGException: 
Parameter &apos;platformName&apos; is required by BeforeMethod on method startSession but has not been marked @Optional or defined

	at java.base/java.util.ArrayList.forEach(ArrayList.java:1511)
... Removed 36 stack frames
</div> <!-- stack-trace -->
                  <em>
(Test02 - Verify admin is able to book a daypass)                  </em>
                </div> <!-- method-content -->
              </div> <!-- method -->
              <div class="method">
                <div class="method-content">
                  <a name="Test03_OD_daypassHyderabad(Hyderabad, Financial District,  )">
                  </a> <!-- Test03_OD_daypassHyderabad(Hyderabad, Financial District,  ) -->
                  <span class="method-name">Test03_OD_daypassHyderabad</span>
                  <span class="parameters">(Hyderabad, Financial District,  )</span>
                  <div class="stack-trace">org.testng.TestNGException: 
Parameter &apos;platformName&apos; is required by BeforeMethod on method startSession but has not been marked @Optional or defined

	at java.base/java.util.ArrayList.forEach(ArrayList.java:1511)
... Removed 36 stack frames
</div> <!-- stack-trace -->
                  <em>
(Test03 - Verify admin is able to book a daypass)                  </em>
                </div> <!-- method-content -->
              </div> <!-- method -->
              <div class="method">
                <div class="method-content">
                  <a name="Test03_OD_daypassHyderabad(Hyderabad, Hitec City,  )">
                  </a> <!-- Test03_OD_daypassHyderabad(Hyderabad, Hitec City,  ) -->
                  <span class="method-name">Test03_OD_daypassHyderabad</span>
                  <span class="parameters">(Hyderabad, Hitec City,  )</span>
                  <div class="stack-trace">java.lang.NullPointerException: Cannot invoke &quot;org.openqa.selenium.WebDriver.quit()&quot; because &quot;utilities.CommonOps.driver&quot; is null
	at utilities.CommonOps.afterMethod(CommonOps.java:215)
	at java.base/java.util.ArrayList.forEach(ArrayList.java:1511)
... Removed 38 stack frames
</div> <!-- stack-trace -->
                  <em>
(Test03 - Verify admin is able to book a daypass)                  </em>
                </div> <!-- method-content -->
              </div> <!-- method -->
              <div class="method">
                <div class="method-content">
                  <a name="Test04_OD_daypassNoida(Noida, Sector 16B,  )">
                  </a> <!-- Test04_OD_daypassNoida(Noida, Sector 16B,  ) -->
                  <span class="method-name">Test04_OD_daypassNoida</span>
                  <span class="parameters">(Noida, Sector 16B,  )</span>
                  <div class="stack-trace">java.lang.NullPointerException: Cannot invoke &quot;org.openqa.selenium.WebDriver.quit()&quot; because &quot;utilities.CommonOps.driver&quot; is null
	at utilities.CommonOps.afterMethod(CommonOps.java:215)
	at java.base/java.util.ArrayList.forEach(ArrayList.java:1511)
... Removed 38 stack frames
</div> <!-- stack-trace -->
                  <em>
(Test04 - Verify admin is able to book a daypass)                  </em>
                </div> <!-- method-content -->
              </div> <!-- method -->
              <div class="method">
                <div class="method-content">
                  <a name="Test05_OD_daypassMumbai(Mumbai, WTC  Tower 5,  )">
                  </a> <!-- Test05_OD_daypassMumbai(Mumbai, WTC  Tower 5,  ) -->
                  <span class="method-name">Test05_OD_daypassMumbai</span>
                  <span class="parameters">(Mumbai, WTC  Tower 5,  )</span>
                  <div class="stack-trace">java.lang.NullPointerException: Cannot invoke &quot;org.openqa.selenium.WebDriver.quit()&quot; because &quot;utilities.CommonOps.driver&quot; is null
	at utilities.CommonOps.afterMethod(CommonOps.java:215)
	at java.base/java.util.ArrayList.forEach(ArrayList.java:1511)
... Removed 38 stack frames
</div> <!-- stack-trace -->
                  <em>
(Test05 - Verify admin is able to book a daypass)                  </em>
                </div> <!-- method-content -->
              </div> <!-- method -->
              <div class="method">
                <div class="method-content">
                  <a name="Test05_OD_daypassMumbai(Mumbai, Nariman Point, Express Towers)">
                  </a> <!-- Test05_OD_daypassMumbai(Mumbai, Nariman Point, Express Towers) -->
                  <span class="method-name">Test05_OD_daypassMumbai</span>
                  <span class="parameters">(Mumbai, Nariman Point, Express Towers)</span>
                  <div class="stack-trace">java.lang.NullPointerException: Cannot invoke &quot;org.openqa.selenium.WebDriver.quit()&quot; because &quot;utilities.CommonOps.driver&quot; is null
	at utilities.CommonOps.afterMethod(CommonOps.java:215)
	at java.base/java.util.ArrayList.forEach(ArrayList.java:1511)
... Removed 38 stack frames
</div> <!-- stack-trace -->
                  <em>
(Test05 - Verify admin is able to book a daypass)                  </em>
                </div> <!-- method-content -->
              </div> <!-- method -->
              <div class="method">
                <div class="method-content">
                  <a name="Test06_OD_daypassGurugram(Gurugram, Udyog Vihar, BlueOne Square, Udyog Vihar)">
                  </a> <!-- Test06_OD_daypassGurugram(Gurugram, Udyog Vihar, BlueOne Square, Udyog Vihar) -->
                  <span class="method-name">Test06_OD_daypassGurugram</span>
                  <span class="parameters">(Gurugram, Udyog Vihar, BlueOne Square, Udyog Vihar)</span>
                  <div class="stack-trace">java.lang.NullPointerException: Cannot invoke &quot;org.openqa.selenium.WebDriver.quit()&quot; because &quot;utilities.CommonOps.driver&quot; is null
	at utilities.CommonOps.afterMethod(CommonOps.java:215)
	at java.base/java.util.ArrayList.forEach(ArrayList.java:1511)
... Removed 38 stack frames
</div> <!-- stack-trace -->
                  <em>
(Test06 - Verify admin is able to book a daypass)                  </em>
                </div> <!-- method-content -->
              </div> <!-- method -->
              <div class="method">
                <div class="method-content">
                  <a name="Test06_OD_daypassGurugram(Gurugram, Bristol Chowk,  )">
                  </a> <!-- Test06_OD_daypassGurugram(Gurugram, Bristol Chowk,  ) -->
                  <span class="method-name">Test06_OD_daypassGurugram</span>
                  <span class="parameters">(Gurugram, Bristol Chowk,  )</span>
                  <div class="stack-trace">java.lang.NullPointerException: Cannot invoke &quot;org.openqa.selenium.WebDriver.quit()&quot; because &quot;utilities.CommonOps.driver&quot; is null
	at utilities.CommonOps.afterMethod(CommonOps.java:215)
	at java.base/java.util.ArrayList.forEach(ArrayList.java:1511)
... Removed 38 stack frames
</div> <!-- stack-trace -->
                  <em>
(Test06 - Verify admin is able to book a daypass)                  </em>
                </div> <!-- method-content -->
              </div> <!-- method -->
              <div class="method">
                <div class="method-content">
                  <a name="Test07_OD_daypass_multipltdates(Hyderabad, Financial District,  )">
                  </a> <!-- Test07_OD_daypass_multipltdates(Hyderabad, Financial District,  ) -->
                  <span class="method-name">Test07_OD_daypass_multipltdates</span>
                  <span class="parameters">(Hyderabad, Financial District,  )</span>
                  <div class="stack-trace">java.lang.NullPointerException: Cannot invoke &quot;org.openqa.selenium.WebDriver.quit()&quot; because &quot;utilities.CommonOps.driver&quot; is null
	at utilities.CommonOps.afterMethod(CommonOps.java:215)
	at java.base/java.util.ArrayList.forEach(ArrayList.java:1511)
... Removed 38 stack frames
</div> <!-- stack-trace -->
                  <em>
(Test06 - Verify admin is able to book a daypass)                  </em>
                </div> <!-- method-content -->
              </div> <!-- method -->
              <div class="method">
                <div class="method-content">
                  <a name="Test07_OD_daypass_multipltdates(Hyderabad, Hitec City,  )">
                  </a> <!-- Test07_OD_daypass_multipltdates(Hyderabad, Hitec City,  ) -->
                  <span class="method-name">Test07_OD_daypass_multipltdates</span>
                  <span class="parameters">(Hyderabad, Hitec City,  )</span>
                  <div class="stack-trace">java.lang.NullPointerException: Cannot invoke &quot;org.openqa.selenium.WebDriver.quit()&quot; because &quot;utilities.CommonOps.driver&quot; is null
	at utilities.CommonOps.afterMethod(CommonOps.java:215)
	at java.base/java.util.ArrayList.forEach(ArrayList.java:1511)
... Removed 38 stack frames
</div> <!-- stack-trace -->
                  <em>
(Test06 - Verify admin is able to book a daypass)                  </em>
                </div> <!-- method-content -->
              </div> <!-- method -->
            </div> <!-- main-panel-content rounded-window-bottom -->
          </div> <!-- suite-Command_line_suite-class-skipped -->
          <div class="suite-Command_line_suite-class-skipped">
            <div class="main-panel-header rounded-window-top">
              <img src="skipped.png"/>
              <span class="class-name">sanity.SelectConferenceRoomTest</span>
            </div> <!-- main-panel-header rounded-window-top -->
            <div class="main-panel-content rounded-window-bottom">
              <div class="method">
                <div class="method-content">
                  <a name="test01_SelectConferenceRoomInPune(Pune, Magarpatta, Panchshil Futura)">
                  </a> <!-- test01_SelectConferenceRoomInPune(Pune, Magarpatta, Panchshil Futura) -->
                  <span class="method-name">test01_SelectConferenceRoomInPune</span>
                  <span class="parameters">(Pune, Magarpatta, Panchshil Futura)</span>
                  <div class="stack-trace">org.testng.TestNGException: 
Parameter &apos;platformName&apos; is required by BeforeMethod on method startSession but has not been marked @Optional or defined

	at java.base/java.util.ArrayList.forEach(ArrayList.java:1511)
... Removed 36 stack frames
</div> <!-- stack-trace -->
                  <em>
(Test01 - Verify User is able to select conference room in Pune)                  </em>
                </div> <!-- method-content -->
              </div> <!-- method -->
            </div> <!-- main-panel-content rounded-window-bottom -->
          </div> <!-- suite-Command_line_suite-class-skipped -->
          <div class="suite-Command_line_suite-class-skipped">
            <div class="main-panel-header rounded-window-top">
              <img src="skipped.png"/>
              <span class="class-name">sanity.SelectDayPassTest</span>
            </div> <!-- main-panel-header rounded-window-top -->
            <div class="main-panel-content rounded-window-bottom">
              <div class="method">
                <div class="method-content">
                  <a name="test01_SelectDayPassInPune(Pune, Magarpatta, Panchshil Futura)">
                  </a> <!-- test01_SelectDayPassInPune(Pune, Magarpatta, Panchshil Futura) -->
                  <span class="method-name">test01_SelectDayPassInPune</span>
                  <span class="parameters">(Pune, Magarpatta, Panchshil Futura)</span>
                  <div class="stack-trace">org.testng.TestNGException: 
Parameter &apos;platformName&apos; is required by BeforeMethod on method startSession but has not been marked @Optional or defined

	at java.base/java.util.ArrayList.forEach(ArrayList.java:1511)
... Removed 36 stack frames
</div> <!-- stack-trace -->
                  <em>
(Test01 - Verify User is able to select day pass in Pune. (In  home page navigate to workspaces and select day pass))                  </em>
                </div> <!-- method-content -->
              </div> <!-- method -->
            </div> <!-- main-panel-content rounded-window-bottom -->
          </div> <!-- suite-Command_line_suite-class-skipped -->
          <div class="suite-Command_line_suite-class-skipped">
            <div class="main-panel-header rounded-window-top">
              <img src="skipped.png"/>
              <span class="class-name">sanity.SelectAllAccessWrkspaceTest</span>
            </div> <!-- main-panel-header rounded-window-top -->
            <div class="main-panel-content rounded-window-bottom">
              <div class="method">
                <div class="method-content">
                  <a name="test01_SelectAllAccessInPune(Pune, Magarpatta, Panchshil Futura)">
                  </a> <!-- test01_SelectAllAccessInPune(Pune, Magarpatta, Panchshil Futura) -->
                  <span class="method-name">test01_SelectAllAccessInPune</span>
                  <span class="parameters">(Pune, Magarpatta, Panchshil Futura)</span>
                  <div class="stack-trace">org.testng.TestNGException: 
Parameter &apos;platformName&apos; is required by BeforeMethod on method startSession but has not been marked @Optional or defined

	at java.base/java.util.ArrayList.forEach(ArrayList.java:1511)
... Removed 36 stack frames
</div> <!-- stack-trace -->
                  <em>
(Test01 - Verify User is able to select all access in Pune. (Scroll down in home page and select workspaces))                  </em>
                </div> <!-- method-content -->
              </div> <!-- method -->
            </div> <!-- main-panel-content rounded-window-bottom -->
          </div> <!-- suite-Command_line_suite-class-skipped -->
          <div class="suite-Command_line_suite-class-skipped">
            <div class="main-panel-header rounded-window-top">
              <img src="skipped.png"/>
              <span class="class-name">sanity.SelectEventsAndWorkspacesTest</span>
            </div> <!-- main-panel-header rounded-window-top -->
            <div class="main-panel-content rounded-window-bottom">
              <div class="method">
                <div class="method-content">
                  <a name="test01_SelectEventsAndWorkspaces">
                  </a> <!-- test01_SelectEventsAndWorkspaces -->
                  <span class="method-name">test01_SelectEventsAndWorkspaces</span>
                  <div class="stack-trace">org.testng.TestNGException: 
Parameter &apos;platformName&apos; is required by BeforeMethod on method startSession but has not been marked @Optional or defined

	at java.base/java.util.ArrayList.forEach(ArrayList.java:1511)
... Removed 36 stack frames
</div> <!-- stack-trace -->
                  <em>
(Test01 - Verify User is able to select Events and workspaces)                  </em>
                </div> <!-- method-content -->
              </div> <!-- method -->
            </div> <!-- main-panel-content rounded-window-bottom -->
          </div> <!-- suite-Command_line_suite-class-skipped -->
          <div class="suite-Command_line_suite-class-skipped">
            <div class="main-panel-header rounded-window-top">
              <img src="skipped.png"/>
              <span class="class-name">sanity.ODEbuttonTest</span>
            </div> <!-- main-panel-header rounded-window-top -->
            <div class="main-panel-content rounded-window-bottom">
              <div class="method">
                <div class="method-content">
                  <a name="Test02_OD_daypassBack(Bengaluru, Bannerghatta Main Rd,  )">
                  </a> <!-- Test02_OD_daypassBack(Bengaluru, Bannerghatta Main Rd,  ) -->
                  <span class="method-name">Test02_OD_daypassBack</span>
                  <span class="parameters">(Bengaluru, Bannerghatta Main Rd,  )</span>
                  <div class="stack-trace">org.testng.TestNGException: 
Parameter &apos;platformName&apos; is required by BeforeMethod on method startSession but has not been marked @Optional or defined

	at java.base/java.util.ArrayList.forEach(ArrayList.java:1511)
... Removed 36 stack frames
</div> <!-- stack-trace -->
                  <em>
(Test02 - Verify admin is able to book a daypass)                  </em>
                </div> <!-- method-content -->
              </div> <!-- method -->
              <div class="method">
                <div class="method-content">
                  <a name="Test02_OD_daypassBack(Bengaluru, Central Business District, The Pavilion, Central Business District)">
                  </a> <!-- Test02_OD_daypassBack(Bengaluru, Central Business District, The Pavilion, Central Business District) -->
                  <span class="method-name">Test02_OD_daypassBack</span>
                  <span class="parameters">(Bengaluru, Central Business District, The Pavilion, Central Business District)</span>
                  <div class="stack-trace">org.testng.TestNGException: 
Parameter &apos;platformName&apos; is required by BeforeMethod on method startSession but has not been marked @Optional or defined

	at java.base/java.util.ArrayList.forEach(ArrayList.java:1511)
... Removed 36 stack frames
</div> <!-- stack-trace -->
                  <em>
(Test02 - Verify admin is able to book a daypass)                  </em>
                </div> <!-- method-content -->
              </div> <!-- method -->
              <div class="method">
                <div class="method-content">
                  <a name="Test03_OD_daypassDiscard(Hyderabad, Hitec City,  )">
                  </a> <!-- Test03_OD_daypassDiscard(Hyderabad, Hitec City,  ) -->
                  <span class="method-name">Test03_OD_daypassDiscard</span>
                  <span class="parameters">(Hyderabad, Hitec City,  )</span>
                  <div class="stack-trace">org.testng.TestNGException: 
Parameter &apos;platformName&apos; is required by BeforeMethod on method startSession but has not been marked @Optional or defined

	at java.base/java.util.ArrayList.forEach(ArrayList.java:1511)
... Removed 36 stack frames
</div> <!-- stack-trace -->
                  <em>
(Test03 - Verify admin is able to book a daypass)                  </em>
                </div> <!-- method-content -->
              </div> <!-- method -->
              <div class="method">
                <div class="method-content">
                  <a name="Test03_OD_daypassDiscard(Hyderabad, Financial District,  )">
                  </a> <!-- Test03_OD_daypassDiscard(Hyderabad, Financial District,  ) -->
                  <span class="method-name">Test03_OD_daypassDiscard</span>
                  <span class="parameters">(Hyderabad, Financial District,  )</span>
                  <div class="stack-trace">org.testng.TestNGException: 
Parameter &apos;platformName&apos; is required by BeforeMethod on method startSession but has not been marked @Optional or defined

	at java.base/java.util.ArrayList.forEach(ArrayList.java:1511)
... Removed 36 stack frames
</div> <!-- stack-trace -->
                  <em>
(Test03 - Verify admin is able to book a daypass)                  </em>
                </div> <!-- method-content -->
              </div> <!-- method -->
              <div class="method">
                <div class="method-content">
                  <a name="Test04_OD_daypassOthers(Noida, Sector 16B,  )">
                  </a> <!-- Test04_OD_daypassOthers(Noida, Sector 16B,  ) -->
                  <span class="method-name">Test04_OD_daypassOthers</span>
                  <span class="parameters">(Noida, Sector 16B,  )</span>
                  <div class="stack-trace">org.testng.TestNGException: 
Parameter &apos;platformName&apos; is required by BeforeMethod on method startSession but has not been marked @Optional or defined

	at java.base/java.util.ArrayList.forEach(ArrayList.java:1511)
... Removed 36 stack frames
</div> <!-- stack-trace -->
                  <em>
(Test04 - Verify admin is able to book a daypass)                  </em>
                </div> <!-- method-content -->
              </div> <!-- method -->
              <div class="method">
                <div class="method-content">
                  <a name="Test05_OD_daypassPrinting(Mumbai, Nariman Point, Express Towers)">
                  </a> <!-- Test05_OD_daypassPrinting(Mumbai, Nariman Point, Express Towers) -->
                  <span class="method-name">Test05_OD_daypassPrinting</span>
                  <span class="parameters">(Mumbai, Nariman Point, Express Towers)</span>
                  <div class="stack-trace">org.testng.TestNGException: 
Parameter &apos;platformName&apos; is required by BeforeMethod on method startSession but has not been marked @Optional or defined

	at java.base/java.util.ArrayList.forEach(ArrayList.java:1511)
... Removed 36 stack frames
</div> <!-- stack-trace -->
                  <em>
(Test05 - Verify admin is able to book a daypass)                  </em>
                </div> <!-- method-content -->
              </div> <!-- method -->
              <div class="method">
                <div class="method-content">
                  <a name="Test05_OD_daypassPrinting(Mumbai, Goregaon East, Oberoi Commerz II, Goregaon East)">
                  </a> <!-- Test05_OD_daypassPrinting(Mumbai, Goregaon East, Oberoi Commerz II, Goregaon East) -->
                  <span class="method-name">Test05_OD_daypassPrinting</span>
                  <span class="parameters">(Mumbai, Goregaon East, Oberoi Commerz II, Goregaon East)</span>
                  <div class="stack-trace">org.testng.TestNGException: 
Parameter &apos;platformName&apos; is required by BeforeMethod on method startSession but has not been marked @Optional or defined

	at java.base/java.util.ArrayList.forEach(ArrayList.java:1511)
... Removed 36 stack frames
</div> <!-- stack-trace -->
                  <em>
(Test05 - Verify admin is able to book a daypass)                  </em>
                </div> <!-- method-content -->
              </div> <!-- method -->
              <div class="method">
                <div class="method-content">
                  <a name="Test05_OD_daypassPrinting(Mumbai, WTC  Tower 5,  )">
                  </a> <!-- Test05_OD_daypassPrinting(Mumbai, WTC  Tower 5,  ) -->
                  <span class="method-name">Test05_OD_daypassPrinting</span>
                  <span class="parameters">(Mumbai, WTC  Tower 5,  )</span>
                  <div class="stack-trace">org.testng.TestNGException: 
Parameter &apos;platformName&apos; is required by BeforeMethod on method startSession but has not been marked @Optional or defined

	at java.base/java.util.ArrayList.forEach(ArrayList.java:1511)
... Removed 36 stack frames
</div> <!-- stack-trace -->
                  <em>
(Test05 - Verify admin is able to book a daypass)                  </em>
                </div> <!-- method-content -->
              </div> <!-- method -->
              <div class="method">
                <div class="method-content">
                  <a name="Test06_OD_daypassGurugram(Gurugram, Udyog Vihar, BlueOne Square, Udyog Vihar)">
                  </a> <!-- Test06_OD_daypassGurugram(Gurugram, Udyog Vihar, BlueOne Square, Udyog Vihar) -->
                  <span class="method-name">Test06_OD_daypassGurugram</span>
                  <span class="parameters">(Gurugram, Udyog Vihar, BlueOne Square, Udyog Vihar)</span>
                  <div class="stack-trace">org.testng.TestNGException: 
Parameter &apos;platformName&apos; is required by BeforeMethod on method startSession but has not been marked @Optional or defined

	at java.base/java.util.ArrayList.forEach(ArrayList.java:1511)
... Removed 36 stack frames
</div> <!-- stack-trace -->
                  <em>
(Test06 - Verify admin is able to book a daypass)                  </em>
                </div> <!-- method-content -->
              </div> <!-- method -->
              <div class="method">
                <div class="method-content">
                  <a name="Test07_OD_daypass_multipltdates(Hyderabad, Hitec City,  )">
                  </a> <!-- Test07_OD_daypass_multipltdates(Hyderabad, Hitec City,  ) -->
                  <span class="method-name">Test07_OD_daypass_multipltdates</span>
                  <span class="parameters">(Hyderabad, Hitec City,  )</span>
                  <div class="stack-trace">org.testng.TestNGException: 
Parameter &apos;platformName&apos; is required by BeforeMethod on method startSession but has not been marked @Optional or defined

	at java.base/java.util.ArrayList.forEach(ArrayList.java:1511)
... Removed 36 stack frames
</div> <!-- stack-trace -->
                  <em>
(Test06 - Verify admin is able to book a daypass)                  </em>
                </div> <!-- method-content -->
              </div> <!-- method -->
              <div class="method">
                <div class="method-content">
                  <a name="Test07_OD_daypass_multipltdates(Hyderabad, Financial District,  )">
                  </a> <!-- Test07_OD_daypass_multipltdates(Hyderabad, Financial District,  ) -->
                  <span class="method-name">Test07_OD_daypass_multipltdates</span>
                  <span class="parameters">(Hyderabad, Financial District,  )</span>
                  <div class="stack-trace">org.testng.TestNGException: 
Parameter &apos;platformName&apos; is required by BeforeMethod on method startSession but has not been marked @Optional or defined

	at java.base/java.util.ArrayList.forEach(ArrayList.java:1511)
... Removed 36 stack frames
</div> <!-- stack-trace -->
                  <em>
(Test06 - Verify admin is able to book a daypass)                  </em>
                </div> <!-- method-content -->
              </div> <!-- method -->
            </div> <!-- main-panel-content rounded-window-bottom -->
          </div> <!-- suite-Command_line_suite-class-skipped -->
          <div class="suite-Command_line_suite-class-skipped">
            <div class="main-panel-header rounded-window-top">
              <img src="skipped.png"/>
              <span class="class-name">sanity.SelectVirtualOfficeTest</span>
            </div> <!-- main-panel-header rounded-window-top -->
            <div class="main-panel-content rounded-window-bottom">
              <div class="method">
                <div class="method-content">
                  <a name="test01_VerifySelectVirtualOfficeInPune(Pune, Magarpatta, Panchshil Futura, Futura, Magarpatta Road)">
                  </a> <!-- test01_VerifySelectVirtualOfficeInPune(Pune, Magarpatta, Panchshil Futura, Futura, Magarpatta Road) -->
                  <span class="method-name">test01_VerifySelectVirtualOfficeInPune</span>
                  <span class="parameters">(Pune, Magarpatta, Panchshil Futura, Futura, Magarpatta Road)</span>
                  <div class="stack-trace">org.testng.TestNGException: 
Parameter &apos;platformName&apos; is required by BeforeMethod on method startSession but has not been marked @Optional or defined

	at java.base/java.util.ArrayList.forEach(ArrayList.java:1511)
... Removed 36 stack frames
</div> <!-- stack-trace -->
                  <em>
(Test01 - Verify User is able to Select virtual office in Pune)                  </em>
                </div> <!-- method-content -->
              </div> <!-- method -->
            </div> <!-- main-panel-content rounded-window-bottom -->
          </div> <!-- suite-Command_line_suite-class-skipped -->
          <div class="suite-Command_line_suite-class-skipped">
            <div class="main-panel-header rounded-window-top">
              <img src="skipped.png"/>
              <span class="class-name">sanity.WeWorkWebAppTest</span>
            </div> <!-- main-panel-header rounded-window-top -->
            <div class="main-panel-content rounded-window-bottom">
              <div class="method">
                <div class="method-content">
                  <a name="test06_SelectCareersFromContactUsBtn">
                  </a> <!-- test06_SelectCareersFromContactUsBtn -->
                  <span class="method-name">test06_SelectCareersFromContactUsBtn</span>
                  <div class="stack-trace">org.testng.TestNGException: 
Parameter &apos;platformName&apos; is required by BeforeMethod on method startSession but has not been marked @Optional or defined

	at java.base/java.util.ArrayList.forEach(ArrayList.java:1511)
... Removed 36 stack frames
</div> <!-- stack-trace -->
                  <em>
(Test06 - Verify User is able to fill careers form.)                  </em>
                </div> <!-- method-content -->
              </div> <!-- method -->
            </div> <!-- main-panel-content rounded-window-bottom -->
          </div> <!-- suite-Command_line_suite-class-skipped -->
          <div class="suite-Command_line_suite-class-skipped">
            <div class="main-panel-header rounded-window-top">
              <img src="skipped.png"/>
              <span class="class-name">sanity.ODAdminDashboardTest</span>
            </div> <!-- main-panel-header rounded-window-top -->
            <div class="main-panel-content rounded-window-bottom">
              <div class="method">
                <div class="method-content">
                  <a name="test01_EditAdminUser">
                  </a> <!-- test01_EditAdminUser -->
                  <span class="method-name">test01_EditAdminUser</span>
                  <div class="stack-trace">org.testng.TestNGException: 
Parameter &apos;platformName&apos; is required by BeforeMethod on method startSession but has not been marked @Optional or defined

	at java.base/java.util.ArrayList.forEach(ArrayList.java:1511)
... Removed 36 stack frames
</div> <!-- stack-trace -->
                  <em>
(Test02 - Verify User is able to edit Admin user)                  </em>
                </div> <!-- method-content -->
              </div> <!-- method -->
            </div> <!-- main-panel-content rounded-window-bottom -->
          </div> <!-- suite-Command_line_suite-class-skipped -->
          <div class="suite-Command_line_suite-class-skipped">
            <div class="main-panel-header rounded-window-top">
              <img src="skipped.png"/>
              <span class="class-name">sanity.WebODMyAccountTest</span>
            </div> <!-- main-panel-header rounded-window-top -->
            <div class="main-panel-content rounded-window-bottom">
              <div class="method">
                <div class="method-content">
                  <a name="test01_Changeprofile">
                  </a> <!-- test01_Changeprofile -->
                  <span class="method-name">test01_Changeprofile</span>
                  <div class="stack-trace">org.testng.TestNGException: 
Parameter &apos;platformName&apos; is required by BeforeMethod on method startSession but has not been marked @Optional or defined

	at java.base/java.util.ArrayList.forEach(ArrayList.java:1511)
... Removed 36 stack frames
</div> <!-- stack-trace -->
                  <em>
(Test01 - Verify User is able to change profile data)                  </em>
                </div> <!-- method-content -->
              </div> <!-- method -->
              <div class="method">
                <div class="method-content">
                  <a name="test02_Account_details">
                  </a> <!-- test02_Account_details -->
                  <span class="method-name">test02_Account_details</span>
                  <div class="stack-trace">org.testng.TestNGException: 
Parameter &apos;platformName&apos; is required by BeforeMethod on method startSession but has not been marked @Optional or defined

	at java.base/java.util.ArrayList.forEach(ArrayList.java:1511)
... Removed 36 stack frames
</div> <!-- stack-trace -->
                  <em>
(Test02 - Verify User profile details)                  </em>
                </div> <!-- method-content -->
              </div> <!-- method -->
              <div class="method">
                <div class="method-content">
                  <a name="test03_Team">
                  </a> <!-- test03_Team -->
                  <span class="method-name">test03_Team</span>
                  <div class="stack-trace">org.testng.TestNGException: 
Parameter &apos;platformName&apos; is required by BeforeMethod on method startSession but has not been marked @Optional or defined

	at java.base/java.util.ArrayList.forEach(ArrayList.java:1511)
... Removed 36 stack frames
</div> <!-- stack-trace -->
                  <em>
(Test03 - Verify User Team details)                  </em>
                </div> <!-- method-content -->
              </div> <!-- method -->
              <div class="method">
                <div class="method-content">
                  <a name="test04_Refer">
                  </a> <!-- test04_Refer -->
                  <span class="method-name">test04_Refer</span>
                  <div class="stack-trace">org.testng.TestNGException: 
Parameter &apos;platformName&apos; is required by BeforeMethod on method startSession but has not been marked @Optional or defined

	at java.base/java.util.ArrayList.forEach(ArrayList.java:1511)
... Removed 36 stack frames
</div> <!-- stack-trace -->
                  <em>
(Test04 - Verify User referral link)                  </em>
                </div> <!-- method-content -->
              </div> <!-- method -->
              <div class="method">
                <div class="method-content">
                  <a name="test05_NavRefer">
                  </a> <!-- test05_NavRefer -->
                  <span class="method-name">test05_NavRefer</span>
                  <div class="stack-trace">org.testng.TestNGException: 
Parameter &apos;platformName&apos; is required by BeforeMethod on method startSession but has not been marked @Optional or defined

	at java.base/java.util.ArrayList.forEach(ArrayList.java:1511)
... Removed 36 stack frames
</div> <!-- stack-trace -->
                  <em>
(Test05 - Verify Refer from nav bar with login)                  </em>
                </div> <!-- method-content -->
              </div> <!-- method -->
              <div class="method">
                <div class="method-content">
                  <a name="test06_NavRefer">
                  </a> <!-- test06_NavRefer -->
                  <span class="method-name">test06_NavRefer</span>
                  <div class="stack-trace">org.testng.TestNGException: 
Parameter &apos;platformName&apos; is required by BeforeMethod on method startSession but has not been marked @Optional or defined

	at java.base/java.util.ArrayList.forEach(ArrayList.java:1511)
... Removed 36 stack frames
</div> <!-- stack-trace -->
                  <em>
(Test06 - Verify Refer from nav bar without login)                  </em>
                </div> <!-- method-content -->
              </div> <!-- method -->
              <div class="method">
                <div class="method-content">
                  <a name="test07_Booking">
                  </a> <!-- test07_Booking -->
                  <span class="method-name">test07_Booking</span>
                  <div class="stack-trace">org.testng.TestNGException: 
Parameter &apos;platformName&apos; is required by BeforeMethod on method startSession but has not been marked @Optional or defined

	at java.base/java.util.ArrayList.forEach(ArrayList.java:1511)
... Removed 36 stack frames
</div> <!-- stack-trace -->
                  <em>
(Test07 - Verify latest booking of Daypass)                  </em>
                </div> <!-- method-content -->
              </div> <!-- method -->
              <div class="method">
                <div class="method-content">
                  <a name="test08_Booking_filter">
                  </a> <!-- test08_Booking_filter -->
                  <span class="method-name">test08_Booking_filter</span>
                  <div class="stack-trace">org.testng.TestNGException: 
Parameter &apos;platformName&apos; is required by BeforeMethod on method startSession but has not been marked @Optional or defined

	at java.base/java.util.ArrayList.forEach(ArrayList.java:1511)
... Removed 36 stack frames
</div> <!-- stack-trace -->
                  <em>
(Test07 - Verify booking_filter)                  </em>
                </div> <!-- method-content -->
              </div> <!-- method -->
            </div> <!-- main-panel-content rounded-window-bottom -->
          </div> <!-- suite-Command_line_suite-class-skipped -->
          <div class="suite-Command_line_suite-class-skipped">
            <div class="main-panel-header rounded-window-top">
              <img src="skipped.png"/>
              <span class="class-name">sanity.SelectHotDeskTest</span>
            </div> <!-- main-panel-header rounded-window-top -->
            <div class="main-panel-content rounded-window-bottom">
              <div class="method">
                <div class="method-content">
                  <a name="test01_SelectHotdeskInPune(Pune, Kharadi, World Trade Center)">
                  </a> <!-- test01_SelectHotdeskInPune(Pune, Kharadi, World Trade Center) -->
                  <span class="method-name">test01_SelectHotdeskInPune</span>
                  <span class="parameters">(Pune, Kharadi, World Trade Center)</span>
                  <div class="stack-trace">org.testng.TestNGException: 
Parameter &apos;platformName&apos; is required by BeforeMethod on method startSession but has not been marked @Optional or defined

	at java.base/java.util.ArrayList.forEach(ArrayList.java:1511)
... Removed 36 stack frames
</div> <!-- stack-trace -->
                  <em>
(Test01 - Verify User is able to select Hotdesk in Pune. (Scroll down in home page and select workspaces))                  </em>
                </div> <!-- method-content -->
              </div> <!-- method -->
            </div> <!-- main-panel-content rounded-window-bottom -->
          </div> <!-- suite-Command_line_suite-class-skipped -->
          <div class="suite-Command_line_suite-class-skipped">
            <div class="main-panel-header rounded-window-top">
              <img src="skipped.png"/>
              <span class="class-name">sanity.WebAppTest</span>
            </div> <!-- main-panel-header rounded-window-top -->
            <div class="main-panel-content rounded-window-bottom">
              <div class="method">
                <div class="method-content">
                  <a name="test08_VerifyContactUsFeature">
                  </a> <!-- test08_VerifyContactUsFeature -->
                  <span class="method-name">test08_VerifyContactUsFeature</span>
                  <div class="stack-trace">org.testng.TestNGException: 
Parameter &apos;platformName&apos; is required by BeforeMethod on method startSession but has not been marked @Optional or defined

	at java.base/java.util.ArrayList.forEach(ArrayList.java:1511)
... Removed 36 stack frames
</div> <!-- stack-trace -->
                  <em>
(Test08 - Verify User is able to Select contact us option)                  </em>
                </div> <!-- method-content -->
              </div> <!-- method -->
            </div> <!-- main-panel-content rounded-window-bottom -->
          </div> <!-- suite-Command_line_suite-class-skipped -->
          <div class="suite-Command_line_suite-class-skipped">
            <div class="main-panel-header rounded-window-top">
              <img src="skipped.png"/>
              <span class="class-name">sanity.WebODTest</span>
            </div> <!-- main-panel-header rounded-window-top -->
            <div class="main-panel-content rounded-window-bottom">
              <div class="method">
                <div class="method-content">
                  <a name="test01_OD_daypass(Pune, Magarpatta Road)">
                  </a> <!-- test01_OD_daypass(Pune, Magarpatta Road) -->
                  <span class="method-name">test01_OD_daypass</span>
                  <span class="parameters">(Pune, Magarpatta Road)</span>
                  <div class="stack-trace">org.testng.TestNGException: 
Parameter &apos;platformName&apos; is required by BeforeMethod on method startSession but has not been marked @Optional or defined

	at java.base/java.util.ArrayList.forEach(ArrayList.java:1511)
... Removed 36 stack frames
</div> <!-- stack-trace -->
                  <em>
(Test01 - Verify User is able to book a daypass)                  </em>
                </div> <!-- method-content -->
              </div> <!-- method -->
            </div> <!-- main-panel-content rounded-window-bottom -->
          </div> <!-- suite-Command_line_suite-class-skipped -->
          <div class="suite-Command_line_suite-class-skipped">
            <div class="main-panel-header rounded-window-top">
              <img src="skipped.png"/>
              <span class="class-name">sanity.SelectPrivateOfficeTest</span>
            </div> <!-- main-panel-header rounded-window-top -->
            <div class="main-panel-content rounded-window-bottom">
              <div class="method">
                <div class="method-content">
                  <a name="test01_SelectPrivateOfficeInPune(Pune, Kharadi, World Trade Center)">
                  </a> <!-- test01_SelectPrivateOfficeInPune(Pune, Kharadi, World Trade Center) -->
                  <span class="method-name">test01_SelectPrivateOfficeInPune</span>
                  <span class="parameters">(Pune, Kharadi, World Trade Center)</span>
                  <div class="stack-trace">org.testng.TestNGException: 
Parameter &apos;platformName&apos; is required by BeforeMethod on method startSession but has not been marked @Optional or defined

	at java.base/java.util.ArrayList.forEach(ArrayList.java:1511)
... Removed 36 stack frames
</div> <!-- stack-trace -->
                  <em>
(Test01 - Verify User is able to select private office in Pune. (Scroll down in home page and select workspaces))                  </em>
                </div> <!-- method-content -->
              </div> <!-- method -->
            </div> <!-- main-panel-content rounded-window-bottom -->
          </div> <!-- suite-Command_line_suite-class-skipped -->
        </div> <!-- panel Command_line_suite -->
        <div panel-name="test-xml-Command_line_suite" class="panel">
          <div class="main-panel-header rounded-window-top">
          </div> <!-- main-panel-header rounded-window-top -->
          <div class="main-panel-content rounded-window-bottom">
            <pre>
&lt;?xml version=&quot;1.0&quot; encoding=&quot;UTF-8&quot;?&gt;
&lt;!DOCTYPE suite SYSTEM &quot;https://testng.org/testng-1.0.dtd&quot;&gt;
&lt;suite name=&quot;Command line suite&quot; verbose=&quot;0&quot;&gt;
  &lt;test thread-count=&quot;5&quot; name=&quot;Command line test&quot; verbose=&quot;0&quot;&gt;
    &lt;classes&gt;
      &lt;class name=&quot;sanity.SelectSubscriptionsTest&quot;/&gt;
      &lt;class name=&quot;sanity.SelectConferenceRoomTest&quot;/&gt;
      &lt;class name=&quot;sanity.WebODMyAccountTest&quot;/&gt;
      &lt;class name=&quot;sanity.SelectEventsAndWorkspacesTest&quot;/&gt;
      &lt;class name=&quot;sanity.SelectVirtualOfficeTest&quot;/&gt;
      &lt;class name=&quot;sanity.WebAppTest&quot;/&gt;
      &lt;class name=&quot;sanity.WeWorkWebAppTest&quot;/&gt;
      &lt;class name=&quot;sanity.ODEbuldaypassTest&quot;/&gt;
      &lt;class name=&quot;sanity.ODEMyAccountTest&quot;/&gt;
      &lt;class name=&quot;sanity.ODAdminDashboardTest&quot;/&gt;
      &lt;class name=&quot;sanity.ODEbuttonTest&quot;/&gt;
      &lt;class name=&quot;sanity.SelectPrivateOfficeTest&quot;/&gt;
      &lt;class name=&quot;sanity.SelectHotDeskTest&quot;/&gt;
      &lt;class name=&quot;sanity.SelectDayPassTest&quot;/&gt;
      &lt;class name=&quot;sanity.SelectEnterpriseSolutionsTest&quot;/&gt;
      &lt;class name=&quot;sanity.SelectAllAccessWrkspaceTest&quot;/&gt;
      &lt;class name=&quot;sanity.WebODBundlesTest&quot;/&gt;
      &lt;class name=&quot;sanity.WebODTest&quot;/&gt;
      &lt;class name=&quot;sanity.ODEdaypassTest&quot;/&gt;
    &lt;/classes&gt;
  &lt;/test&gt; &lt;!-- Command line test --&gt;
&lt;/suite&gt; &lt;!-- Command line suite --&gt;
            </pre>
          </div> <!-- main-panel-content rounded-window-bottom -->
        </div> <!-- panel -->
        <div panel-name="testlist-Command_line_suite" class="panel">
          <div class="main-panel-header rounded-window-top">
            <span class="header-content">Tests for Command line suite</span>
          </div> <!-- main-panel-header rounded-window-top -->
          <div class="main-panel-content rounded-window-bottom">
            <ul>
              <li>
                <span class="test-name">Command line test (19 classes)</span>
              </li>
            </ul>
          </div> <!-- main-panel-content rounded-window-bottom -->
        </div> <!-- panel -->
        <div panel-name="group-Command_line_suite" class="panel">
          <div class="main-panel-header rounded-window-top">
            <span class="header-content">Groups for Command line suite</span>
          </div> <!-- main-panel-header rounded-window-top -->
          <div class="main-panel-content rounded-window-bottom">
            <div class="test-group">
              <span class="test-group-name">CO</span>
              <br/>
              <div class="method-in-group">
                <span class="method-in-group-name">test01_SelectAllAccessInPune</span>
                <br/>
              </div> <!-- method-in-group -->
              <div class="method-in-group">
                <span class="method-in-group-name">test01_SelectConferenceRoomInPune</span>
                <br/>
              </div> <!-- method-in-group -->
              <div class="method-in-group">
                <span class="method-in-group-name">test01_SelectDayPassInPune</span>
                <br/>
              </div> <!-- method-in-group -->
              <div class="method-in-group">
                <span class="method-in-group-name">test01_SelectEnterpriseDayPassInPune</span>
                <br/>
              </div> <!-- method-in-group -->
              <div class="method-in-group">
                <span class="method-in-group-name">test01_SelectEventsAndWorkspaces</span>
                <br/>
              </div> <!-- method-in-group -->
              <div class="method-in-group">
                <span class="method-in-group-name">test01_SelectHotdeskInPune</span>
                <br/>
              </div> <!-- method-in-group -->
              <div class="method-in-group">
                <span class="method-in-group-name">test01_SelectPrivateOfficeInPune</span>
                <br/>
              </div> <!-- method-in-group -->
              <div class="method-in-group">
                <span class="method-in-group-name">test01_SelectSubscriptions</span>
                <br/>
              </div> <!-- method-in-group -->
              <div class="method-in-group">
                <span class="method-in-group-name">test01_VerifySelectVirtualOfficeInPune</span>
                <br/>
              </div> <!-- method-in-group -->
            </div> <!-- test-group -->
            <div class="test-group">
              <span class="test-group-name">OD</span>
              <br/>
              <div class="method-in-group">
                <span class="method-in-group-name">test01_Changeprofile</span>
                <br/>
              </div> <!-- method-in-group -->
              <div class="method-in-group">
                <span class="method-in-group-name">test01_OD_daypass</span>
                <br/>
              </div> <!-- method-in-group -->
              <div class="method-in-group">
                <span class="method-in-group-name">test02_Account_details</span>
                <br/>
              </div> <!-- method-in-group -->
              <div class="method-in-group">
                <span class="method-in-group-name">test02_OD_Bundles</span>
                <br/>
              </div> <!-- method-in-group -->
              <div class="method-in-group">
                <span class="method-in-group-name">test03_Team</span>
                <br/>
              </div> <!-- method-in-group -->
              <div class="method-in-group">
                <span class="method-in-group-name">test04_Refer</span>
                <br/>
              </div> <!-- method-in-group -->
              <div class="method-in-group">
                <span class="method-in-group-name">test05_NavRefer</span>
                <br/>
              </div> <!-- method-in-group -->
              <div class="method-in-group">
                <span class="method-in-group-name">test06_NavRefer</span>
                <br/>
              </div> <!-- method-in-group -->
              <div class="method-in-group">
                <span class="method-in-group-name">test07_Booking</span>
                <br/>
              </div> <!-- method-in-group -->
              <div class="method-in-group">
                <span class="method-in-group-name">test08_Booking_filter</span>
                <br/>
              </div> <!-- method-in-group -->
            </div> <!-- test-group -->
            <div class="test-group">
              <span class="test-group-name">ODE</span>
              <br/>
              <div class="method-in-group">
                <span class="method-in-group-name">Test01_ODE_Enterprise</span>
                <br/>
              </div> <!-- method-in-group -->
              <div class="method-in-group">
                <span class="method-in-group-name">Test02_ODE_profile</span>
                <br/>
              </div> <!-- method-in-group -->
              <div class="method-in-group">
                <span class="method-in-group-name">Test03_ODE_support</span>
                <br/>
              </div> <!-- method-in-group -->
              <div class="method-in-group">
                <span class="method-in-group-name">Test04_OD_AddEmployee</span>
                <br/>
              </div> <!-- method-in-group -->
              <div class="method-in-group">
                <span class="method-in-group-name">Test05_ODE_searchEmployee</span>
                <br/>
              </div> <!-- method-in-group -->
              <div class="method-in-group">
                <span class="method-in-group-name">Test06_ODE_edit</span>
                <br/>
              </div> <!-- method-in-group -->
            </div> <!-- test-group -->
          </div> <!-- main-panel-content rounded-window-bottom -->
        </div> <!-- panel -->
        <div panel-name="times-Command_line_suite" class="panel">
          <div class="main-panel-header rounded-window-top">
            <span class="header-content">Times for Command line suite</span>
          </div> <!-- main-panel-header rounded-window-top -->
          <div class="main-panel-content rounded-window-bottom">
            <div class="times-div">
              <script type="text/javascript">
suiteTableInitFunctions.push('tableData_Command_line_suite');
function tableData_Command_line_suite() {
var data = new google.visualization.DataTable();
data.addColumn('number', 'Number');
data.addColumn('string', 'Method');
data.addColumn('string', 'Class');
data.addColumn('number', 'Time (ms)');
data.addRows(56);
data.setCell(0, 0, 0)
data.setCell(0, 1, 'Test01_ODE_daypassCancel')
data.setCell(0, 2, 'sanity.ODEbuttonTest')
data.setCell(0, 3, 0);
data.setCell(1, 0, 1)
data.setCell(1, 1, 'test01_SelectEnterpriseDayPassInPune')
data.setCell(1, 2, 'sanity.SelectEnterpriseSolutionsTest')
data.setCell(1, 3, 0);
data.setCell(2, 0, 2)
data.setCell(2, 1, 'test01_SelectAllAccessInPune')
data.setCell(2, 2, 'sanity.SelectAllAccessWrkspaceTest')
data.setCell(2, 3, 0);
data.setCell(3, 0, 3)
data.setCell(3, 1, 'test01_SelectSubscriptions')
data.setCell(3, 2, 'sanity.SelectSubscriptionsTest')
data.setCell(3, 3, 0);
data.setCell(4, 0, 4)
data.setCell(4, 1, 'Test03_OD_daypassDiscard')
data.setCell(4, 2, 'sanity.ODEbuttonTest')
data.setCell(4, 3, 0);
data.setCell(5, 0, 5)
data.setCell(5, 1, 'Test05_OD_daypassPrinting')
data.setCell(5, 2, 'sanity.ODEbuttonTest')
data.setCell(5, 3, 0);
data.setCell(6, 0, 6)
data.setCell(6, 1, 'test02_OD_Bundles')
data.setCell(6, 2, 'sanity.WebODBundlesTest')
data.setCell(6, 3, 0);
data.setCell(7, 0, 7)
data.setCell(7, 1, 'test06_SelectCareersFromContactUsBtn')
data.setCell(7, 2, 'sanity.WeWorkWebAppTest')
data.setCell(7, 3, 0);
data.setCell(8, 0, 8)
data.setCell(8, 1, 'test03_Team')
data.setCell(8, 2, 'sanity.WebODMyAccountTest')
data.setCell(8, 3, 0);
data.setCell(9, 0, 9)
data.setCell(9, 1, 'test01_SelectDayPassInPune')
data.setCell(9, 2, 'sanity.SelectDayPassTest')
data.setCell(9, 3, 0);
data.setCell(10, 0, 10)
data.setCell(10, 1, 'Test02_OD_daypassBangalore')
data.setCell(10, 2, 'sanity.ODEdaypassTest')
data.setCell(10, 3, 0);
data.setCell(11, 0, 11)
data.setCell(11, 1, 'test05_NavRefer')
data.setCell(11, 2, 'sanity.WebODMyAccountTest')
data.setCell(11, 3, 0);
data.setCell(12, 0, 12)
data.setCell(12, 1, 'Test07_OD_daypass_multipltdates')
data.setCell(12, 2, 'sanity.ODEdaypassTest')
data.setCell(12, 3, 0);
data.setCell(13, 0, 13)
data.setCell(13, 1, 'Test05_OD_daypassMumbai')
data.setCell(13, 2, 'sanity.ODEdaypassTest')
data.setCell(13, 3, 0);
data.setCell(14, 0, 14)
data.setCell(14, 1, 'Test05_OD_daypassPrinting')
data.setCell(14, 2, 'sanity.ODEbuttonTest')
data.setCell(14, 3, 0);
data.setCell(15, 0, 15)
data.setCell(15, 1, 'Test06_OD_daypassGurugram')
data.setCell(15, 2, 'sanity.ODEdaypassTest')
data.setCell(15, 3, 0);
data.setCell(16, 0, 16)
data.setCell(16, 1, 'test01_VerifySelectVirtualOfficeInPune')
data.setCell(16, 2, 'sanity.SelectVirtualOfficeTest')
data.setCell(16, 3, 0);
data.setCell(17, 0, 17)
data.setCell(17, 1, 'Test04_OD_daypassNoida')
data.setCell(17, 2, 'sanity.ODEdaypassTest')
data.setCell(17, 3, 0);
data.setCell(18, 0, 18)
data.setCell(18, 1, 'Test07_OD_daypass_multipltdates')
data.setCell(18, 2, 'sanity.ODEdaypassTest')
data.setCell(18, 3, 0);
data.setCell(19, 0, 19)
data.setCell(19, 1, 'Test03_OD_daypassHyderabad')
data.setCell(19, 2, 'sanity.ODEdaypassTest')
data.setCell(19, 3, 0);
data.setCell(20, 0, 20)
data.setCell(20, 1, 'test01_Changeprofile')
data.setCell(20, 2, 'sanity.WebODMyAccountTest')
data.setCell(20, 3, 0);
data.setCell(21, 0, 21)
data.setCell(21, 1, 'Test05_OD_daypassPrinting')
data.setCell(21, 2, 'sanity.ODEbuttonTest')
data.setCell(21, 3, 0);
data.setCell(22, 0, 22)
data.setCell(22, 1, 'Test04_OD_AddEmployee')
data.setCell(22, 2, 'sanity.ODEMyAccountTest')
data.setCell(22, 3, 0);
data.setCell(23, 0, 23)
data.setCell(23, 1, 'Test01_OD_daypassbulpune')
data.setCell(23, 2, 'sanity.ODEbuldaypassTest')
data.setCell(23, 3, 0);
data.setCell(24, 0, 24)
data.setCell(24, 1, 'Test03_OD_daypassDiscard')
data.setCell(24, 2, 'sanity.ODEbuttonTest')
data.setCell(24, 3, 0);
data.setCell(25, 0, 25)
data.setCell(25, 1, 'Test02_OD_daypassBack')
data.setCell(25, 2, 'sanity.ODEbuttonTest')
data.setCell(25, 3, 0);
data.setCell(26, 0, 26)
data.setCell(26, 1, 'test01_SelectSubscriptions')
data.setCell(26, 2, 'sanity.SelectSubscriptionsTest')
data.setCell(26, 3, 0);
data.setCell(27, 0, 27)
data.setCell(27, 1, 'test01_SelectSubscriptions')
data.setCell(27, 2, 'sanity.SelectSubscriptionsTest')
data.setCell(27, 3, 0);
data.setCell(28, 0, 28)
data.setCell(28, 1, 'Test03_OD_daypassHyderabad')
data.setCell(28, 2, 'sanity.ODEdaypassTest')
data.setCell(28, 3, 0);
data.setCell(29, 0, 29)
data.setCell(29, 1, 'test01_SelectPrivateOfficeInPune')
data.setCell(29, 2, 'sanity.SelectPrivateOfficeTest')
data.setCell(29, 3, 0);
data.setCell(30, 0, 30)
data.setCell(30, 1, 'Test01_ODE_Enterprise')
data.setCell(30, 2, 'sanity.ODEMyAccountTest')
data.setCell(30, 3, 0);
data.setCell(31, 0, 31)
data.setCell(31, 1, 'Test07_OD_daypass_multipltdates')
data.setCell(31, 2, 'sanity.ODEbuttonTest')
data.setCell(31, 3, 0);
data.setCell(32, 0, 32)
data.setCell(32, 1, 'test01_SelectEventsAndWorkspaces')
data.setCell(32, 2, 'sanity.SelectEventsAndWorkspacesTest')
data.setCell(32, 3, 0);
data.setCell(33, 0, 33)
data.setCell(33, 1, 'Test05_OD_daypassMumbai')
data.setCell(33, 2, 'sanity.ODEdaypassTest')
data.setCell(33, 3, 0);
data.setCell(34, 0, 34)
data.setCell(34, 1, 'test08_VerifyContactUsFeature')
data.setCell(34, 2, 'sanity.WebAppTest')
data.setCell(34, 3, 0);
data.setCell(35, 0, 35)
data.setCell(35, 1, 'test01_EditAdminUser')
data.setCell(35, 2, 'sanity.ODAdminDashboardTest')
data.setCell(35, 3, 0);
data.setCell(36, 0, 36)
data.setCell(36, 1, 'Test06_OD_daypassGurugram')
data.setCell(36, 2, 'sanity.ODEdaypassTest')
data.setCell(36, 3, 0);
data.setCell(37, 0, 37)
data.setCell(37, 1, 'test02_Account_details')
data.setCell(37, 2, 'sanity.WebODMyAccountTest')
data.setCell(37, 3, 0);
data.setCell(38, 0, 38)
data.setCell(38, 1, 'Test04_OD_daypassOthers')
data.setCell(38, 2, 'sanity.ODEbuttonTest')
data.setCell(38, 3, 0);
data.setCell(39, 0, 39)
data.setCell(39, 1, 'Test05_ODE_searchEmployee')
data.setCell(39, 2, 'sanity.ODEMyAccountTest')
data.setCell(39, 3, 0);
data.setCell(40, 0, 40)
data.setCell(40, 1, 'test04_Refer')
data.setCell(40, 2, 'sanity.WebODMyAccountTest')
data.setCell(40, 3, 0);
data.setCell(41, 0, 41)
data.setCell(41, 1, 'test01_OD_daypass')
data.setCell(41, 2, 'sanity.WebODTest')
data.setCell(41, 3, 0);
data.setCell(42, 0, 42)
data.setCell(42, 1, 'test01_SelectConferenceRoomInPune')
data.setCell(42, 2, 'sanity.SelectConferenceRoomTest')
data.setCell(42, 3, 0);
data.setCell(43, 0, 43)
data.setCell(43, 1, 'Test02_OD_daypassBangalore')
data.setCell(43, 2, 'sanity.ODEdaypassTest')
data.setCell(43, 3, 0);
data.setCell(44, 0, 44)
data.setCell(44, 1, 'Test06_OD_daypassGurugram')
data.setCell(44, 2, 'sanity.ODEbuttonTest')
data.setCell(44, 3, 0);
data.setCell(45, 0, 45)
data.setCell(45, 1, 'test06_NavRefer')
data.setCell(45, 2, 'sanity.WebODMyAccountTest')
data.setCell(45, 3, 0);
data.setCell(46, 0, 46)
data.setCell(46, 1, 'Test01_OD_daypasspune')
data.setCell(46, 2, 'sanity.ODEdaypassTest')
data.setCell(46, 3, 0);
data.setCell(47, 0, 47)
data.setCell(47, 1, 'test07_Booking')
data.setCell(47, 2, 'sanity.WebODMyAccountTest')
data.setCell(47, 3, 0);
data.setCell(48, 0, 48)
data.setCell(48, 1, 'test01_SelectSubscriptions')
data.setCell(48, 2, 'sanity.SelectSubscriptionsTest')
data.setCell(48, 3, 0);
data.setCell(49, 0, 49)
data.setCell(49, 1, 'Test06_ODE_edit')
data.setCell(49, 2, 'sanity.ODEMyAccountTest')
data.setCell(49, 3, 0);
data.setCell(50, 0, 50)
data.setCell(50, 1, 'Test07_OD_daypass_multipltdates')
data.setCell(50, 2, 'sanity.ODEbuttonTest')
data.setCell(50, 3, 0);
data.setCell(51, 0, 51)
data.setCell(51, 1, 'test01_SelectHotdeskInPune')
data.setCell(51, 2, 'sanity.SelectHotDeskTest')
data.setCell(51, 3, 0);
data.setCell(52, 0, 52)
data.setCell(52, 1, 'Test02_OD_daypassBack')
data.setCell(52, 2, 'sanity.ODEbuttonTest')
data.setCell(52, 3, 0);
data.setCell(53, 0, 53)
data.setCell(53, 1, 'Test03_ODE_support')
data.setCell(53, 2, 'sanity.ODEMyAccountTest')
data.setCell(53, 3, 0);
data.setCell(54, 0, 54)
data.setCell(54, 1, 'test08_Booking_filter')
data.setCell(54, 2, 'sanity.WebODMyAccountTest')
data.setCell(54, 3, 0);
data.setCell(55, 0, 55)
data.setCell(55, 1, 'Test02_ODE_profile')
data.setCell(55, 2, 'sanity.ODEMyAccountTest')
data.setCell(55, 3, 0);
window.suiteTableData['Command_line_suite']= { tableData: data, tableDiv: 'times-div-Command_line_suite'}
return data;
}
              </script>
              <span class="suite-total-time">Total running time: 0 ms</span>
              <div id="times-div-Command_line_suite">
              </div> <!-- times-div-Command_line_suite -->
            </div> <!-- times-div -->
          </div> <!-- main-panel-content rounded-window-bottom -->
        </div> <!-- panel -->
        <div panel-name="reporter-Command_line_suite" class="panel">
          <div class="main-panel-header rounded-window-top">
            <span class="header-content">Reporter output for Command line suite</span>
          </div> <!-- main-panel-header rounded-window-top -->
          <div class="main-panel-content rounded-window-bottom">
          </div> <!-- main-panel-content rounded-window-bottom -->
        </div> <!-- panel -->
        <div panel-name="ignored-methods-Command_line_suite" class="panel">
          <div class="main-panel-header rounded-window-top">
            <span class="header-content">0 ignored methods</span>
          </div> <!-- main-panel-header rounded-window-top -->
          <div class="main-panel-content rounded-window-bottom">
          </div> <!-- main-panel-content rounded-window-bottom -->
        </div> <!-- panel -->
        <div panel-name="chronological-Command_line_suite" class="panel">
          <div class="main-panel-header rounded-window-top">
            <span class="header-content">Methods in chronological order</span>
          </div> <!-- main-panel-header rounded-window-top -->
          <div class="main-panel-content rounded-window-bottom">
            <div class="chronological-class">
              <div class="chronological-class-name">sanity.SelectSubscriptionsTest</div> <!-- chronological-class-name -->
              <div class="test-method">
                <span class="method-name">test01_SelectSubscriptions(Ready-to-move-in private offices, Know more, Private Office Space)</span>
                <span class="method-start">0 ms</span>
              </div> <!-- test-method -->
              <div class="configuration-method after">
                <img src="failed.png">
                </img>
                <span class="method-name">afterMethod</span>
                <span class="method-start">3 ms</span>
              </div> <!-- configuration-method after -->
              <div class="test-method">
                <span class="method-name">test01_SelectSubscriptions(Hot desk, Book a workspace, Hot Desk)</span>
                <span class="method-start">18 ms</span>
              </div> <!-- test-method -->
              <div class="configuration-method after">
                <img src="failed.png">
                </img>
                <span class="method-name">afterMethod</span>
                <span class="method-start">19 ms</span>
              </div> <!-- configuration-method after -->
              <div class="test-method">
                <span class="method-name">test01_SelectSubscriptions(All Access, Book a workspace, All Access)</span>
                <span class="method-start">26 ms</span>
              </div> <!-- test-method -->
              <div class="configuration-method after">
                <img src="failed.png">
                </img>
                <span class="method-name">afterMethod</span>
                <span class="method-start">27 ms</span>
              </div> <!-- configuration-method after -->
              <div class="test-method">
                <span class="method-name">test01_SelectSubscriptions(Office suite, Enquire now, Office Suite)</span>
                <span class="method-start">32 ms</span>
              </div> <!-- test-method -->
              <div class="configuration-method after">
                <img src="failed.png">
                </img>
                <span class="method-name">afterMethod</span>
                <span class="method-start">34 ms</span>
              </div> <!-- configuration-method after -->
              <div class="configuration-class after">
                <img src="failed.png">
                </img>
                <span class="method-name">closeSession</span>
                <span class="method-start">38 ms</span>
              </div> <!-- configuration-class after -->
            </div> <!-- chronological-class -->
            <div class="chronological-class">
              <div class="chronological-class-name">sanity.SelectConferenceRoomTest</div> <!-- chronological-class-name -->
              <div class="test-method">
                <span class="method-name">test01_SelectConferenceRoomInPune(Pune, Magarpatta, Panchshil Futura)</span>
                <span class="method-start">45 ms</span>
              </div> <!-- test-method -->
              <div class="configuration-method after">
                <img src="failed.png">
                </img>
                <span class="method-name">afterMethod</span>
                <span class="method-start">46 ms</span>
              </div> <!-- configuration-method after -->
              <div class="configuration-class after">
                <img src="failed.png">
                </img>
                <span class="method-name">closeSession</span>
                <span class="method-start">49 ms</span>
              </div> <!-- configuration-class after -->
            </div> <!-- chronological-class -->
            <div class="chronological-class">
              <div class="chronological-class-name">sanity.WebODMyAccountTest</div> <!-- chronological-class-name -->
              <div class="test-method">
                <span class="method-name">test01_Changeprofile</span>
                <span class="method-start">53 ms</span>
              </div> <!-- test-method -->
              <div class="configuration-method after">
                <img src="failed.png">
                </img>
                <span class="method-name">afterMethod</span>
                <span class="method-start">54 ms</span>
              </div> <!-- configuration-method after -->
              <div class="test-method">
                <span class="method-name">test02_Account_details</span>
                <span class="method-start">61 ms</span>
              </div> <!-- test-method -->
              <div class="configuration-method after">
                <img src="failed.png">
                </img>
                <span class="method-name">afterMethod</span>
                <span class="method-start">62 ms</span>
              </div> <!-- configuration-method after -->
              <div class="test-method">
                <span class="method-name">test03_Team</span>
                <span class="method-start">67 ms</span>
              </div> <!-- test-method -->
              <div class="configuration-method after">
                <img src="failed.png">
                </img>
                <span class="method-name">afterMethod</span>
                <span class="method-start">68 ms</span>
              </div> <!-- configuration-method after -->
              <div class="test-method">
                <span class="method-name">test04_Refer</span>
                <span class="method-start">73 ms</span>
              </div> <!-- test-method -->
              <div class="configuration-method after">
                <img src="failed.png">
                </img>
                <span class="method-name">afterMethod</span>
                <span class="method-start">75 ms</span>
              </div> <!-- configuration-method after -->
              <div class="test-method">
                <span class="method-name">test05_NavRefer</span>
                <span class="method-start">80 ms</span>
              </div> <!-- test-method -->
              <div class="configuration-method after">
                <img src="failed.png">
                </img>
                <span class="method-name">afterMethod</span>
                <span class="method-start">82 ms</span>
              </div> <!-- configuration-method after -->
              <div class="test-method">
                <span class="method-name">test06_NavRefer</span>
                <span class="method-start">86 ms</span>
              </div> <!-- test-method -->
              <div class="configuration-method after">
                <img src="failed.png">
                </img>
                <span class="method-name">afterMethod</span>
                <span class="method-start">87 ms</span>
              </div> <!-- configuration-method after -->
              <div class="test-method">
                <span class="method-name">test07_Booking</span>
                <span class="method-start">92 ms</span>
              </div> <!-- test-method -->
              <div class="configuration-method after">
                <img src="failed.png">
                </img>
                <span class="method-name">afterMethod</span>
                <span class="method-start">94 ms</span>
              </div> <!-- configuration-method after -->
              <div class="test-method">
                <span class="method-name">test08_Booking_filter</span>
                <span class="method-start">99 ms</span>
              </div> <!-- test-method -->
              <div class="configuration-method after">
                <img src="failed.png">
                </img>
                <span class="method-name">afterMethod</span>
                <span class="method-start">100 ms</span>
              </div> <!-- configuration-method after -->
              <div class="configuration-class after">
                <img src="failed.png">
                </img>
                <span class="method-name">closeSession</span>
                <span class="method-start">103 ms</span>
              </div> <!-- configuration-class after -->
            </div> <!-- chronological-class -->
            <div class="chronological-class">
              <div class="chronological-class-name">sanity.SelectEventsAndWorkspacesTest</div> <!-- chronological-class-name -->
              <div class="test-method">
                <span class="method-name">test01_SelectEventsAndWorkspaces</span>
                <span class="method-start">106 ms</span>
              </div> <!-- test-method -->
              <div class="configuration-method after">
                <img src="failed.png">
                </img>
                <span class="method-name">afterMethod</span>
                <span class="method-start">108 ms</span>
              </div> <!-- configuration-method after -->
              <div class="configuration-class after">
                <img src="failed.png">
                </img>
                <span class="method-name">closeSession</span>
                <span class="method-start">111 ms</span>
              </div> <!-- configuration-class after -->
            </div> <!-- chronological-class -->
            <div class="chronological-class">
              <div class="chronological-class-name">sanity.SelectVirtualOfficeTest</div> <!-- chronological-class-name -->
              <div class="test-method">
                <span class="method-name">test01_VerifySelectVirtualOfficeInPune(Pune, Magarpatta, Panchshil Futura, Futura, Magarpatta Road)</span>
                <span class="method-start">114 ms</span>
              </div> <!-- test-method -->
              <div class="configuration-method after">
                <img src="failed.png">
                </img>
                <span class="method-name">afterMethod</span>
                <span class="method-start">115 ms</span>
              </div> <!-- configuration-method after -->
              <div class="configuration-class after">
                <img src="failed.png">
                </img>
                <span class="method-name">closeSession</span>
                <span class="method-start">118 ms</span>
              </div> <!-- configuration-class after -->
            </div> <!-- chronological-class -->
            <div class="chronological-class">
              <div class="chronological-class-name">sanity.WebAppTest</div> <!-- chronological-class-name -->
              <div class="test-method">
                <span class="method-name">test08_VerifyContactUsFeature</span>
                <span class="method-start">122 ms</span>
              </div> <!-- test-method -->
              <div class="configuration-method after">
                <img src="failed.png">
                </img>
                <span class="method-name">afterMethod</span>
                <span class="method-start">124 ms</span>
              </div> <!-- configuration-method after -->
              <div class="configuration-class after">
                <img src="failed.png">
                </img>
                <span class="method-name">closeSession</span>
                <span class="method-start">129 ms</span>
              </div> <!-- configuration-class after -->
            </div> <!-- chronological-class -->
            <div class="chronological-class">
              <div class="chronological-class-name">sanity.WeWorkWebAppTest</div> <!-- chronological-class-name -->
              <div class="test-method">
                <span class="method-name">test06_SelectCareersFromContactUsBtn</span>
                <span class="method-start">133 ms</span>
              </div> <!-- test-method -->
              <div class="configuration-method after">
                <img src="failed.png">
                </img>
                <span class="method-name">afterMethod</span>
                <span class="method-start">134 ms</span>
              </div> <!-- configuration-method after -->
              <div class="configuration-class after">
                <img src="failed.png">
                </img>
                <span class="method-name">closeSession</span>
                <span class="method-start">136 ms</span>
              </div> <!-- configuration-class after -->
            </div> <!-- chronological-class -->
            <div class="chronological-class">
              <div class="chronological-class-name">sanity.ODEbuldaypassTest</div> <!-- chronological-class-name -->
              <div class="test-method">
                <span class="method-name">Test01_OD_daypassbulpune(Pune, Futura, Magarpatta Road)</span>
                <span class="method-start">141 ms</span>
              </div> <!-- test-method -->
              <div class="configuration-method after">
                <img src="failed.png">
                </img>
                <span class="method-name">afterMethod</span>
                <span class="method-start">142 ms</span>
              </div> <!-- configuration-method after -->
              <div class="configuration-class after">
                <img src="failed.png">
                </img>
                <span class="method-name">closeSession</span>
                <span class="method-start">145 ms</span>
              </div> <!-- configuration-class after -->
            </div> <!-- chronological-class -->
            <div class="chronological-class">
              <div class="chronological-class-name">sanity.ODEMyAccountTest</div> <!-- chronological-class-name -->
              <div class="test-method">
                <span class="method-name">Test01_ODE_Enterprise</span>
                <span class="method-start">148 ms</span>
              </div> <!-- test-method -->
              <div class="configuration-method after">
                <img src="failed.png">
                </img>
                <span class="method-name">afterMethod</span>
                <span class="method-start">150 ms</span>
              </div> <!-- configuration-method after -->
              <div class="test-method">
                <span class="method-name">Test02_ODE_profile</span>
                <span class="method-start">154 ms</span>
              </div> <!-- test-method -->
              <div class="configuration-method after">
                <img src="failed.png">
                </img>
                <span class="method-name">afterMethod</span>
                <span class="method-start">156 ms</span>
              </div> <!-- configuration-method after -->
              <div class="test-method">
                <span class="method-name">Test03_ODE_support</span>
                <span class="method-start">163 ms</span>
              </div> <!-- test-method -->
              <div class="configuration-method after">
                <img src="failed.png">
                </img>
                <span class="method-name">afterMethod</span>
                <span class="method-start">164 ms</span>
              </div> <!-- configuration-method after -->
              <div class="test-method">
                <span class="method-name">Test04_OD_AddEmployee</span>
                <span class="method-start">168 ms</span>
              </div> <!-- test-method -->
              <div class="configuration-method after">
                <img src="failed.png">
                </img>
                <span class="method-name">afterMethod</span>
                <span class="method-start">169 ms</span>
              </div> <!-- configuration-method after -->
              <div class="test-method">
                <span class="method-name">Test05_ODE_searchEmployee</span>
                <span class="method-start">173 ms</span>
              </div> <!-- test-method -->
              <div class="configuration-method after">
                <img src="failed.png">
                </img>
                <span class="method-name">afterMethod</span>
                <span class="method-start">176 ms</span>
              </div> <!-- configuration-method after -->
              <div class="test-method">
                <span class="method-name">Test06_ODE_edit</span>
                <span class="method-start">181 ms</span>
              </div> <!-- test-method -->
              <div class="configuration-method after">
                <img src="failed.png">
                </img>
                <span class="method-name">afterMethod</span>
                <span class="method-start">182 ms</span>
              </div> <!-- configuration-method after -->
              <div class="configuration-class after">
                <img src="failed.png">
                </img>
                <span class="method-name">closeSession</span>
                <span class="method-start">184 ms</span>
              </div> <!-- configuration-class after -->
            </div> <!-- chronological-class -->
            <div class="chronological-class">
              <div class="chronological-class-name">sanity.ODAdminDashboardTest</div> <!-- chronological-class-name -->
              <div class="test-method">
                <span class="method-name">test01_EditAdminUser</span>
                <span class="method-start">187 ms</span>
              </div> <!-- test-method -->
              <div class="configuration-method after">
                <img src="failed.png">
                </img>
                <span class="method-name">afterMethod</span>
                <span class="method-start">188 ms</span>
              </div> <!-- configuration-method after -->
              <div class="configuration-class after">
                <img src="failed.png">
                </img>
                <span class="method-name">closeSession</span>
                <span class="method-start">190 ms</span>
              </div> <!-- configuration-class after -->
            </div> <!-- chronological-class -->
            <div class="chronological-class">
              <div class="chronological-class-name">sanity.ODEbuttonTest</div> <!-- chronological-class-name -->
              <div class="test-method">
                <span class="method-name">Test02_OD_daypassBack(Bengaluru, Central Business District, The Pavilion, Central Business District)</span>
                <span class="method-start">196 ms</span>
              </div> <!-- test-method -->
              <div class="configuration-method after">
                <img src="failed.png">
                </img>
                <span class="method-name">afterMethod</span>
                <span class="method-start">197 ms</span>
              </div> <!-- configuration-method after -->
              <div class="test-method">
                <span class="method-name">Test02_OD_daypassBack(Bengaluru, Bannerghatta Main Rd,  )</span>
                <span class="method-start">201 ms</span>
              </div> <!-- test-method -->
              <div class="configuration-method after">
                <img src="failed.png">
                </img>
                <span class="method-name">afterMethod</span>
                <span class="method-start">202 ms</span>
              </div> <!-- configuration-method after -->
              <div class="test-method">
                <span class="method-name">Test03_OD_daypassDiscard(Hyderabad, Financial District,  )</span>
                <span class="method-start">206 ms</span>
              </div> <!-- test-method -->
              <div class="configuration-method after">
                <img src="failed.png">
                </img>
                <span class="method-name">afterMethod</span>
                <span class="method-start">207 ms</span>
              </div> <!-- configuration-method after -->
              <div class="test-method">
                <span class="method-name">Test03_OD_daypassDiscard(Hyderabad, Hitec City,  )</span>
                <span class="method-start">211 ms</span>
              </div> <!-- test-method -->
              <div class="configuration-method after">
                <img src="failed.png">
                </img>
                <span class="method-name">afterMethod</span>
                <span class="method-start">212 ms</span>
              </div> <!-- configuration-method after -->
              <div class="test-method">
                <span class="method-name">Test04_OD_daypassOthers(Noida, Sector 16B,  )</span>
                <span class="method-start">217 ms</span>
              </div> <!-- test-method -->
              <div class="configuration-method after">
                <img src="failed.png">
                </img>
                <span class="method-name">afterMethod</span>
                <span class="method-start">219 ms</span>
              </div> <!-- configuration-method after -->
              <div class="test-method">
                <span class="method-name">Test05_OD_daypassPrinting(Mumbai, Nariman Point, Express Towers)</span>
                <span class="method-start">223 ms</span>
              </div> <!-- test-method -->
              <div class="configuration-method after">
                <img src="failed.png">
                </img>
                <span class="method-name">afterMethod</span>
                <span class="method-start">225 ms</span>
              </div> <!-- configuration-method after -->
              <div class="test-method">
                <span class="method-name">Test05_OD_daypassPrinting(Mumbai, Goregaon East, Oberoi Commerz II, Goregaon East)</span>
                <span class="method-start">229 ms</span>
              </div> <!-- test-method -->
              <div class="configuration-method after">
                <img src="failed.png">
                </img>
                <span class="method-name">afterMethod</span>
                <span class="method-start">230 ms</span>
              </div> <!-- configuration-method after -->
              <div class="test-method">
                <span class="method-name">Test05_OD_daypassPrinting(Mumbai, WTC  Tower 5,  )</span>
                <span class="method-start">233 ms</span>
              </div> <!-- test-method -->
              <div class="configuration-method after">
                <img src="failed.png">
                </img>
                <span class="method-name">afterMethod</span>
                <span class="method-start">235 ms</span>
              </div> <!-- configuration-method after -->
              <div class="test-method">
                <span class="method-name">Test06_OD_daypassGurugram(Gurugram, Udyog Vihar, BlueOne Square, Udyog Vihar)</span>
                <span class="method-start">239 ms</span>
              </div> <!-- test-method -->
              <div class="configuration-method after">
                <img src="failed.png">
                </img>
                <span class="method-name">afterMethod</span>
                <span class="method-start">240 ms</span>
              </div> <!-- configuration-method after -->
              <div class="test-method">
                <span class="method-name">Test07_OD_daypass_multipltdates(Hyderabad, Financial District,  )</span>
                <span class="method-start">246 ms</span>
              </div> <!-- test-method -->
              <div class="configuration-method after">
                <img src="failed.png">
                </img>
                <span class="method-name">afterMethod</span>
                <span class="method-start">247 ms</span>
              </div> <!-- configuration-method after -->
              <div class="test-method">
                <span class="method-name">Test07_OD_daypass_multipltdates(Hyderabad, Hitec City,  )</span>
                <span class="method-start">251 ms</span>
              </div> <!-- test-method -->
              <div class="configuration-method after">
                <img src="failed.png">
                </img>
                <span class="method-name">afterMethod</span>
                <span class="method-start">252 ms</span>
              </div> <!-- configuration-method after -->
              <div class="configuration-class after">
                <img src="failed.png">
                </img>
                <span class="method-name">closeSession</span>
                <span class="method-start">257 ms</span>
              </div> <!-- configuration-class after -->
            </div> <!-- chronological-class -->
            <div class="chronological-class">
              <div class="chronological-class-name">sanity.SelectPrivateOfficeTest</div> <!-- chronological-class-name -->
              <div class="test-method">
                <span class="method-name">test01_SelectPrivateOfficeInPune(Pune, Kharadi, World Trade Center)</span>
                <span class="method-start">261 ms</span>
              </div> <!-- test-method -->
              <div class="configuration-method after">
                <img src="failed.png">
                </img>
                <span class="method-name">afterMethod</span>
                <span class="method-start">265 ms</span>
              </div> <!-- configuration-method after -->
              <div class="configuration-class after">
                <img src="failed.png">
                </img>
                <span class="method-name">closeSession</span>
                <span class="method-start">267 ms</span>
              </div> <!-- configuration-class after -->
            </div> <!-- chronological-class -->
            <div class="chronological-class">
              <div class="chronological-class-name">sanity.SelectHotDeskTest</div> <!-- chronological-class-name -->
              <div class="test-method">
                <span class="method-name">test01_SelectHotdeskInPune(Pune, Kharadi, World Trade Center)</span>
                <span class="method-start">271 ms</span>
              </div> <!-- test-method -->
              <div class="configuration-method after">
                <img src="failed.png">
                </img>
                <span class="method-name">afterMethod</span>
                <span class="method-start">272 ms</span>
              </div> <!-- configuration-method after -->
              <div class="configuration-class after">
                <img src="failed.png">
                </img>
                <span class="method-name">closeSession</span>
                <span class="method-start">276 ms</span>
              </div> <!-- configuration-class after -->
            </div> <!-- chronological-class -->
            <div class="chronological-class">
              <div class="chronological-class-name">sanity.SelectDayPassTest</div> <!-- chronological-class-name -->
              <div class="test-method">
                <span class="method-name">test01_SelectDayPassInPune(Pune, Magarpatta, Panchshil Futura)</span>
                <span class="method-start">282 ms</span>
              </div> <!-- test-method -->
              <div class="configuration-method after">
                <img src="failed.png">
                </img>
                <span class="method-name">afterMethod</span>
                <span class="method-start">283 ms</span>
              </div> <!-- configuration-method after -->
              <div class="configuration-class after">
                <img src="failed.png">
                </img>
                <span class="method-name">closeSession</span>
                <span class="method-start">285 ms</span>
              </div> <!-- configuration-class after -->
            </div> <!-- chronological-class -->
            <div class="chronological-class">
              <div class="chronological-class-name">sanity.SelectEnterpriseSolutionsTest</div> <!-- chronological-class-name -->
              <div class="test-method">
                <span class="method-name">test01_SelectEnterpriseDayPassInPune(Pune, Kharadi, 20-50)</span>
                <span class="method-start">289 ms</span>
              </div> <!-- test-method -->
              <div class="configuration-method after">
                <img src="failed.png">
                </img>
                <span class="method-name">afterMethod</span>
                <span class="method-start">291 ms</span>
              </div> <!-- configuration-method after -->
              <div class="configuration-class after">
                <img src="failed.png">
                </img>
                <span class="method-name">closeSession</span>
                <span class="method-start">293 ms</span>
              </div> <!-- configuration-class after -->
            </div> <!-- chronological-class -->
            <div class="chronological-class">
              <div class="chronological-class-name">sanity.SelectAllAccessWrkspaceTest</div> <!-- chronological-class-name -->
              <div class="test-method">
                <span class="method-name">test01_SelectAllAccessInPune(Pune, Magarpatta, Panchshil Futura)</span>
                <span class="method-start">297 ms</span>
              </div> <!-- test-method -->
              <div class="configuration-method after">
                <img src="failed.png">
                </img>
                <span class="method-name">afterMethod</span>
                <span class="method-start">299 ms</span>
              </div> <!-- configuration-method after -->
              <div class="configuration-class after">
                <img src="failed.png">
                </img>
                <span class="method-name">closeSession</span>
                <span class="method-start">301 ms</span>
              </div> <!-- configuration-class after -->
            </div> <!-- chronological-class -->
            <div class="chronological-class">
              <div class="chronological-class-name">sanity.WebODBundlesTest</div> <!-- chronological-class-name -->
              <div class="test-method">
                <span class="method-name">test02_OD_Bundles</span>
                <span class="method-start">303 ms</span>
              </div> <!-- test-method -->
              <div class="configuration-method after">
                <img src="failed.png">
                </img>
                <span class="method-name">afterMethod</span>
                <span class="method-start">304 ms</span>
              </div> <!-- configuration-method after -->
              <div class="configuration-class after">
                <img src="failed.png">
                </img>
                <span class="method-name">closeSession</span>
                <span class="method-start">306 ms</span>
              </div> <!-- configuration-class after -->
            </div> <!-- chronological-class -->
            <div class="chronological-class">
              <div class="chronological-class-name">sanity.WebODTest</div> <!-- chronological-class-name -->
              <div class="test-method">
                <span class="method-name">test01_OD_daypass(Pune, Magarpatta Road)</span>
                <span class="method-start">309 ms</span>
              </div> <!-- test-method -->
              <div class="configuration-method after">
                <img src="failed.png">
                </img>
                <span class="method-name">afterMethod</span>
                <span class="method-start">310 ms</span>
              </div> <!-- configuration-method after -->
              <div class="configuration-class after">
                <img src="failed.png">
                </img>
                <span class="method-name">closeSession</span>
                <span class="method-start">312 ms</span>
              </div> <!-- configuration-class after -->
            </div> <!-- chronological-class -->
            <div class="chronological-class">
              <div class="chronological-class-name">sanity.ODEdaypassTest</div> <!-- chronological-class-name -->
              <div class="test-method">
                <span class="method-name">Test01_OD_daypasspune(Pune, Magarpatta Road,  )</span>
                <span class="method-start">315 ms</span>
              </div> <!-- test-method -->
              <div class="configuration-method after">
                <img src="failed.png">
                </img>
                <span class="method-name">afterMethod</span>
                <span class="method-start">316 ms</span>
              </div> <!-- configuration-method after -->
              <div class="test-method">
                <span class="method-name">Test02_OD_daypassBangalore(Bengaluru, Central Business District, The Pavilion, Central Business District)</span>
                <span class="method-start">320 ms</span>
              </div> <!-- test-method -->
              <div class="configuration-method after">
                <img src="failed.png">
                </img>
                <span class="method-name">afterMethod</span>
                <span class="method-start">321 ms</span>
              </div> <!-- configuration-method after -->
              <div class="test-method">
                <span class="method-name">Test02_OD_daypassBangalore(Bengaluru, Bannerghatta Main Rd,  )</span>
                <span class="method-start">325 ms</span>
              </div> <!-- test-method -->
              <div class="configuration-method after">
                <img src="failed.png">
                </img>
                <span class="method-name">afterMethod</span>
                <span class="method-start">326 ms</span>
              </div> <!-- configuration-method after -->
              <div class="test-method">
                <span class="method-name">Test03_OD_daypassHyderabad(Hyderabad, Financial District,  )</span>
                <span class="method-start">329 ms</span>
              </div> <!-- test-method -->
              <div class="configuration-method after">
                <img src="failed.png">
                </img>
                <span class="method-name">afterMethod</span>
                <span class="method-start">330 ms</span>
              </div> <!-- configuration-method after -->
              <div class="test-method">
                <span class="method-name">Test03_OD_daypassHyderabad(Hyderabad, Hitec City,  )</span>
                <span class="method-start">334 ms</span>
              </div> <!-- test-method -->
              <div class="configuration-method after">
                <img src="failed.png">
                </img>
                <span class="method-name">afterMethod</span>
                <span class="method-start">335 ms</span>
              </div> <!-- configuration-method after -->
              <div class="test-method">
                <span class="method-name">Test04_OD_daypassNoida(Noida, Sector 16B,  )</span>
                <span class="method-start">338 ms</span>
              </div> <!-- test-method -->
              <div class="configuration-method after">
                <img src="failed.png">
                </img>
                <span class="method-name">afterMethod</span>
                <span class="method-start">339 ms</span>
              </div> <!-- configuration-method after -->
              <div class="configuration-method after">
                <img src="failed.png">
                </img>
                <span class="method-name">afterMethod</span>
                <span class="method-start">344 ms</span>
              </div> <!-- configuration-method after -->
              <div class="test-method">
                <span class="method-name">Test05_OD_daypassMumbai(Mumbai, Nariman Point, Express Towers)</span>
                <span class="method-start">344 ms</span>
              </div> <!-- test-method -->
              <div class="test-method">
                <span class="method-name">Test05_OD_daypassMumbai(Mumbai, WTC  Tower 5,  )</span>
                <span class="method-start">347 ms</span>
              </div> <!-- test-method -->
              <div class="configuration-method after">
                <img src="failed.png">
                </img>
                <span class="method-name">afterMethod</span>
                <span class="method-start">349 ms</span>
              </div> <!-- configuration-method after -->
              <div class="test-method">
                <span class="method-name">Test06_OD_daypassGurugram(Gurugram, Udyog Vihar, BlueOne Square, Udyog Vihar)</span>
                <span class="method-start">353 ms</span>
              </div> <!-- test-method -->
              <div class="configuration-method after">
                <img src="failed.png">
                </img>
                <span class="method-name">afterMethod</span>
                <span class="method-start">354 ms</span>
              </div> <!-- configuration-method after -->
              <div class="test-method">
                <span class="method-name">Test06_OD_daypassGurugram(Gurugram, Bristol Chowk,  )</span>
                <span class="method-start">358 ms</span>
              </div> <!-- test-method -->
              <div class="configuration-method after">
                <img src="failed.png">
                </img>
                <span class="method-name">afterMethod</span>
                <span class="method-start">359 ms</span>
              </div> <!-- configuration-method after -->
              <div class="test-method">
                <span class="method-name">Test07_OD_daypass_multipltdates(Hyderabad, Financial District,  )</span>
                <span class="method-start">362 ms</span>
              </div> <!-- test-method -->
              <div class="configuration-method after">
                <img src="failed.png">
                </img>
                <span class="method-name">afterMethod</span>
                <span class="method-start">363 ms</span>
              </div> <!-- configuration-method after -->
              <div class="test-method">
                <span class="method-name">Test07_OD_daypass_multipltdates(Hyderabad, Hitec City,  )</span>
                <span class="method-start">367 ms</span>
              </div> <!-- test-method -->
              <div class="configuration-method after">
                <img src="failed.png">
                </img>
                <span class="method-name">afterMethod</span>
                <span class="method-start">368 ms</span>
              </div> <!-- configuration-method after -->
              <div class="configuration-class after">
                <img src="failed.png">
                </img>
                <span class="method-name">closeSession</span>
                <span class="method-start">370 ms</span>
              </div> <!-- configuration-class after -->
          </div> <!-- main-panel-content rounded-window-bottom -->
        </div> <!-- panel -->
      </div> <!-- main-panel-root -->
    </div> <!-- wrapper -->
  </body>
<script type="text/javascript" src="testng-reports2.js"></script>
</html>
