<!DOCTYPE html>

<html>
  <head>
  <meta charset='utf-8'>
  <title>TestNG reports</title>

    <link type="text/css" href="testng-reports1.css" rel="stylesheet" id="ultra" />
    <link type="text/css" href="testng-reports.css" rel="stylesheet" id="retro" disabled="false"/>
    <script type="text/javascript" src="jquery.min.js"></script>
    <script type="text/javascript" src="testng-reports.js"></script>
    <script type="text/javascript" src="https://www.google.com/jsapi"></script>
    <script type='text/javascript'>
      google.load('visualization', '1', {packages:['table']});
      google.setOnLoadCallback(drawTable);
      var suiteTableInitFunctions = new Array();
      var suiteTableData = new Array();
    </script>
    <!--
      <script type="text/javascript" src="jquery-ui/js/jquery-ui-1.8.16.custom.min.js"></script>
     -->
  </head>

  <body>
    <div class="top-banner-root">
      <span class="top-banner-title-font">Test results</span>
      <button class="button" id="button">Switch Retro Theme</button> <!-- button -->
      <br/>
      <span class="top-banner-font-1">1 suite, 5 failed tests</span>
    </div> <!-- top-banner-root -->
    <div class="navigator-root">
      <div class="navigator-suite-header">
        <span>All suites</span>
        <a href="#" class="collapse-all-link" title="Collapse/expand all the suites">
          <img class="collapse-all-icon" src="collapseall.gif">
          </img> <!-- collapse-all-icon -->
        </a> <!-- collapse-all-link -->
      </div> <!-- navigator-suite-header -->
      <div class="suite">
        <div class="rounded-window">
          <div class="suite-header light-rounded-window-top">
            <a href="#" class="navigator-link" panel-name="suite-Web_Suite">
              <span class="suite-name border-failed">Web Suite</span>
            </a> <!-- navigator-link -->
          </div> <!-- suite-header light-rounded-window-top -->
          <div class="navigator-suite-content">
            <div class="suite-section-title">
              <span>Info</span>
            </div> <!-- suite-section-title -->
            <div class="suite-section-content">
              <ul>
                <li>
                  <a href="#" class="navigator-link " panel-name="test-xml-Web_Suite">
                    <span>TestngODED.xml</span>
                  </a> <!-- navigator-link  -->
                </li>
                <li>
                  <a href="#" class="navigator-link " panel-name="testlist-Web_Suite">
                    <span class="test-stats">1 test</span>
                  </a> <!-- navigator-link  -->
                </li>
                <li>
                  <a href="#" class="navigator-link " panel-name="group-Web_Suite">
                    <span>0 groups</span>
                  </a> <!-- navigator-link  -->
                </li>
                <li>
                  <a href="#" class="navigator-link " panel-name="times-Web_Suite">
                    <span>Times</span>
                  </a> <!-- navigator-link  -->
                </li>
                <li>
                  <a href="#" class="navigator-link " panel-name="reporter-Web_Suite">
                    <span>Reporter output</span>
                  </a> <!-- navigator-link  -->
                </li>
                <li>
                  <a href="#" class="navigator-link " panel-name="ignored-methods-Web_Suite">
                    <span>Ignored methods</span>
                  </a> <!-- navigator-link  -->
                </li>
                <li>
                  <a href="#" class="navigator-link " panel-name="chronological-Web_Suite">
                    <span>Chronological view</span>
                  </a> <!-- navigator-link  -->
                </li>
              </ul>
            </div> <!-- suite-section-content -->
            <div class="result-section">
              <div class="suite-section-title">
                <span>Results</span>
              </div> <!-- suite-section-title -->
              <div class="suite-section-content">
                <ul>
                  <li>
                    <span class="method-stats">6 methods, 5 failed,   1 passed</span>
                  </li>
                  <li>
                    <span class="method-list-title failed">Failed methods</span>
                    <span class="show-or-hide-methods failed">
                      <a href="#" panel-name="suite-Web_Suite" class="hide-methods failed suite-Web_Suite"> (hide)</a> <!-- hide-methods failed suite-Web_Suite -->
                      <a href="#" panel-name="suite-Web_Suite" class="show-methods failed suite-Web_Suite"> (show)</a> <!-- show-methods failed suite-Web_Suite -->
                    </span>
                    <div class="method-list-content failed suite-Web_Suite">
                      <span>
                        <img width="3%" src="failed.png"/>
                        <a href="#" class="method navigator-link" panel-name="suite-Web_Suite" title="sanity.ODEMyAccountTest" hash-for-method="Test01_ODE_Enterprise">Test01_ODE_Enterprise</a> <!-- method navigator-link -->
                      </span>
                      <br/>
                      <span>
                        <img width="3%" src="failed.png"/>
                        <a href="#" class="method navigator-link" panel-name="suite-Web_Suite" title="sanity.ODEMyAccountTest" hash-for-method="Test02_ODE_profile">Test02_ODE_profile</a> <!-- method navigator-link -->
                      </span>
                      <br/>
                      <span>
                        <img width="3%" src="failed.png"/>
                        <a href="#" class="method navigator-link" panel-name="suite-Web_Suite" title="sanity.ODEMyAccountTest" hash-for-method="Test04_OD_AddEmployee">Test04_OD_AddEmployee</a> <!-- method navigator-link -->
                      </span>
                      <br/>
                      <span>
                        <img width="3%" src="failed.png"/>
                        <a href="#" class="method navigator-link" panel-name="suite-Web_Suite" title="sanity.ODEMyAccountTest" hash-for-method="Test05_ODE_searchEmployee">Test05_ODE_searchEmployee</a> <!-- method navigator-link -->
                      </span>
                      <br/>
                      <span>
                        <img width="3%" src="failed.png"/>
                        <a href="#" class="method navigator-link" panel-name="suite-Web_Suite" title="sanity.ODEMyAccountTest" hash-for-method="Test06_ODE_edit">Test06_ODE_edit</a> <!-- method navigator-link -->
                      </span>
                      <br/>
                    </div> <!-- method-list-content failed suite-Web_Suite -->
                  </li>
                  <li>
                    <span class="method-list-title passed">Passed methods</span>
                    <span class="show-or-hide-methods passed">
                      <a href="#" panel-name="suite-Web_Suite" class="hide-methods passed suite-Web_Suite"> (hide)</a> <!-- hide-methods passed suite-Web_Suite -->
                      <a href="#" panel-name="suite-Web_Suite" class="show-methods passed suite-Web_Suite"> (show)</a> <!-- show-methods passed suite-Web_Suite -->
                    </span>
                    <div class="method-list-content passed suite-Web_Suite">
                      <span>
                        <img width="3%" src="passed.png"/>
                        <a href="#" class="method navigator-link" panel-name="suite-Web_Suite" title="sanity.ODEMyAccountTest" hash-for-method="Test03_ODE_support">Test03_ODE_support</a> <!-- method navigator-link -->
                      </span>
                      <br/>
                    </div> <!-- method-list-content passed suite-Web_Suite -->
                  </li>
                </ul>
              </div> <!-- suite-section-content -->
            </div> <!-- result-section -->
          </div> <!-- navigator-suite-content -->
        </div> <!-- rounded-window -->
      </div> <!-- suite -->
    </div> <!-- navigator-root -->
    <div class="wrapper">
      <div class="main-panel-root">
        <div panel-name="suite-Web_Suite" class="panel Web_Suite">
          <div class="suite-Web_Suite-class-failed">
            <div class="main-panel-header rounded-window-top">
              <img src="failed.png"/>
              <span class="class-name">sanity.ODEMyAccountTest</span>
            </div> <!-- main-panel-header rounded-window-top -->
            <div class="main-panel-content rounded-window-bottom">
              <div class="method">
                <div class="method-content">
                  <a name="Test01_ODE_Enterprise">
                  </a> <!-- Test01_ODE_Enterprise -->
                  <span class="method-name">Test01_ODE_Enterprise</span>
                  <div class="stack-trace">org.openqa.selenium.StaleElementReferenceException: stale element reference: element is not attached to the page document
  (Session info: chrome=104.0.5112.101)
For documentation on this error, please visit: https://www.seleniumhq.org/exceptions/stale_element_reference.html
Build info: version: &apos;3.141.59&apos;, revision: &apos;e82be7d358&apos;, time: &apos;2018-11-14T08:17:03&apos;
System info: host: &apos;Ashwini-BodavulaB598-MacBook-Air.local&apos;, ip: &apos;192.168.29.9&apos;, os.name: &apos;Mac OS X&apos;, os.arch: &apos;x86_64&apos;, os.version: &apos;10.16&apos;, java.version: &apos;1.8.0_202&apos;
Driver info: org.openqa.selenium.chrome.ChromeDriver
Capabilities {acceptInsecureCerts: false, browserName: chrome, browserVersion: 104.0.5112.101, chrome: {chromedriverVersion: 104.0.5112.79 (3cf3e8c8a07d..., userDataDir: /var/folders/01/0ll7z60n7lb...}, goog:chromeOptions: {debuggerAddress: localhost:54514}, javascriptEnabled: true, networkConnectionEnabled: false, pageLoadStrategy: normal, platform: MAC, platformName: MAC, proxy: Proxy(), setWindowRect: true, strictFileInteractability: false, timeouts: {implicit: 0, pageLoad: 300000, script: 30000}, unhandledPromptBehavior: dismiss and notify, webauthn:extension:credBlob: true, webauthn:extension:largeBlob: true, webauthn:virtualAuthenticators: true}
Session ID: e7926d4ac290c1bacf4b4904e001a78d
	at org.openqa.selenium.remote.http.W3CHttpResponseCodec.createException(W3CHttpResponseCodec.java:187)
	at org.openqa.selenium.remote.http.W3CHttpResponseCodec.decode(W3CHttpResponseCodec.java:122)
	at org.openqa.selenium.remote.http.W3CHttpResponseCodec.decode(W3CHttpResponseCodec.java:49)
	at org.openqa.selenium.remote.HttpCommandExecutor.execute(HttpCommandExecutor.java:158)
	at org.openqa.selenium.remote.service.DriverCommandExecutor.execute(DriverCommandExecutor.java:83)
	at org.openqa.selenium.remote.RemoteWebDriver.execute(RemoteWebDriver.java:552)
	at org.openqa.selenium.remote.RemoteWebElement.execute(RemoteWebElement.java:285)
	at org.openqa.selenium.remote.RemoteWebElement.isDisplayed(RemoteWebElement.java:326)
	at org.openqa.selenium.support.pagefactory.internal.LocatingElementHandler.invoke(LocatingElementHandler.java:51)
	at com.sun.proxy.$Proxy13.isDisplayed(Unknown Source)
	at org.openqa.selenium.support.ui.ExpectedConditions.elementIfVisible(ExpectedConditions.java:314)
	at org.openqa.selenium.support.ui.ExpectedConditions.access$000(ExpectedConditions.java:43)
	at org.openqa.selenium.support.ui.ExpectedConditions$10.apply(ExpectedConditions.java:300)
	at org.openqa.selenium.support.ui.ExpectedConditions$10.apply(ExpectedConditions.java:297)
	at org.openqa.selenium.support.ui.FluentWait.until(FluentWait.java:249)
	at extensions.Verifications.verifyTextInElement(Verifications.java:19)
	at workflows.ODEflows.Enterprise_confirmed(ODEflows.java:296)
	at sanity.ODEMyAccountTest.Test01_ODE_Enterprise(ODEMyAccountTest.java:33)
	at java.util.ArrayList.forEach(ArrayList.java:1257)
... Removed 35 stack frames
</div> <!-- stack-trace -->
                  <em>
(Test01 - Verify ODE Enterprise confirmed)                  </em>
                </div> <!-- method-content -->
              </div> <!-- method -->
              <div class="method">
                <div class="method-content">
                  <a name="Test02_ODE_profile">
                  </a> <!-- Test02_ODE_profile -->
                  <span class="method-name">Test02_ODE_profile</span>
                  <div class="stack-trace">org.openqa.selenium.NoSuchElementException: no such element: Unable to locate element: {&quot;method&quot;:&quot;xpath&quot;,&quot;selector&quot;:&quot;//div[@class=&quot;MuiAlert-message&quot;]&quot;}
  (Session info: chrome=104.0.5112.101)
For documentation on this error, please visit: https://www.seleniumhq.org/exceptions/no_such_element.html
Build info: version: &apos;3.141.59&apos;, revision: &apos;e82be7d358&apos;, time: &apos;2018-11-14T08:17:03&apos;
System info: host: &apos;Ashwini-BodavulaB598-MacBook-Air.local&apos;, ip: &apos;192.168.29.9&apos;, os.name: &apos;Mac OS X&apos;, os.arch: &apos;x86_64&apos;, os.version: &apos;10.16&apos;, java.version: &apos;1.8.0_202&apos;
Driver info: org.openqa.selenium.chrome.ChromeDriver
Capabilities {acceptInsecureCerts: false, browserName: chrome, browserVersion: 104.0.5112.101, chrome: {chromedriverVersion: 104.0.5112.79 (3cf3e8c8a07d..., userDataDir: /var/folders/01/0ll7z60n7lb...}, goog:chromeOptions: {debuggerAddress: localhost:54751}, javascriptEnabled: true, networkConnectionEnabled: false, pageLoadStrategy: normal, platform: MAC, platformName: MAC, proxy: Proxy(), setWindowRect: true, strictFileInteractability: false, timeouts: {implicit: 0, pageLoad: 300000, script: 30000}, unhandledPromptBehavior: dismiss and notify, webauthn:extension:credBlob: true, webauthn:extension:largeBlob: true, webauthn:virtualAuthenticators: true}
Session ID: 1843b5e63e758f2e8dfab1480153cfce
*** Element info: {Using=xpath, value=//div[@class=&quot;MuiAlert-message&quot;]}
	at org.openqa.selenium.remote.http.W3CHttpResponseCodec.createException(W3CHttpResponseCodec.java:187)
	at org.openqa.selenium.remote.http.W3CHttpResponseCodec.decode(W3CHttpResponseCodec.java:122)
	at org.openqa.selenium.remote.http.W3CHttpResponseCodec.decode(W3CHttpResponseCodec.java:49)
	at org.openqa.selenium.remote.HttpCommandExecutor.execute(HttpCommandExecutor.java:158)
	at org.openqa.selenium.remote.service.DriverCommandExecutor.execute(DriverCommandExecutor.java:83)
	at org.openqa.selenium.remote.RemoteWebDriver.execute(RemoteWebDriver.java:552)
	at org.openqa.selenium.remote.RemoteWebDriver.findElement(RemoteWebDriver.java:323)
	at org.openqa.selenium.remote.RemoteWebDriver.findElementByXPath(RemoteWebDriver.java:428)
	at org.openqa.selenium.By$ByXPath.findElement(By.java:353)
	at org.openqa.selenium.remote.RemoteWebDriver.findElement(RemoteWebDriver.java:315)
	at org.openqa.selenium.support.pagefactory.DefaultElementLocator.findElement(DefaultElementLocator.java:69)
	at org.openqa.selenium.support.pagefactory.internal.LocatingElementHandler.invoke(LocatingElementHandler.java:38)
	at com.sun.proxy.$Proxy13.getText(Unknown Source)
	at workflows.ODEflows.ODE_profile(ODEflows.java:358)
	at sanity.ODEMyAccountTest.Test02_ODE_profile(ODEMyAccountTest.java:42)
	at java.util.ArrayList.forEach(ArrayList.java:1257)
... Removed 31 stack frames
</div> <!-- stack-trace -->
                  <em>
(Test02 - Verify ODE profile)                  </em>
                </div> <!-- method-content -->
              </div> <!-- method -->
              <div class="method">
                <div class="method-content">
                  <a name="Test04_OD_AddEmployee">
                  </a> <!-- Test04_OD_AddEmployee -->
                  <span class="method-name">Test04_OD_AddEmployee</span>
                  <div class="stack-trace">org.openqa.selenium.ElementClickInterceptedException: element click intercepted: Element &lt;div class=&quot;&quot; id=&quot;menu-toggle&quot;&gt;...&lt;/div&gt; is not clickable at point (1372, 52). Other element would receive the click: &lt;div class=&quot;MuiDialog-container MuiDialog-scrollPaper&quot; role=&quot;none presentation&quot; tabindex=&quot;-1&quot; style=&quot;opacity: 1; transition: opacity 225ms cubic-bezier(0.4, 0, 0.2, 1) 0ms;&quot;&gt;...&lt;/div&gt;
  (Session info: chrome=104.0.5112.101)
Build info: version: &apos;3.141.59&apos;, revision: &apos;e82be7d358&apos;, time: &apos;2018-11-14T08:17:03&apos;
System info: host: &apos;Ashwini-BodavulaB598-MacBook-Air.local&apos;, ip: &apos;192.168.29.9&apos;, os.name: &apos;Mac OS X&apos;, os.arch: &apos;x86_64&apos;, os.version: &apos;10.16&apos;, java.version: &apos;1.8.0_202&apos;
Driver info: org.openqa.selenium.chrome.ChromeDriver
Capabilities {acceptInsecureCerts: false, browserName: chrome, browserVersion: 104.0.5112.101, chrome: {chromedriverVersion: 104.0.5112.79 (3cf3e8c8a07d..., userDataDir: /var/folders/01/0ll7z60n7lb...}, goog:chromeOptions: {debuggerAddress: localhost:55199}, javascriptEnabled: true, networkConnectionEnabled: false, pageLoadStrategy: normal, platform: MAC, platformName: MAC, proxy: Proxy(), setWindowRect: true, strictFileInteractability: false, timeouts: {implicit: 0, pageLoad: 300000, script: 30000}, unhandledPromptBehavior: dismiss and notify, webauthn:extension:credBlob: true, webauthn:extension:largeBlob: true, webauthn:virtualAuthenticators: true}
Session ID: a0aeb9f5e7629ea6de14f3143e30d9d4
	at org.openqa.selenium.remote.http.W3CHttpResponseCodec.createException(W3CHttpResponseCodec.java:187)
	at org.openqa.selenium.remote.http.W3CHttpResponseCodec.decode(W3CHttpResponseCodec.java:122)
	at org.openqa.selenium.remote.http.W3CHttpResponseCodec.decode(W3CHttpResponseCodec.java:49)
	at org.openqa.selenium.remote.HttpCommandExecutor.execute(HttpCommandExecutor.java:158)
	at org.openqa.selenium.remote.service.DriverCommandExecutor.execute(DriverCommandExecutor.java:83)
	at org.openqa.selenium.remote.RemoteWebDriver.execute(RemoteWebDriver.java:552)
	at org.openqa.selenium.remote.RemoteWebElement.execute(RemoteWebElement.java:285)
	at org.openqa.selenium.remote.RemoteWebElement.click(RemoteWebElement.java:84)
	at org.openqa.selenium.support.pagefactory.internal.LocatingElementHandler.invoke(LocatingElementHandler.java:51)
	at com.sun.proxy.$Proxy13.click(Unknown Source)
	at extensions.UIActions.click(UIActions.java:23)
	at workflows.ODEflows.logoutODE(ODEflows.java:64)
	at sanity.ODEMyAccountTest.Test04_OD_AddEmployee(ODEMyAccountTest.java:61)
	at java.util.ArrayList.forEach(ArrayList.java:1257)
... Removed 35 stack frames
</div> <!-- stack-trace -->
                  <em>
(Test04 - Verify Add employee)                  </em>
                </div> <!-- method-content -->
              </div> <!-- method -->
              <div class="method">
                <div class="method-content">
                  <a name="Test05_ODE_searchEmployee">
                  </a> <!-- Test05_ODE_searchEmployee -->
                  <span class="method-name">Test05_ODE_searchEmployee</span>
                  <div class="stack-trace">org.openqa.selenium.TimeoutException: Expected condition failed: waiting for element to be clickable: Proxy element for: DefaultElementLocator &apos;By.xpath: //span[contains(text(), &apos;Employees&apos;)]&apos; (tried for 30 second(s) with 500 milliseconds interval)
	at org.openqa.selenium.support.ui.WebDriverWait.timeoutException(WebDriverWait.java:95)
	at org.openqa.selenium.support.ui.FluentWait.until(FluentWait.java:272)
	at extensions.UIActions.click(UIActions.java:22)
	at workflows.ODEflows.ODE_searchEmployee(ODEflows.java:396)
	at sanity.ODEMyAccountTest.Test05_ODE_searchEmployee(ODEMyAccountTest.java:69)
	at java.util.ArrayList.forEach(ArrayList.java:1257)
Caused by: org.openqa.selenium.NoSuchElementException: no such element: Unable to locate element: {&quot;method&quot;:&quot;xpath&quot;,&quot;selector&quot;:&quot;//span[contains(text(), &apos;Employees&apos;)]&quot;}
  (Session info: chrome=104.0.5112.101)
For documentation on this error, please visit: https://www.seleniumhq.org/exceptions/no_such_element.html
Build info: version: &apos;3.141.59&apos;, revision: &apos;e82be7d358&apos;, time: &apos;2018-11-14T08:17:03&apos;
System info: host: &apos;Ashwini-BodavulaB598-MacBook-Air.local&apos;, ip: &apos;192.168.29.9&apos;, os.name: &apos;Mac OS X&apos;, os.arch: &apos;x86_64&apos;, os.version: &apos;10.16&apos;, java.version: &apos;1.8.0_202&apos;
Driver info: org.openqa.selenium.chrome.ChromeDriver
Capabilities {acceptInsecureCerts: false, browserName: chrome, browserVersion: 104.0.5112.101, chrome: {chromedriverVersion: 104.0.5112.79 (3cf3e8c8a07d..., userDataDir: /var/folders/01/0ll7z60n7lb...}, goog:chromeOptions: {debuggerAddress: localhost:55429}, javascriptEnabled: true, networkConnectionEnabled: false, pageLoadStrategy: normal, platform: MAC, platformName: MAC, proxy: Proxy(), setWindowRect: true, strictFileInteractability: false, timeouts: {implicit: 0, pageLoad: 300000, script: 30000}, unhandledPromptBehavior: dismiss and notify, webauthn:extension:credBlob: true, webauthn:extension:largeBlob: true, webauthn:virtualAuthenticators: true}
Session ID: d3945e027f181e6a6c1dbf746a9bd703
*** Element info: {Using=xpath, value=//span[contains(text(), &apos;Employees&apos;)]}
	at org.openqa.selenium.remote.http.W3CHttpResponseCodec.createException(W3CHttpResponseCodec.java:187)
	at org.openqa.selenium.remote.http.W3CHttpResponseCodec.decode(W3CHttpResponseCodec.java:122)
	at org.openqa.selenium.remote.http.W3CHttpResponseCodec.decode(W3CHttpResponseCodec.java:49)
	at org.openqa.selenium.remote.HttpCommandExecutor.execute(HttpCommandExecutor.java:158)
	at org.openqa.selenium.remote.service.DriverCommandExecutor.execute(DriverCommandExecutor.java:83)
	at org.openqa.selenium.remote.RemoteWebDriver.execute(RemoteWebDriver.java:552)
	at org.openqa.selenium.remote.RemoteWebDriver.findElement(RemoteWebDriver.java:323)
	at org.openqa.selenium.remote.RemoteWebDriver.findElementByXPath(RemoteWebDriver.java:428)
	at org.openqa.selenium.By$ByXPath.findElement(By.java:353)
	at org.openqa.selenium.remote.RemoteWebDriver.findElement(RemoteWebDriver.java:315)
	at org.openqa.selenium.support.pagefactory.DefaultElementLocator.findElement(DefaultElementLocator.java:69)
	at org.openqa.selenium.support.pagefactory.internal.LocatingElementHandler.invoke(LocatingElementHandler.java:38)
	at com.sun.proxy.$Proxy13.isDisplayed(Unknown Source)
	at org.openqa.selenium.support.ui.ExpectedConditions.elementIfVisible(ExpectedConditions.java:314)
	at org.openqa.selenium.support.ui.ExpectedConditions.access$000(ExpectedConditions.java:43)
	at org.openqa.selenium.support.ui.ExpectedConditions$10.apply(ExpectedConditions.java:300)
	at org.openqa.selenium.support.ui.ExpectedConditions$10.apply(ExpectedConditions.java:297)
	at org.openqa.selenium.support.ui.ExpectedConditions$23.apply(ExpectedConditions.java:670)
	at org.openqa.selenium.support.ui.ExpectedConditions$23.apply(ExpectedConditions.java:666)
	at org.openqa.selenium.support.ui.FluentWait.until(FluentWait.java:249)
	... 31 more
... Removed 31 stack frames
</div> <!-- stack-trace -->
                  <em>
(Test05 - Verify search employee)                  </em>
                </div> <!-- method-content -->
              </div> <!-- method -->
              <div class="method">
                <div class="method-content">
                  <a name="Test06_ODE_edit">
                  </a> <!-- Test06_ODE_edit -->
                  <span class="method-name">Test06_ODE_edit</span>
                  <div class="stack-trace">org.openqa.selenium.ElementClickInterceptedException: element click intercepted: Element &lt;div class=&quot;&quot; id=&quot;menu-toggle&quot;&gt;...&lt;/div&gt; is not clickable at point (1372, 52). Other element would receive the click: &lt;div class=&quot;MuiAlert-action&quot;&gt;...&lt;/div&gt;
  (Session info: chrome=104.0.5112.101)
Build info: version: &apos;3.141.59&apos;, revision: &apos;e82be7d358&apos;, time: &apos;2018-11-14T08:17:03&apos;
System info: host: &apos;Ashwini-BodavulaB598-MacBook-Air.local&apos;, ip: &apos;192.168.29.9&apos;, os.name: &apos;Mac OS X&apos;, os.arch: &apos;x86_64&apos;, os.version: &apos;10.16&apos;, java.version: &apos;1.8.0_202&apos;
Driver info: org.openqa.selenium.chrome.ChromeDriver
Capabilities {acceptInsecureCerts: false, browserName: chrome, browserVersion: 104.0.5112.101, chrome: {chromedriverVersion: 104.0.5112.79 (3cf3e8c8a07d..., userDataDir: /var/folders/01/0ll7z60n7lb...}, goog:chromeOptions: {debuggerAddress: localhost:55839}, javascriptEnabled: true, networkConnectionEnabled: false, pageLoadStrategy: normal, platform: MAC, platformName: MAC, proxy: Proxy(), setWindowRect: true, strictFileInteractability: false, timeouts: {implicit: 0, pageLoad: 300000, script: 30000}, unhandledPromptBehavior: dismiss and notify, webauthn:extension:credBlob: true, webauthn:extension:largeBlob: true, webauthn:virtualAuthenticators: true}
Session ID: e47c2e8d015ad06329fd8a628ea8987d
	at org.openqa.selenium.remote.http.W3CHttpResponseCodec.createException(W3CHttpResponseCodec.java:187)
	at org.openqa.selenium.remote.http.W3CHttpResponseCodec.decode(W3CHttpResponseCodec.java:122)
	at org.openqa.selenium.remote.http.W3CHttpResponseCodec.decode(W3CHttpResponseCodec.java:49)
	at org.openqa.selenium.remote.HttpCommandExecutor.execute(HttpCommandExecutor.java:158)
	at org.openqa.selenium.remote.service.DriverCommandExecutor.execute(DriverCommandExecutor.java:83)
	at org.openqa.selenium.remote.RemoteWebDriver.execute(RemoteWebDriver.java:552)
	at org.openqa.selenium.remote.RemoteWebElement.execute(RemoteWebElement.java:285)
	at org.openqa.selenium.remote.RemoteWebElement.click(RemoteWebElement.java:84)
	at org.openqa.selenium.support.pagefactory.internal.LocatingElementHandler.invoke(LocatingElementHandler.java:51)
	at com.sun.proxy.$Proxy13.click(Unknown Source)
	at extensions.UIActions.click(UIActions.java:23)
	at workflows.ODEflows.logoutODE(ODEflows.java:64)
	at sanity.ODEMyAccountTest.Test06_ODE_edit(ODEMyAccountTest.java:79)
	at java.util.ArrayList.forEach(ArrayList.java:1257)
... Removed 34 stack frames
</div> <!-- stack-trace -->
                  <em>
(Test06 - Verify update employee)                  </em>
                </div> <!-- method-content -->
              </div> <!-- method -->
            </div> <!-- main-panel-content rounded-window-bottom -->
          </div> <!-- suite-Web_Suite-class-failed -->
          <div class="suite-Web_Suite-class-passed">
            <div class="main-panel-header rounded-window-top">
              <img src="passed.png"/>
              <span class="class-name">sanity.ODEMyAccountTest</span>
            </div> <!-- main-panel-header rounded-window-top -->
            <div class="main-panel-content rounded-window-bottom">
              <div class="method">
                <div class="method-content">
                  <a name="Test03_ODE_support">
                  </a> <!-- Test03_ODE_support -->
                  <span class="method-name">Test03_ODE_support</span>
                  <em>
(Test03 - Verify ODE support)                  </em>
                </div> <!-- method-content -->
              </div> <!-- method -->
            </div> <!-- main-panel-content rounded-window-bottom -->
          </div> <!-- suite-Web_Suite-class-passed -->
        </div> <!-- panel Web_Suite -->
        <div panel-name="test-xml-Web_Suite" class="panel">
          <div class="main-panel-header rounded-window-top">
            <span class="header-content">/Users/ashwinibodavula/Downloads/WeWork-newbranch/TestngODED.xml</span>
          </div> <!-- main-panel-header rounded-window-top -->
          <div class="main-panel-content rounded-window-bottom">
            <pre>
&lt;?xml version=&quot;1.0&quot; encoding=&quot;UTF-8&quot;?&gt;
&lt;!DOCTYPE suite SYSTEM &quot;https://testng.org/testng-1.0.dtd&quot;&gt;
&lt;suite guice-stage=&quot;DEVELOPMENT&quot; name=&quot;Web Suite&quot;&gt;
  &lt;test thread-count=&quot;5&quot; name=&quot;Web Tests&quot;&gt;
    &lt;parameter name=&quot;browser&quot; value=&quot;Chrome&quot;/&gt;
    &lt;parameter name=&quot;platformName&quot; value=&quot;web&quot;/&gt;
    &lt;parameter name=&quot;URL&quot; value=&quot;ODED&quot;/&gt;
    &lt;classes&gt;
      &lt;class name=&quot;sanity.ODEMyAccountTest&quot;/&gt;
    &lt;/classes&gt;
  &lt;/test&gt; &lt;!-- Web Tests --&gt;
&lt;/suite&gt; &lt;!-- Web Suite --&gt;
            </pre>
          </div> <!-- main-panel-content rounded-window-bottom -->
        </div> <!-- panel -->
        <div panel-name="testlist-Web_Suite" class="panel">
          <div class="main-panel-header rounded-window-top">
            <span class="header-content">Tests for Web Suite</span>
          </div> <!-- main-panel-header rounded-window-top -->
          <div class="main-panel-content rounded-window-bottom">
            <ul>
              <li>
                <span class="test-name">Web Tests (1 class)</span>
              </li>
            </ul>
          </div> <!-- main-panel-content rounded-window-bottom -->
        </div> <!-- panel -->
        <div panel-name="group-Web_Suite" class="panel">
          <div class="main-panel-header rounded-window-top">
            <span class="header-content">Groups for Web Suite</span>
          </div> <!-- main-panel-header rounded-window-top -->
          <div class="main-panel-content rounded-window-bottom">
          </div> <!-- main-panel-content rounded-window-bottom -->
        </div> <!-- panel -->
        <div panel-name="times-Web_Suite" class="panel">
          <div class="main-panel-header rounded-window-top">
            <span class="header-content">Times for Web Suite</span>
          </div> <!-- main-panel-header rounded-window-top -->
          <div class="main-panel-content rounded-window-bottom">
            <div class="times-div">
              <script type="text/javascript">
suiteTableInitFunctions.push('tableData_Web_Suite');
function tableData_Web_Suite() {
var data = new google.visualization.DataTable();
data.addColumn('number', 'Number');
data.addColumn('string', 'Method');
data.addColumn('string', 'Class');
data.addColumn('number', 'Time (ms)');
data.addRows(6);
data.setCell(0, 0, 0)
data.setCell(0, 1, 'Test05_ODE_searchEmployee')
data.setCell(0, 2, 'sanity.ODEMyAccountTest')
data.setCell(0, 3, 79378);
data.setCell(1, 0, 1)
data.setCell(1, 1, 'Test06_ODE_edit')
data.setCell(1, 2, 'sanity.ODEMyAccountTest')
data.setCell(1, 3, 41776);
data.setCell(2, 0, 2)
data.setCell(2, 1, 'Test01_ODE_Enterprise')
data.setCell(2, 2, 'sanity.ODEMyAccountTest')
data.setCell(2, 3, 35835);
data.setCell(3, 0, 3)
data.setCell(3, 1, 'Test04_OD_AddEmployee')
data.setCell(3, 2, 'sanity.ODEMyAccountTest')
data.setCell(3, 3, 35163);
data.setCell(4, 0, 4)
data.setCell(4, 1, 'Test03_ODE_support')
data.setCell(4, 2, 'sanity.ODEMyAccountTest')
data.setCell(4, 3, 34433);
data.setCell(5, 0, 5)
data.setCell(5, 1, 'Test02_ODE_profile')
data.setCell(5, 2, 'sanity.ODEMyAccountTest')
data.setCell(5, 3, 32775);
window.suiteTableData['Web_Suite']= { tableData: data, tableDiv: 'times-div-Web_Suite'}
return data;
}
              </script>
              <span class="suite-total-time">Total running time: 4 minutes</span>
              <div id="times-div-Web_Suite">
              </div> <!-- times-div-Web_Suite -->
            </div> <!-- times-div -->
          </div> <!-- main-panel-content rounded-window-bottom -->
        </div> <!-- panel -->
        <div panel-name="reporter-Web_Suite" class="panel">
          <div class="main-panel-header rounded-window-top">
            <span class="header-content">Reporter output for Web Suite</span>
          </div> <!-- main-panel-header rounded-window-top -->
          <div class="main-panel-content rounded-window-bottom">
          </div> <!-- main-panel-content rounded-window-bottom -->
        </div> <!-- panel -->
        <div panel-name="ignored-methods-Web_Suite" class="panel">
          <div class="main-panel-header rounded-window-top">
            <span class="header-content">0 ignored methods</span>
          </div> <!-- main-panel-header rounded-window-top -->
          <div class="main-panel-content rounded-window-bottom">
          </div> <!-- main-panel-content rounded-window-bottom -->
        </div> <!-- panel -->
        <div panel-name="chronological-Web_Suite" class="panel">
          <div class="main-panel-header rounded-window-top">
            <span class="header-content">Methods in chronological order</span>
          </div> <!-- main-panel-header rounded-window-top -->
          <div class="main-panel-content rounded-window-bottom">
            <div class="chronological-class">
              <div class="chronological-class-name">sanity.ODEMyAccountTest</div> <!-- chronological-class-name -->
              <div class="configuration-method before">
                <span class="method-name">startSession(web, Chrome, ODED)</span>
                <span class="method-start">0 ms</span>
              </div> <!-- configuration-method before -->
              <div class="test-method">
                <img src="failed.png">
                </img>
                <span class="method-name">Test01_ODE_Enterprise</span>
                <span class="method-start">11218 ms</span>
              </div> <!-- test-method -->
              <div class="configuration-method after">
                <span class="method-name">afterMethod</span>
                <span class="method-start">47087 ms</span>
              </div> <!-- configuration-method after -->
              <div class="configuration-method before">
                <span class="method-name">startSession(web, Chrome, ODED)</span>
                <span class="method-start">47242 ms</span>
              </div> <!-- configuration-method before -->
              <div class="test-method">
                <img src="failed.png">
                </img>
                <span class="method-name">Test02_ODE_profile</span>
                <span class="method-start">56821 ms</span>
              </div> <!-- test-method -->
              <div class="configuration-method after">
                <span class="method-name">afterMethod</span>
                <span class="method-start">89627 ms</span>
              </div> <!-- configuration-method after -->
              <div class="configuration-method before">
                <span class="method-name">startSession(web, Chrome, ODED)</span>
                <span class="method-start">89776 ms</span>
              </div> <!-- configuration-method before -->
              <div class="test-method">
                <span class="method-name">Test03_ODE_support</span>
                <span class="method-start">99423 ms</span>
              </div> <!-- test-method -->
              <div class="configuration-method after">
                <span class="method-name">afterMethod</span>
                <span class="method-start">133873 ms</span>
              </div> <!-- configuration-method after -->
              <div class="configuration-method before">
                <span class="method-name">startSession(web, Chrome, ODED)</span>
                <span class="method-start">134007 ms</span>
              </div> <!-- configuration-method before -->
              <div class="test-method">
                <img src="failed.png">
                </img>
                <span class="method-name">Test04_OD_AddEmployee</span>
                <span class="method-start">144132 ms</span>
              </div> <!-- test-method -->
              <div class="configuration-method after">
                <span class="method-name">afterMethod</span>
                <span class="method-start">179322 ms</span>
              </div> <!-- configuration-method after -->
              <div class="configuration-method before">
                <span class="method-name">startSession(web, Chrome, ODED)</span>
                <span class="method-start">179458 ms</span>
              </div> <!-- configuration-method before -->
              <div class="test-method">
                <img src="failed.png">
                </img>
                <span class="method-name">Test05_ODE_searchEmployee</span>
                <span class="method-start">189428 ms</span>
              </div> <!-- test-method -->
              <div class="configuration-method after">
                <span class="method-name">afterMethod</span>
                <span class="method-start">268827 ms</span>
              </div> <!-- configuration-method after -->
              <div class="configuration-method before">
                <span class="method-name">startSession(web, Chrome, ODED)</span>
                <span class="method-start">268996 ms</span>
              </div> <!-- configuration-method before -->
              <div class="test-method">
                <img src="failed.png">
                </img>
                <span class="method-name">Test06_ODE_edit</span>
                <span class="method-start">278360 ms</span>
              </div> <!-- test-method -->
              <div class="configuration-method after">
                <span class="method-name">afterMethod</span>
                <span class="method-start">320152 ms</span>
              </div> <!-- configuration-method after -->
              <div class="configuration-class after">
                <span class="method-name">closeSession</span>
                <span class="method-start">320298 ms</span>
              </div> <!-- configuration-class after -->
          </div> <!-- main-panel-content rounded-window-bottom -->
        </div> <!-- panel -->
      </div> <!-- main-panel-root -->
    </div> <!-- wrapper -->
  </body>
<script type="text/javascript" src="testng-reports2.js"></script>
</html>
